TN:
SF:lib/helper/content-type.js
FN:56,format
FN:96,parse
FN:167,getcontenttype
FN:193,qstring
FN:212,ContentType
FNDA:8,format
FNDA:1778,parse
FNDA:0,getcontenttype
FNDA:8,qstring
FNDA:1705,ContentType
FNF:5
FNH:4
BRDA:1,0,0,348
BRDA:56,1,0,6
BRDA:57,2,0,0
BRDA:64,3,0,0
BRDA:75,4,0,8
BRDA:78,5,0,0
BRDA:96,6,0,1778
BRDA:97,7,0,40
BRDA:99,8,0,678
BRDA:104,9,0,708
BRDA:108,10,0,708
BRDA:112,11,0,53
BRDA:113,12,0,655
BRDA:115,13,0,3
BRDA:117,14,0,705
BRDA:122,15,0,52
BRDA:129,16,0,55
BRDA:138,17,0,3
BRDA:143,18,0,1
BRDA:154,19,0,705
BRDA:97,20,0,30
BRDA:103,21,0,0
BRDA:106,22,0,0
BRDA:193,23,0,8
BRDA:199,24,0,0
BRDA:201,25,0,0
BRDA:212,26,0,1705
BRF:27
BRH:20
DA:1,348
DA:2,348
DA:3,348
DA:4,348
DA:5,348
DA:6,348
DA:7,348
DA:8,348
DA:9,348
DA:10,348
DA:11,348
DA:12,348
DA:13,348
DA:14,348
DA:15,348
DA:16,348
DA:17,348
DA:18,348
DA:19,348
DA:20,348
DA:21,348
DA:22,348
DA:23,348
DA:24,348
DA:25,348
DA:26,348
DA:27,348
DA:28,348
DA:29,348
DA:30,348
DA:31,348
DA:32,348
DA:33,348
DA:34,348
DA:35,348
DA:36,348
DA:37,348
DA:38,348
DA:39,348
DA:40,348
DA:41,348
DA:42,348
DA:43,348
DA:44,348
DA:45,348
DA:46,348
DA:47,348
DA:48,348
DA:49,348
DA:50,348
DA:51,348
DA:52,348
DA:53,348
DA:54,348
DA:55,348
DA:56,348
DA:57,6
DA:58,0
DA:59,0
DA:60,6
DA:61,6
DA:62,6
DA:63,6
DA:64,6
DA:65,0
DA:66,0
DA:67,6
DA:68,6
DA:69,6
DA:70,6
DA:71,6
DA:72,6
DA:73,6
DA:74,6
DA:75,6
DA:76,8
DA:77,8
DA:78,8
DA:79,0
DA:80,0
DA:81,8
DA:82,8
DA:83,8
DA:84,6
DA:85,6
DA:86,6
DA:87,6
DA:88,348
DA:89,348
DA:90,348
DA:91,348
DA:92,348
DA:93,348
DA:94,348
DA:95,348
DA:96,348
DA:97,1778
DA:98,30
DA:99,30
DA:100,30
DA:101,30
DA:102,30
DA:103,1778
DA:104,1778
DA:105,1778
DA:106,1778
DA:107,0
DA:108,0
DA:109,708
DA:110,708
DA:111,708
DA:112,1778
DA:113,1778
DA:114,1778
DA:115,1778
DA:116,3
DA:117,3
DA:118,705
DA:119,705
DA:120,705
DA:121,705
DA:122,1778
DA:123,52
DA:124,52
DA:125,52
DA:126,52
DA:127,52
DA:128,52
DA:129,52
DA:130,55
DA:131,55
DA:132,55
DA:133,55
DA:134,55
DA:135,55
DA:136,55
DA:137,55
DA:138,55
DA:139,3
DA:140,3
DA:141,3
DA:142,3
DA:143,3
DA:144,1
DA:145,1
DA:146,3
DA:147,55
DA:148,55
DA:149,55
DA:150,52
DA:151,52
DA:152,52
DA:153,52
DA:154,52
DA:155,705
DA:156,705
DA:157,1778
DA:158,348
DA:159,348
DA:160,348
DA:161,348
DA:162,348
DA:163,348
DA:164,348
DA:165,348
DA:166,348
DA:167,0
DA:168,0
DA:169,0
DA:170,0
DA:171,0
DA:172,0
DA:173,0
DA:174,0
DA:175,0
DA:176,0
DA:177,0
DA:178,0
DA:179,0
DA:180,0
DA:181,0
DA:182,0
DA:183,0
DA:184,348
DA:185,348
DA:186,348
DA:187,348
DA:188,348
DA:189,348
DA:190,348
DA:191,348
DA:192,348
DA:193,8
DA:194,8
DA:195,8
DA:196,8
DA:197,8
DA:198,8
DA:199,8
DA:200,0
DA:201,8
DA:202,0
DA:203,0
DA:204,0
DA:205,0
DA:206,8
DA:207,348
DA:208,348
DA:209,348
DA:210,348
DA:211,348
DA:212,1705
DA:213,1705
DA:214,1705
DA:215,1705
DA:216,348
LH:186
LF:216
end_of_record
SF:lib/helper/whatwg-fetch.js
FN:108,forbiddenRequestHeader
FN:177,isXMLHttpRequestBodyInit
FN:197,isBodyInit
FN:273,safelyExtractBodyWithType
FN:490,isFormDataLike
FN:125,anonymous_5
FN:363,escape
FN:367,normalizeLinefeeds
FN:410,action
FNDA:2310,forbiddenRequestHeader
FNDA:0,isXMLHttpRequestBodyInit
FNDA:0,isBodyInit
FNDA:123,safelyExtractBodyWithType
FNDA:54,isFormDataLike
FNDA:192,anonymous_5
FNDA:0,escape
FNDA:0,normalizeLinefeeds
FNDA:0,action
FNF:9
FNH:4
BRDA:1,0,0,348
BRDA:108,1,0,2310
BRDA:115,2,0,17
BRDA:115,3,0,1480
BRDA:118,4,0,1477
BRDA:119,5,0,5
BRDA:119,6,0,1475
BRDA:122,7,0,144
BRDA:129,8,0,138
BRDA:131,9,0,1475
BRDA:111,10,0,0
BRDA:273,11,0,123
BRDA:285,12,0,17
BRDA:287,13,0,60
BRDA:309,14,0,17
BRDA:320,15,0,4
BRDA:320,16,0,13
BRDA:323,17,0,60
BRDA:327,18,0,57
BRDA:329,19,0,54
BRDA:330,20,0,54
BRDA:331,21,0,54
BRDA:332,22,0,54
BRDA:333,23,0,54
BRDA:334,24,0,54
BRDA:335,25,0,54
BRDA:336,26,0,54
BRDA:337,27,0,54
BRDA:338,28,0,54
BRDA:341,29,0,6
BRDA:347,30,0,3
BRDA:354,31,0,54
BRDA:430,32,0,4
BRDA:440,33,0,50
BRDA:279,34,0,0
BRDA:469,35,0,0
BRDA:490,36,0,54
BRDA:492,37,0,53
BRDA:494,38,0,5
BRDA:495,39,0,4
BRDA:496,40,0,4
BRDA:497,41,0,4
BRDA:498,42,0,4
BRDA:499,43,0,4
BRDA:500,44,0,4
BRDA:125,45,0,192
BRF:46
BRH:43
DA:1,348
DA:2,348
DA:3,348
DA:4,348
DA:5,348
DA:6,348
DA:7,348
DA:8,348
DA:9,348
DA:10,348
DA:11,348
DA:12,348
DA:13,348
DA:14,348
DA:15,348
DA:16,348
DA:17,348
DA:18,348
DA:19,348
DA:20,348
DA:21,348
DA:22,348
DA:23,348
DA:24,348
DA:25,348
DA:26,348
DA:27,348
DA:28,348
DA:29,348
DA:30,348
DA:31,348
DA:32,348
DA:33,348
DA:34,348
DA:35,348
DA:36,348
DA:37,348
DA:38,348
DA:39,348
DA:40,348
DA:41,348
DA:42,348
DA:43,348
DA:44,348
DA:45,348
DA:46,348
DA:47,348
DA:48,348
DA:49,348
DA:50,348
DA:51,348
DA:52,348
DA:53,348
DA:54,348
DA:55,348
DA:56,348
DA:57,348
DA:58,348
DA:59,348
DA:60,348
DA:61,348
DA:62,348
DA:63,348
DA:64,348
DA:65,348
DA:66,348
DA:67,348
DA:68,348
DA:69,348
DA:70,348
DA:71,348
DA:72,348
DA:73,348
DA:74,348
DA:75,348
DA:76,348
DA:77,348
DA:78,348
DA:79,348
DA:80,348
DA:81,348
DA:82,348
DA:83,348
DA:84,348
DA:85,348
DA:86,348
DA:87,348
DA:88,348
DA:89,348
DA:90,348
DA:91,348
DA:92,348
DA:93,348
DA:94,348
DA:95,348
DA:96,348
DA:97,348
DA:98,348
DA:99,348
DA:100,348
DA:101,348
DA:102,348
DA:103,348
DA:104,348
DA:105,348
DA:106,348
DA:107,348
DA:108,348
DA:109,2310
DA:110,2310
DA:111,2310
DA:112,2310
DA:113,2310
DA:114,2310
DA:115,2310
DA:116,1480
DA:117,1480
DA:118,2310
DA:119,2310
DA:120,1475
DA:121,1475
DA:122,2310
DA:123,144
DA:124,144
DA:125,144
DA:126,144
DA:127,144
DA:128,144
DA:129,144
DA:130,138
DA:131,144
DA:132,1475
DA:133,348
DA:134,348
DA:135,348
DA:136,348
DA:137,348
DA:138,348
DA:139,348
DA:140,348
DA:141,348
DA:142,348
DA:143,348
DA:144,348
DA:145,348
DA:146,348
DA:147,348
DA:148,348
DA:149,348
DA:150,348
DA:151,348
DA:152,348
DA:153,348
DA:154,348
DA:155,348
DA:156,348
DA:157,348
DA:158,348
DA:159,348
DA:160,348
DA:161,348
DA:162,348
DA:163,348
DA:164,348
DA:165,348
DA:166,348
DA:167,348
DA:168,348
DA:169,348
DA:170,348
DA:171,348
DA:172,348
DA:173,348
DA:174,348
DA:175,348
DA:176,348
DA:177,0
DA:178,0
DA:179,0
DA:180,0
DA:181,0
DA:182,0
DA:183,0
DA:184,0
DA:185,0
DA:186,0
DA:187,0
DA:188,0
DA:189,0
DA:190,348
DA:191,348
DA:192,348
DA:193,348
DA:194,348
DA:195,348
DA:196,348
DA:197,0
DA:198,0
DA:199,0
DA:200,0
DA:201,0
DA:202,348
DA:203,348
DA:204,348
DA:205,348
DA:206,348
DA:207,348
DA:208,348
DA:209,348
DA:210,348
DA:211,348
DA:212,348
DA:213,348
DA:214,348
DA:215,348
DA:216,348
DA:217,348
DA:218,348
DA:219,348
DA:220,348
DA:221,348
DA:222,348
DA:223,348
DA:224,348
DA:225,348
DA:226,348
DA:227,348
DA:228,348
DA:229,348
DA:230,348
DA:231,348
DA:232,348
DA:233,348
DA:234,348
DA:235,348
DA:236,348
DA:237,348
DA:238,348
DA:239,348
DA:240,348
DA:241,348
DA:242,348
DA:243,348
DA:244,348
DA:245,348
DA:246,348
DA:247,348
DA:248,348
DA:249,348
DA:250,348
DA:251,348
DA:252,348
DA:253,348
DA:254,348
DA:255,348
DA:256,348
DA:257,348
DA:258,348
DA:259,348
DA:260,348
DA:261,348
DA:262,348
DA:263,348
DA:264,348
DA:265,348
DA:266,348
DA:267,348
DA:268,348
DA:269,348
DA:270,348
DA:271,348
DA:272,348
DA:273,348
DA:274,123
DA:275,123
DA:276,123
DA:277,123
DA:278,123
DA:279,123
DA:280,0
DA:281,0
DA:282,123
DA:283,123
DA:284,123
DA:285,123
DA:286,17
DA:287,17
DA:288,60
DA:289,60
DA:290,60
DA:291,60
DA:292,60
DA:293,123
DA:294,123
DA:295,123
DA:296,123
DA:297,123
DA:298,123
DA:299,123
DA:300,123
DA:301,123
DA:302,123
DA:303,123
DA:304,123
DA:305,123
DA:306,123
DA:307,123
DA:308,123
DA:309,123
DA:310,17
DA:311,17
DA:312,17
DA:313,17
DA:314,17
DA:315,17
DA:316,17
DA:317,17
DA:318,17
DA:319,17
DA:320,17
DA:321,17
DA:322,17
DA:323,17
DA:324,60
DA:325,60
DA:326,60
DA:327,60
DA:328,57
DA:329,60
DA:330,60
DA:331,60
DA:332,60
DA:333,60
DA:334,60
DA:335,60
DA:336,60
DA:337,60
DA:338,60
DA:339,54
DA:340,54
DA:341,60
DA:342,6
DA:343,6
DA:344,6
DA:345,6
DA:346,6
DA:347,6
DA:348,3
DA:349,3
DA:350,6
DA:351,6
DA:352,6
DA:353,6
DA:354,6
DA:355,54
DA:356,54
DA:357,54
DA:358,54
DA:359,54
DA:360,54
DA:361,54
DA:362,54
DA:363,54
DA:364,0
DA:365,0
DA:366,54
DA:367,54
DA:368,0
DA:369,0
DA:370,54
DA:371,54
DA:372,54
DA:373,54
DA:374,54
DA:375,54
DA:376,54
DA:377,54
DA:378,54
DA:379,54
DA:380,54
DA:381,54
DA:382,54
DA:383,54
DA:384,54
DA:385,54
DA:386,54
DA:387,54
DA:388,54
DA:389,54
DA:390,54
DA:391,54
DA:392,54
DA:393,54
DA:394,54
DA:395,54
DA:396,54
DA:397,54
DA:398,54
DA:399,54
DA:400,54
DA:401,54
DA:402,54
DA:403,54
DA:404,54
DA:405,54
DA:406,54
DA:407,54
DA:408,54
DA:409,54
DA:410,54
DA:411,0
DA:412,0
DA:413,0
DA:414,0
DA:415,0
DA:416,0
DA:417,0
DA:418,0
DA:419,54
DA:420,54
DA:421,54
DA:422,54
DA:423,54
DA:424,54
DA:425,54
DA:426,54
DA:427,54
DA:428,54
DA:429,54
DA:430,54
DA:431,4
DA:432,4
DA:433,4
DA:434,4
DA:435,4
DA:436,4
DA:437,4
DA:438,4
DA:439,4
DA:440,4
DA:441,50
DA:442,50
DA:443,50
DA:444,50
DA:445,50
DA:446,50
DA:447,50
DA:448,50
DA:449,50
DA:450,50
DA:451,50
DA:452,50
DA:453,50
DA:454,50
DA:455,50
DA:456,50
DA:457,50
DA:458,50
DA:459,50
DA:460,50
DA:461,50
DA:462,50
DA:463,123
DA:464,123
DA:465,123
DA:466,123
DA:467,123
DA:468,123
DA:469,123
DA:470,0
DA:471,0
DA:472,123
DA:473,123
DA:474,123
DA:475,123
DA:476,123
DA:477,123
DA:478,123
DA:479,123
DA:480,123
DA:481,123
DA:482,123
DA:483,348
DA:484,348
DA:485,348
DA:486,348
DA:487,348
DA:488,348
DA:489,348
DA:490,54
DA:491,54
DA:492,54
DA:493,53
DA:494,54
DA:495,54
DA:496,54
DA:497,54
DA:498,54
DA:499,54
DA:500,54
DA:501,4
DA:502,4
DA:503,54
DA:504,54
LH:470
LF:504
end_of_record
SF:lib/helper/whatwg-misc.js
FN:72,dataURLProcessor
FN:173,urlSerializer
FN:196,collectASequenceOfCodePoints
FN:223,collectASequenceOfCodePointsFast
FN:244,stringPercentDecode
FN:263,percentDecode
FN:320,parseMIMEType
FN:487,forgivingBase64
FN:533,collectAnHTTPQuotedString
FN:614,serializeAMimeType
FN:670,isomorphicDecode
FN:681,isValidHTTPToken
FN:695,isTokenChar
FN:388,anonymous_13
FN:397,anonymous_14
FN:675,anonymous_15
FNDA:13,dataURLProcessor
FNDA:13,urlSerializer
FNDA:36,collectASequenceOfCodePoints
FNDA:49,collectASequenceOfCodePointsFast
FNDA:12,stringPercentDecode
FNDA:162,percentDecode
FNDA:17,parseMIMEType
FNDA:13,forgivingBase64
FNDA:0,collectAnHTTPQuotedString
FNDA:13,serializeAMimeType
FNDA:2,isomorphicDecode
FNDA:27,isValidHTTPToken
FNDA:27,isTokenChar
FNDA:4,anonymous_13
FNDA:32,anonymous_14
FNDA:0,anonymous_15
FNF:16
FNH:14
BRDA:1,0,0,348
BRDA:72,1,0,13
BRDA:107,2,0,1
BRDA:107,3,0,11
BRDA:121,4,0,1
BRDA:140,5,0,11
BRDA:144,6,0,11
BRDA:152,7,0,1
BRDA:152,8,0,11
BRDA:144,9,0,0
BRDA:173,10,0,13
BRDA:176,11,0,0
BRDA:180,12,0,0
BRDA:196,13,0,8
BRDA:203,14,0,36
BRDA:203,15,0,28
BRDA:223,16,0,49
BRDA:228,17,0,20
BRDA:231,18,0,28
BRDA:244,19,0,12
BRDA:263,20,0,12
BRDA:269,21,0,162
BRDA:273,22,0,20
BRDA:275,23,0,1
BRDA:320,24,0,17
BRDA:341,25,0,16
BRDA:342,26,0,2
BRDA:342,27,0,15
BRDA:347,28,0,0
BRDA:347,29,0,15
BRDA:366,30,0,13
BRDA:367,31,0,2
BRDA:367,32,0,13
BRDA:380,33,0,4
BRDA:411,34,0,0
BRDA:419,35,0,0
BRDA:426,36,0,0
BRDA:458,37,0,0
BRDA:475,38,0,13
BRDA:487,39,0,2
BRDA:518,40,0,13
BRDA:511,41,0,0
BRDA:614,42,0,13
BRDA:625,43,0,4
BRDA:638,44,0,0
BRDA:670,45,0,2
BRDA:673,46,0,0
BRDA:681,47,0,4
BRDA:684,48,0,0
BRDA:686,49,0,27
BRDA:689,50,0,0
BRDA:695,51,0,27
BRDA:388,52,0,4
BRDA:397,53,0,32
BRF:54
BRH:41
DA:1,348
DA:2,348
DA:3,348
DA:4,348
DA:5,348
DA:6,348
DA:7,348
DA:8,348
DA:9,348
DA:10,348
DA:11,348
DA:12,348
DA:13,348
DA:14,348
DA:15,348
DA:16,348
DA:17,348
DA:18,348
DA:19,348
DA:20,348
DA:21,348
DA:22,348
DA:23,348
DA:24,348
DA:25,348
DA:26,348
DA:27,348
DA:28,348
DA:29,348
DA:30,348
DA:31,348
DA:32,348
DA:33,348
DA:34,348
DA:35,348
DA:36,348
DA:37,348
DA:38,348
DA:39,348
DA:40,348
DA:41,348
DA:42,348
DA:43,348
DA:44,348
DA:45,348
DA:46,348
DA:47,348
DA:48,348
DA:49,348
DA:50,348
DA:51,348
DA:52,348
DA:53,348
DA:54,348
DA:55,348
DA:56,348
DA:57,348
DA:58,348
DA:59,348
DA:60,348
DA:61,348
DA:62,348
DA:63,348
DA:64,348
DA:65,348
DA:66,348
DA:67,348
DA:68,348
DA:69,348
DA:70,348
DA:71,348
DA:72,348
DA:73,13
DA:74,13
DA:75,13
DA:76,13
DA:77,13
DA:78,13
DA:79,13
DA:80,13
DA:81,13
DA:82,13
DA:83,13
DA:84,13
DA:85,13
DA:86,13
DA:87,13
DA:88,13
DA:89,13
DA:90,13
DA:91,13
DA:92,13
DA:93,13
DA:94,13
DA:95,13
DA:96,13
DA:97,13
DA:98,13
DA:99,13
DA:100,13
DA:101,13
DA:102,13
DA:103,13
DA:104,13
DA:105,13
DA:106,13
DA:107,13
DA:108,11
DA:109,11
DA:110,11
DA:111,11
DA:112,11
DA:113,11
DA:114,11
DA:115,11
DA:116,11
DA:117,11
DA:118,11
DA:119,11
DA:120,11
DA:121,13
DA:122,1
DA:123,1
DA:124,1
DA:125,1
DA:126,1
DA:127,1
DA:128,1
DA:129,1
DA:130,1
DA:131,1
DA:132,1
DA:133,1
DA:134,1
DA:135,1
DA:136,1
DA:137,1
DA:138,1
DA:139,1
DA:140,1
DA:141,11
DA:142,11
DA:143,11
DA:144,13
DA:145,11
DA:146,11
DA:147,11
DA:148,11
DA:149,11
DA:150,11
DA:151,11
DA:152,13
DA:153,11
DA:154,11
DA:155,11
DA:156,11
DA:157,11
DA:158,13
DA:159,348
DA:160,348
DA:161,348
DA:162,348
DA:163,348
DA:164,348
DA:165,348
DA:166,348
DA:167,348
DA:168,348
DA:169,348
DA:170,348
DA:171,348
DA:172,348
DA:173,13
DA:174,13
DA:175,13
DA:176,13
DA:177,13
DA:178,13
DA:179,13
DA:180,13
DA:181,0
DA:182,0
DA:183,13
DA:184,348
DA:185,348
DA:186,348
DA:187,348
DA:188,348
DA:189,348
DA:190,348
DA:191,348
DA:192,348
DA:193,348
DA:194,348
DA:195,348
DA:196,8
DA:197,8
DA:198,8
DA:199,8
DA:200,8
DA:201,8
DA:202,8
DA:203,8
DA:204,28
DA:205,28
DA:206,28
DA:207,28
DA:208,28
DA:209,28
DA:210,28
DA:211,8
DA:212,8
DA:213,8
DA:214,8
DA:215,348
DA:216,348
DA:217,348
DA:218,348
DA:219,348
DA:220,348
DA:221,348
DA:222,348
DA:223,49
DA:224,49
DA:225,49
DA:226,49
DA:227,49
DA:228,49
DA:229,20
DA:230,20
DA:231,20
DA:232,28
DA:233,28
DA:234,28
DA:235,28
DA:236,49
DA:237,348
DA:238,348
DA:239,348
DA:240,348
DA:241,348
DA:242,348
DA:243,348
DA:244,12
DA:245,12
DA:246,12
DA:247,12
DA:248,12
DA:249,12
DA:250,12
DA:251,12
DA:252,12
DA:253,12
DA:254,348
DA:255,348
DA:256,348
DA:257,348
DA:258,348
DA:259,348
DA:260,348
DA:261,348
DA:262,348
DA:263,12
DA:264,12
DA:265,12
DA:266,12
DA:267,12
DA:268,12
DA:269,12
DA:270,162
DA:271,162
DA:272,162
DA:273,162
DA:274,20
DA:275,20
DA:276,1
DA:277,1
DA:278,1
DA:279,1
DA:280,1
DA:281,1
DA:282,1
DA:283,1
DA:284,1
DA:285,1
DA:286,1
DA:287,1
DA:288,1
DA:289,1
DA:290,1
DA:291,1
DA:292,1
DA:293,1
DA:294,1
DA:295,1
DA:296,1
DA:297,1
DA:298,1
DA:299,1
DA:300,1
DA:301,1
DA:302,162
DA:303,12
DA:304,12
DA:305,12
DA:306,12
DA:307,348
DA:308,348
DA:309,348
DA:310,348
DA:311,348
DA:312,348
DA:313,348
DA:314,348
DA:315,348
DA:316,348
DA:317,348
DA:318,348
DA:319,348
DA:320,348
DA:321,17
DA:322,17
DA:323,17
DA:324,17
DA:325,17
DA:326,17
DA:327,17
DA:328,17
DA:329,17
DA:330,17
DA:331,17
DA:332,17
DA:333,17
DA:334,17
DA:335,17
DA:336,17
DA:337,17
DA:338,17
DA:339,17
DA:340,17
DA:341,17
DA:342,17
DA:343,15
DA:344,15
DA:345,15
DA:346,15
DA:347,17
DA:348,15
DA:349,15
DA:350,15
DA:351,15
DA:352,15
DA:353,15
DA:354,15
DA:355,15
DA:356,15
DA:357,15
DA:358,15
DA:359,15
DA:360,15
DA:361,15
DA:362,15
DA:363,15
DA:364,15
DA:365,15
DA:366,17
DA:367,17
DA:368,13
DA:369,13
DA:370,13
DA:371,13
DA:372,13
DA:373,13
DA:374,13
DA:375,13
DA:376,13
DA:377,13
DA:378,13
DA:379,13
DA:380,17
DA:381,4
DA:382,4
DA:383,4
DA:384,4
DA:385,4
DA:386,4
DA:387,4
DA:388,4
DA:389,4
DA:390,4
DA:391,4
DA:392,4
DA:393,4
DA:394,4
DA:395,4
DA:396,4
DA:397,4
DA:398,4
DA:399,4
DA:400,4
DA:401,4
DA:402,4
DA:403,4
DA:404,4
DA:405,4
DA:406,4
DA:407,4
DA:408,4
DA:409,4
DA:410,4
DA:411,4
DA:412,4
DA:413,4
DA:414,4
DA:415,4
DA:416,4
DA:417,4
DA:418,4
DA:419,4
DA:420,4
DA:421,4
DA:422,4
DA:423,4
DA:424,4
DA:425,4
DA:426,4
DA:427,0
DA:428,0
DA:429,0
DA:430,0
DA:431,0
DA:432,0
DA:433,0
DA:434,0
DA:435,0
DA:436,0
DA:437,0
DA:438,0
DA:439,0
DA:440,0
DA:441,4
DA:442,4
DA:443,4
DA:444,4
DA:445,4
DA:446,4
DA:447,4
DA:448,4
DA:449,4
DA:450,4
DA:451,4
DA:452,4
DA:453,4
DA:454,4
DA:455,4
DA:456,4
DA:457,4
DA:458,4
DA:459,4
DA:460,4
DA:461,4
DA:462,4
DA:463,4
DA:464,4
DA:465,4
DA:466,4
DA:467,4
DA:468,4
DA:469,4
DA:470,4
DA:471,4
DA:472,4
DA:473,4
DA:474,4
DA:475,4
DA:476,13
DA:477,13
DA:478,13
DA:479,17
DA:480,348
DA:481,348
DA:482,348
DA:483,348
DA:484,348
DA:485,348
DA:486,348
DA:487,2
DA:488,2
DA:489,2
DA:490,2
DA:491,2
DA:492,2
DA:493,2
DA:494,2
DA:495,2
DA:496,2
DA:497,2
DA:498,2
DA:499,2
DA:500,2
DA:501,2
DA:502,2
DA:503,2
DA:504,2
DA:505,2
DA:506,2
DA:507,2
DA:508,2
DA:509,2
DA:510,2
DA:511,2
DA:512,0
DA:513,0
DA:514,2
DA:515,2
DA:516,2
DA:517,2
DA:518,2
DA:519,13
DA:520,13
DA:521,2
DA:522,2
DA:523,2
DA:524,348
DA:525,348
DA:526,348
DA:527,348
DA:528,348
DA:529,348
DA:530,348
DA:531,348
DA:532,348
DA:533,0
DA:534,0
DA:535,0
DA:536,0
DA:537,0
DA:538,0
DA:539,0
DA:540,0
DA:541,0
DA:542,0
DA:543,0
DA:544,0
DA:545,0
DA:546,0
DA:547,0
DA:548,0
DA:549,0
DA:550,0
DA:551,0
DA:552,0
DA:553,0
DA:554,0
DA:555,0
DA:556,0
DA:557,0
DA:558,0
DA:559,0
DA:560,0
DA:561,0
DA:562,0
DA:563,0
DA:564,0
DA:565,0
DA:566,0
DA:567,0
DA:568,0
DA:569,0
DA:570,0
DA:571,0
DA:572,0
DA:573,0
DA:574,0
DA:575,0
DA:576,0
DA:577,0
DA:578,0
DA:579,0
DA:580,0
DA:581,0
DA:582,0
DA:583,0
DA:584,0
DA:585,0
DA:586,0
DA:587,0
DA:588,0
DA:589,0
DA:590,0
DA:591,0
DA:592,0
DA:593,0
DA:594,0
DA:595,0
DA:596,0
DA:597,0
DA:598,0
DA:599,0
DA:600,0
DA:601,0
DA:602,0
DA:603,348
DA:604,348
DA:605,348
DA:606,348
DA:607,348
DA:608,348
DA:609,348
DA:610,348
DA:611,348
DA:612,348
DA:613,348
DA:614,348
DA:615,13
DA:616,13
DA:617,13
DA:618,13
DA:619,13
DA:620,13
DA:621,13
DA:622,13
DA:623,13
DA:624,13
DA:625,13
DA:626,4
DA:627,4
DA:628,4
DA:629,4
DA:630,4
DA:631,4
DA:632,4
DA:633,4
DA:634,4
DA:635,4
DA:636,4
DA:637,4
DA:638,4
DA:639,0
DA:640,0
DA:641,0
DA:642,0
DA:643,0
DA:644,0
DA:645,0
DA:646,0
DA:647,0
DA:648,0
DA:649,4
DA:650,4
DA:651,4
DA:652,4
DA:653,13
DA:654,13
DA:655,13
DA:656,13
DA:657,348
DA:658,348
DA:659,348
DA:660,348
DA:661,348
DA:662,348
DA:663,348
DA:664,348
DA:665,348
DA:666,348
DA:667,348
DA:668,348
DA:669,348
DA:670,2
DA:671,2
DA:672,2
DA:673,2
DA:674,0
DA:675,0
DA:676,2
DA:677,348
DA:678,348
DA:679,348
DA:680,348
DA:681,4
DA:682,4
DA:683,4
DA:684,4
DA:685,4
DA:686,4
DA:687,27
DA:688,27
DA:689,27
DA:690,27
DA:691,4
DA:692,4
DA:693,4
DA:694,348
DA:695,27
DA:696,27
DA:697,27
DA:698,27
DA:699,27
DA:700,27
DA:701,27
DA:702,27
DA:703,27
DA:704,27
DA:705,27
DA:706,27
DA:707,27
DA:708,27
DA:709,27
DA:710,27
DA:711,27
DA:712,27
DA:713,27
DA:714,27
DA:715,27
DA:716,27
DA:717,27
LH:617
LF:717
end_of_record
SF:lib/helper/xml-encoding-sniffer.js
FN:35,xmlEncodingSniffer
FN:166,getXmlDeclaredEncoding
FN:178,getStringFromByteArray
FN:213,detectUnicodeInByteSampleByHeuristics
FN:347,detectSuspiciousUTF8SequenceLength
FN:490,detectBOMBytes
FN:530,isCommonUSASCIIByte
FNDA:36,xmlEncodingSniffer
FNDA:36,getXmlDeclaredEncoding
FNDA:36,getStringFromByteArray
FNDA:536,detectUnicodeInByteSampleByHeuristics
FNDA:536,detectSuspiciousUTF8SequenceLength
FNDA:72,detectBOMBytes
FNDA:536,isCommonUSASCIIByte
FNF:7
FNH:7
BRDA:1,0,0,348
BRDA:35,1,0,36
BRDA:47,2,0,20
BRDA:78,3,0,1
BRDA:86,4,0,1
BRDA:96,5,0,1
BRDA:96,6,0,1
BRDA:96,7,0,1
BRDA:96,8,0,1
BRDA:103,9,0,19
BRDA:114,10,0,19
BRDA:118,11,0,23
BRDA:123,12,0,2
BRDA:125,13,0,22
BRDA:127,14,0,19
BRDA:129,15,0,3
BRDA:135,16,0,1
BRDA:153,17,0,2
BRDA:49,18,0,0
BRDA:49,19,0,0
BRDA:49,20,0,0
BRDA:49,21,0,0
BRDA:59,22,0,0
BRDA:59,23,0,0
BRDA:59,24,0,0
BRDA:59,25,0,0
BRDA:68,26,0,0
BRDA:68,27,0,0
BRDA:73,28,0,0
BRDA:73,29,0,0
BRDA:78,30,0,0
BRDA:78,31,0,0
BRDA:78,32,0,0
BRDA:86,33,0,0
BRDA:86,34,0,0
BRDA:86,35,0,0
BRDA:105,36,0,0
BRDA:105,37,0,0
BRDA:105,38,0,0
BRDA:105,39,0,0
BRDA:166,40,0,36
BRDA:175,41,0,1
BRDA:178,42,0,36
BRDA:183,43,0,4
BRDA:192,44,0,2
BRDA:199,45,0,2
BRDA:206,46,0,20
BRDA:213,47,0,32
BRDA:230,48,0,536
BRDA:241,49,0,309
BRDA:233,50,0,0
BRDA:250,51,0,0
BRDA:256,52,0,0
BRDA:274,53,0,0
BRDA:286,54,0,0
BRDA:335,55,0,0
BRDA:341,56,0,0
BRDA:347,57,0,536
BRDA:430,58,0,504
BRDA:354,59,0,0
BRDA:378,60,0,0
BRDA:389,61,0,0
BRDA:413,62,0,0
BRDA:421,63,0,0
BRDA:432,64,0,0
BRDA:490,65,0,72
BRDA:503,66,0,4
BRDA:504,67,0,4
BRDA:504,68,0,44
BRDA:506,69,0,44
BRDA:509,70,0,4
BRDA:509,71,0,4
BRDA:510,72,0,4
BRDA:510,73,0,40
BRDA:515,74,0,40
BRDA:517,75,0,40
BRDA:521,76,0,40
BRDA:525,77,0,40
BRDA:492,78,0,0
BRDA:496,79,0,0
BRDA:497,80,0,0
BRDA:500,81,0,0
BRDA:506,82,0,0
BRDA:514,83,0,0
BRDA:514,84,0,0
BRDA:515,85,0,0
BRDA:517,86,0,0
BRDA:520,87,0,0
BRDA:520,88,0,0
BRDA:520,89,0,0
BRDA:521,90,0,0
BRDA:524,91,0,0
BRDA:524,92,0,0
BRDA:524,93,0,0
BRDA:525,94,0,0
BRDA:530,95,0,536
BRDA:535,96,0,436
BRDA:536,97,0,423
BRDA:537,98,0,404
BRDA:538,99,0,368
BRDA:539,100,0,368
BRDA:540,101,0,3
BRF:102
BRH:50
DA:1,348
DA:2,348
DA:3,348
DA:4,348
DA:5,348
DA:6,348
DA:7,348
DA:8,348
DA:9,348
DA:10,348
DA:11,348
DA:12,348
DA:13,348
DA:14,348
DA:15,348
DA:16,348
DA:17,348
DA:18,348
DA:19,348
DA:20,348
DA:21,348
DA:22,348
DA:23,348
DA:24,348
DA:25,348
DA:26,348
DA:27,348
DA:28,348
DA:29,348
DA:30,348
DA:31,348
DA:32,348
DA:33,348
DA:34,348
DA:35,348
DA:36,36
DA:37,36
DA:38,36
DA:39,36
DA:40,36
DA:41,36
DA:42,36
DA:43,36
DA:44,36
DA:45,36
DA:46,36
DA:47,36
DA:48,20
DA:49,20
DA:50,0
DA:51,0
DA:52,0
DA:53,0
DA:54,0
DA:55,0
DA:56,0
DA:57,0
DA:58,20
DA:59,20
DA:60,0
DA:61,0
DA:62,0
DA:63,0
DA:64,0
DA:65,0
DA:66,0
DA:67,20
DA:68,20
DA:69,0
DA:70,0
DA:71,0
DA:72,20
DA:73,20
DA:74,0
DA:75,0
DA:76,0
DA:77,20
DA:78,20
DA:79,0
DA:80,0
DA:81,0
DA:82,0
DA:83,0
DA:84,0
DA:85,20
DA:86,20
DA:87,0
DA:88,0
DA:89,0
DA:90,0
DA:91,0
DA:92,0
DA:93,0
DA:94,0
DA:95,20
DA:96,20
DA:97,1
DA:98,1
DA:99,1
DA:100,1
DA:101,1
DA:102,1
DA:103,1
DA:104,19
DA:105,19
DA:106,0
DA:107,0
DA:108,0
DA:109,0
DA:110,0
DA:111,36
DA:112,36
DA:113,36
DA:114,36
DA:115,36
DA:116,36
DA:117,36
DA:118,36
DA:119,36
DA:120,36
DA:121,36
DA:122,36
DA:123,36
DA:124,2
DA:125,2
DA:126,22
DA:127,22
DA:128,19
DA:129,19
DA:130,3
DA:131,3
DA:132,3
DA:133,3
DA:134,3
DA:135,3
DA:136,1
DA:137,1
DA:138,1
DA:139,1
DA:140,1
DA:141,1
DA:142,1
DA:143,1
DA:144,1
DA:145,1
DA:146,1
DA:147,1
DA:148,1
DA:149,1
DA:150,1
DA:151,1
DA:152,1
DA:153,1
DA:154,2
DA:155,2
DA:156,2
DA:157,2
DA:158,2
DA:159,2
DA:160,2
DA:161,36
DA:162,36
DA:163,36
DA:164,36
DA:165,348
DA:166,36
DA:167,36
DA:168,36
DA:169,36
DA:170,36
DA:171,36
DA:172,36
DA:173,36
DA:174,36
DA:175,36
DA:176,36
DA:177,348
DA:178,36
DA:179,36
DA:180,36
DA:181,36
DA:182,36
DA:183,36
DA:184,4
DA:185,4
DA:186,4
DA:187,4
DA:188,4
DA:189,4
DA:190,4
DA:191,4
DA:192,4
DA:193,2
DA:194,2
DA:195,4
DA:196,4
DA:197,4
DA:198,4
DA:199,4
DA:200,2
DA:201,4
DA:202,4
DA:203,4
DA:204,4
DA:205,4
DA:206,4
DA:207,20
DA:208,36
DA:209,36
DA:210,36
DA:211,36
DA:212,348
DA:213,32
DA:214,32
DA:215,32
DA:216,32
DA:217,32
DA:218,32
DA:219,32
DA:220,32
DA:221,32
DA:222,32
DA:223,32
DA:224,32
DA:225,32
DA:226,32
DA:227,32
DA:228,32
DA:229,32
DA:230,32
DA:231,536
DA:232,536
DA:233,536
DA:234,0
DA:235,0
DA:236,0
DA:237,0
DA:238,0
DA:239,536
DA:240,536
DA:241,536
DA:242,309
DA:243,309
DA:244,536
DA:245,536
DA:246,536
DA:247,536
DA:248,536
DA:249,536
DA:250,536
DA:251,0
DA:252,0
DA:253,0
DA:254,0
DA:255,0
DA:256,536
DA:257,0
DA:258,0
DA:259,0
DA:260,536
DA:261,536
DA:262,536
DA:263,32
DA:264,32
DA:265,32
DA:266,32
DA:267,32
DA:268,32
DA:269,32
DA:270,32
DA:271,32
DA:272,32
DA:273,32
DA:274,32
DA:275,32
DA:276,32
DA:277,32
DA:278,32
DA:279,32
DA:280,32
DA:281,32
DA:282,32
DA:283,32
DA:284,32
DA:285,32
DA:286,32
DA:287,32
DA:288,32
DA:289,32
DA:290,32
DA:291,32
DA:292,32
DA:293,32
DA:294,32
DA:295,32
DA:296,32
DA:297,32
DA:298,32
DA:299,32
DA:300,32
DA:301,32
DA:302,32
DA:303,32
DA:304,32
DA:305,32
DA:306,32
DA:307,32
DA:308,32
DA:309,32
DA:310,32
DA:311,32
DA:312,32
DA:313,32
DA:314,32
DA:315,32
DA:316,32
DA:317,32
DA:318,32
DA:319,32
DA:320,32
DA:321,32
DA:322,32
DA:323,32
DA:324,32
DA:325,32
DA:326,32
DA:327,32
DA:328,32
DA:329,32
DA:330,32
DA:331,32
DA:332,32
DA:333,32
DA:334,32
DA:335,32
DA:336,0
DA:337,0
DA:338,0
DA:339,0
DA:340,32
DA:341,32
DA:342,32
DA:343,32
DA:344,32
DA:345,32
DA:346,348
DA:347,536
DA:348,536
DA:349,536
DA:350,536
DA:351,536
DA:352,536
DA:353,536
DA:354,536
DA:355,0
DA:356,0
DA:357,0
DA:358,0
DA:359,0
DA:360,0
DA:361,0
DA:362,0
DA:363,0
DA:364,0
DA:365,0
DA:366,0
DA:367,0
DA:368,0
DA:369,0
DA:370,0
DA:371,0
DA:372,0
DA:373,0
DA:374,536
DA:375,536
DA:376,536
DA:377,536
DA:378,536
DA:379,0
DA:380,0
DA:381,0
DA:382,0
DA:383,0
DA:384,0
DA:385,536
DA:386,536
DA:387,536
DA:388,536
DA:389,536
DA:390,0
DA:391,0
DA:392,0
DA:393,0
DA:394,0
DA:395,0
DA:396,0
DA:397,0
DA:398,0
DA:399,0
DA:400,0
DA:401,0
DA:402,0
DA:403,0
DA:404,0
DA:405,0
DA:406,0
DA:407,0
DA:408,0
DA:409,536
DA:410,536
DA:411,536
DA:412,536
DA:413,536
DA:414,0
DA:415,0
DA:416,0
DA:417,536
DA:418,536
DA:419,536
DA:420,536
DA:421,536
DA:422,0
DA:423,0
DA:424,0
DA:425,0
DA:426,0
DA:427,0
DA:428,536
DA:429,536
DA:430,536
DA:431,504
DA:432,536
DA:433,0
DA:434,0
DA:435,0
DA:436,0
DA:437,0
DA:438,0
DA:439,0
DA:440,0
DA:441,0
DA:442,0
DA:443,0
DA:444,0
DA:445,0
DA:446,0
DA:447,0
DA:448,0
DA:449,0
DA:450,0
DA:451,0
DA:452,0
DA:453,0
DA:454,0
DA:455,0
DA:456,0
DA:457,0
DA:458,0
DA:459,0
DA:460,0
DA:461,0
DA:462,0
DA:463,0
DA:464,0
DA:465,0
DA:466,0
DA:467,0
DA:468,0
DA:469,0
DA:470,0
DA:471,0
DA:472,0
DA:473,0
DA:474,0
DA:475,0
DA:476,0
DA:477,0
DA:478,0
DA:479,0
DA:480,0
DA:481,0
DA:482,0
DA:483,0
DA:484,0
DA:485,0
DA:486,536
DA:487,536
DA:488,536
DA:489,348
DA:490,72
DA:491,72
DA:492,72
DA:493,72
DA:494,72
DA:495,72
DA:496,72
DA:497,72
DA:498,0
DA:499,72
DA:500,72
DA:501,72
DA:502,72
DA:503,72
DA:504,72
DA:505,44
DA:506,72
DA:507,44
DA:508,44
DA:509,72
DA:510,72
DA:511,40
DA:512,40
DA:513,40
DA:514,72
DA:515,72
DA:516,40
DA:517,72
DA:518,40
DA:519,40
DA:520,72
DA:521,72
DA:522,40
DA:523,40
DA:524,72
DA:525,72
DA:526,40
DA:527,40
DA:528,72
DA:529,348
DA:530,536
DA:531,536
DA:532,536
DA:533,536
DA:534,536
DA:535,536
DA:536,536
DA:537,536
DA:538,536
DA:539,536
DA:540,536
DA:541,536
DA:542,536
DA:543,536
LH:379
LF:543
end_of_record
SF:lib/whatwg-xhr.js
FN:106,defaultHeaders
FN:117,defaultHeadersCase
FN:158,XMLHttpRequestEventTarget
FN:180,get onloadstart
FN:182,set onloadstart
FN:198,get onprogress
FN:200,set onprogress
FN:216,get onabort
FN:218,set onabort
FN:234,get onerror
FN:236,set onerror
FN:252,get onload
FN:254,set onload
FN:270,get ontimeout
FN:272,set ontimeout
FN:288,get onloadend
FN:290,set onloadend
FN:313,XMLHttpRequestUpload
FN:404,XMLHttpRequest
FN:468,get onreadystatechange
FN:470,set onreadystatechange
FN:487,get readyState
FN:496,get upload
FN:505,get status
FN:514,get statusText
FN:550,get response
FN:656,get responseText
FN:696,get responseType
FN:700,set responseType
FN:754,get responseXML
FN:798,get responseURL
FN:830,get timeout
FN:832,set timeout
FN:866,get withCredentials
FN:868,set withCredentials
FN:988,open
FN:1127,abort
FN:1181,setRequestHeader
FN:1395,send
FN:2114,getResponseHeader
FN:2160,getAllResponseHeaders
FN:2214,overrideMimeType
FN:2271,ProgressEvent
FN:2319,get lengthComputable
FN:2329,get loaded
FN:2339,get total
FN:2383,FormData
FN:2409,append
FN:2428,delete
FN:2447,get
FN:2468,getAll
FN:2490,has
FN:2512,set
FN:2531,entries
FN:2566,handleError
FN:2617,requestErrorSteps
FN:2676,setResponseToNetworkError
FN:2769,getResponseMimeType
FN:2797,getFinalMimeType
FN:2817,getFinalEncoding
FN:2862,setDocumentResponse
FN:2945,getTextResponse
FN:2994,ClientRequestData
FN:3005,destroy
FN:3017,end
FN:3033,on
FN:3052,requestDataURL
FN:1009,anonymous_67
FN:1504,anonymous_68
FN:1613,processRequestBodyChunkLength
FN:1630,processRequestEndOfBody
FN:1649,processResponse
FN:1760,anonymous_72
FN:1780,anonymous_73
FN:1820,anonymous_74
FN:1846,anonymous_75
FN:1849,anonymous_76
FN:1858,anonymous_77
FN:1889,anonymous_78
FN:2021,anonymous_79
FN:2034,processResult
FN:2175,anonymous_81
FNDA:2923,defaultHeaders
FNDA:0,defaultHeadersCase
FNDA:1484,XMLHttpRequestEventTarget
FNDA:753,get onloadstart
FNDA:248,set onloadstart
FNDA:736,get onprogress
FNDA:135,set onprogress
FNDA:733,get onabort
FNDA:105,set onabort
FNDA:733,get onerror
FNDA:354,set onerror
FNDA:733,get onload
FNDA:406,set onload
FNDA:733,get ontimeout
FNDA:106,set ontimeout
FNDA:732,get onloadend
FNDA:380,set onloadend
FNDA:742,XMLHttpRequestUpload
FNDA:742,XMLHttpRequest
FNDA:0,get onreadystatechange
FNDA:221,set onreadystatechange
FNDA:677,get readyState
FNDA:831,get upload
FNDA:453,get status
FNDA:324,get statusText
FNDA:294,get response
FNDA:465,get responseText
FNDA:450,get responseType
FNDA:39,set responseType
FNDA:216,get responseXML
FNDA:209,get responseURL
FNDA:0,get timeout
FNDA:3,set timeout
FNDA:0,get withCredentials
FNDA:1,set withCredentials
FNDA:761,open
FNDA:6,abort
FNDA:2392,setRequestHeader
FNDA:15028552,send
FNDA:1615,getResponseHeader
FNDA:1130,getAllResponseHeaders
FNDA:6,overrideMimeType
FNDA:2301,ProgressEvent
FNDA:50,get lengthComputable
FNDA:62,get loaded
FNDA:60,get total
FNDA:0,FormData
FNDA:0,append
FNDA:0,delete
FNDA:0,get
FNDA:0,getAll
FNDA:0,has
FNDA:0,set
FNDA:0,entries
FNDA:943,handleError
FNDA:54,requestErrorSteps
FNDA:857,setResponseToNetworkError
FNDA:877,getResponseMimeType
FNDA:479,getFinalMimeType
FNDA:399,getFinalEncoding
FNDA:213,setDocumentResponse
FNDA:709,getTextResponse
FNDA:13,ClientRequestData
FNDA:2,destroy
FNDA:13,end
FNDA:39,on
FNDA:13,requestDataURL
FNDA:2704,anonymous_67
FNDA:2912,anonymous_68
FNDA:76,processRequestBodyChunkLength
FNDA:71,processRequestEndOfBody
FNDA:497,processResponse
FNDA:269,anonymous_72
FNDA:386,anonymous_73
FNDA:3,anonymous_74
FNDA:505,anonymous_75
FNDA:27,anonymous_76
FNDA:76,anonymous_77
FNDA:3,anonymous_78
FNDA:0,anonymous_79
FNDA:1050,processResult
FNDA:1961,anonymous_81
FNF:82
FNH:69
BRDA:1,0,0,348
BRDA:106,1,0,2923
BRDA:158,2,0,1484
BRDA:180,3,0,753
BRDA:182,4,0,248
BRDA:186,5,0,32
BRDA:198,6,0,736
BRDA:200,7,0,135
BRDA:204,8,0,19
BRDA:216,9,0,733
BRDA:218,10,0,105
BRDA:222,11,0,3
BRDA:234,12,0,733
BRDA:236,13,0,354
BRDA:240,14,0,32
BRDA:252,15,0,733
BRDA:254,16,0,406
BRDA:258,17,0,71
BRDA:270,18,0,733
BRDA:272,19,0,106
BRDA:276,20,0,3
BRDA:288,21,0,732
BRDA:290,22,0,380
BRDA:294,23,0,43
BRDA:313,24,0,742
BRDA:316,25,0,0
BRDA:404,26,0,742
BRDA:470,27,0,221
BRDA:474,28,0,137
BRDA:487,29,0,677
BRDA:496,30,0,831
BRDA:505,31,0,453
BRDA:514,32,0,324
BRDA:550,33,0,294
BRDA:555,34,0,28
BRDA:555,35,0,57
BRDA:558,36,0,19
BRDA:560,37,0,38
BRDA:564,38,0,28
BRDA:568,39,0,28
BRDA:572,40,0,28
BRDA:576,41,0,15
BRDA:576,42,0,13
BRDA:579,43,0,1
BRDA:589,44,0,12
BRDA:592,45,0,2
BRDA:604,46,0,10
BRDA:618,47,0,4
BRDA:618,48,0,6
BRDA:627,49,0,4
BRDA:631,50,0,5
BRDA:568,51,0,0
BRDA:572,52,0,0
BRDA:584,53,0,0
BRDA:607,54,0,0
BRDA:656,55,0,465
BRDA:660,56,0,19
BRDA:664,57,0,252
BRDA:664,58,0,3
BRDA:666,59,0,253
BRDA:661,60,0,0
BRDA:696,61,0,450
BRDA:700,62,0,39
BRDA:701,63,0,31
BRDA:710,64,0,0
BRDA:714,65,0,0
BRDA:723,66,0,0
BRDA:754,67,0,216
BRDA:766,68,0,3
BRDA:766,69,0,4
BRDA:770,70,0,4
BRDA:774,71,0,4
BRDA:759,72,0,0
BRDA:759,73,0,0
BRDA:770,74,0,0
BRDA:774,75,0,0
BRDA:798,76,0,209
BRDA:801,77,0,0
BRDA:832,78,0,3
BRDA:835,79,0,0
BRDA:836,80,0,0
BRDA:840,81,0,0
BRDA:843,82,0,0
BRDA:868,83,0,1
BRDA:874,84,0,0
BRDA:988,85,0,761
BRDA:1001,86,0,7
BRDA:1001,87,0,529
BRDA:1005,88,0,9
BRDA:1005,89,0,520
BRDA:1009,90,0,18
BRDA:1017,91,0,1
BRDA:1020,92,0,519
BRDA:1026,93,0,503
BRDA:1028,94,0,1
BRDA:1039,95,0,1
BRDA:1049,96,0,519
BRDA:1056,97,0,519
BRDA:1059,98,0,232
BRDA:1060,99,0,5
BRDA:1060,100,0,514
BRDA:1063,101,0,2
BRDA:1066,102,0,514
BRDA:1099,103,0,506
BRDA:991,104,0,0
BRDA:992,105,0,0
BRDA:996,106,0,0
BRDA:1055,107,0,0
BRDA:1055,108,0,0
BRDA:1056,109,0,0
BRDA:1127,110,0,6
BRDA:1132,111,0,3
BRDA:1140,112,0,5
BRDA:1140,113,0,1
BRDA:1141,114,0,1
BRDA:1143,115,0,5
BRDA:1148,116,0,5
BRDA:1181,117,0,2392
BRDA:1185,118,0,1
BRDA:1185,119,0,1578
BRDA:1191,120,0,5
BRDA:1191,121,0,1573
BRDA:1195,122,0,1
BRDA:1195,123,0,1572
BRDA:1205,124,0,71
BRDA:1208,125,0,110
BRDA:1209,126,0,2
BRDA:1218,127,0,69
BRDA:1221,128,0,1501
BRDA:1226,129,0,4
BRDA:1228,130,0,10
BRDA:1229,131,0,1
BRDA:1238,132,0,3
BRDA:1241,133,0,1497
BRDA:1244,134,0,22
BRDA:1246,135,0,1475
BRDA:1252,136,0,13
BRDA:1255,137,0,1462
BRDA:1395,138,0,755
BRDA:1402,139,0,1
BRDA:1402,140,0,484
BRDA:1406,141,0,1
BRDA:1406,142,0,483
BRDA:1409,143,0,247
BRDA:1409,144,0,263
BRDA:1411,145,0,483
BRDA:1414,146,0,84
BRDA:1414,147,0,77
BRDA:1439,148,0,29
BRDA:1442,149,0,29
BRDA:1447,150,0,10
BRDA:1447,151,0,21
BRDA:1456,152,0,13
BRDA:1456,153,0,6
BRDA:1471,154,0,5
BRDA:1473,155,0,48
BRDA:1485,156,0,35
BRDA:1489,157,0,483
BRDA:1493,158,0,466
BRDA:1494,159,0,463
BRDA:1495,160,0,463
BRDA:1496,161,0,463
BRDA:1497,162,0,463
BRDA:1498,163,0,462
BRDA:1500,164,0,25
BRDA:1502,165,0,458
BRDA:1504,166,0,3
BRDA:1506,167,0,483
BRDA:1509,168,0,483
BRDA:1518,169,0,30
BRDA:1519,170,0,362
BRDA:1519,171,0,152
BRDA:1526,172,0,2259
BRDA:1527,173,0,1300
BRDA:1530,174,0,483
BRDA:1563,175,0,483
BRDA:1566,176,0,464
BRDA:1566,177,0,19
BRDA:1569,178,0,15
BRDA:1569,179,0,4
BRDA:1571,180,0,483
BRDA:1581,181,0,406
BRDA:1581,182,0,483
BRDA:1587,183,0,258
BRDA:1596,184,0,31
BRDA:1596,185,0,227
BRDA:1604,186,0,30
BRDA:1605,187,0,19
BRDA:1608,188,0,255
BRDA:1609,189,0,3
BRDA:1609,190,0,255
BRDA:1835,191,0,2
BRDA:1844,192,0,253
BRDA:1855,193,0,30
BRDA:1873,194,0,223
BRDA:1876,195,0,253
BRDA:1888,196,0,3
BRDA:1896,197,0,225
BRDA:1921,198,0,675
BRDA:1922,199,0,672
BRDA:1930,200,0,52
BRDA:1985,201,0,46
BRDA:1985,202,0,10
BRDA:2010,203,0,206868
BRDA:2015,204,0,215
BRDA:2017,205,0,36
BRDA:2030,206,0,15028552
BRDA:1566,207,0,3
BRDA:1835,208,0,3
BRDA:1873,209,0,3
BRDA:1509,210,0,0
BRDA:1563,211,0,0
BRDA:1600,212,0,0
BRDA:2114,213,0,263
BRDA:2118,214,0,0
BRDA:2122,215,0,15
BRDA:2122,216,0,248
BRDA:2125,217,0,0
BRDA:2125,218,0,248
BRDA:2131,219,0,1615
BRDA:2131,220,0,248
BRDA:2133,221,0,223
BRDA:2134,222,0,217
BRDA:2134,223,0,31
BRDA:2160,224,0,236
BRDA:2164,225,0,9
BRDA:2164,226,0,18
BRDA:2185,227,0,1130
BRDA:2187,228,0,68
BRDA:2188,229,0,18
BRDA:2214,230,0,6
BRDA:2218,231,0,0
BRDA:2223,232,0,5
BRDA:2224,233,0,1
BRDA:2224,234,0,5
BRDA:2228,235,0,2
BRDA:2231,236,0,3
BRDA:2271,237,0,2301
BRDA:2287,238,0,1367
BRDA:2290,239,0,1366
BRDA:2293,240,0,1
BRDA:2293,241,0,1368
BRDA:2273,242,0,0
BRDA:2283,243,0,0
BRDA:2284,244,0,0
BRDA:2287,245,0,0
BRDA:2290,246,0,0
BRDA:2304,247,0,0
BRDA:2319,248,0,50
BRDA:2329,249,0,62
BRDA:2339,250,0,60
BRDA:2566,251,0,943
BRDA:2571,252,0,13
BRDA:2573,253,0,449
BRDA:2576,254,0,3
BRDA:2578,255,0,447
BRDA:2581,256,0,462
BRDA:2586,257,0,38
BRDA:2571,258,0,1
BRDA:2581,259,0,0
BRDA:2617,260,0,54
BRDA:2632,261,0,16
BRDA:2634,262,0,22
BRDA:2640,263,0,5
BRDA:2655,264,0,22
BRDA:2676,265,0,857
BRDA:2680,266,0,31
BRDA:2769,267,0,877
BRDA:2782,268,0,38
BRDA:2797,269,0,479
BRDA:2803,270,0,160
BRDA:2803,271,0,1
BRDA:2817,272,0,399
BRDA:2832,273,0,17
BRDA:2836,274,0,4
BRDA:2840,275,0,2
BRDA:2845,276,0,170
BRDA:2845,277,0,17
BRDA:2833,278,0,0
BRDA:2862,279,0,213
BRDA:2867,280,0,2
BRDA:2879,281,0,2
BRDA:2880,282,0,2
BRDA:2883,283,0,1
BRDA:2887,284,0,1
BRDA:2890,285,0,0
BRDA:2920,286,0,0
BRDA:2945,287,0,709
BRDA:2951,288,0,104
BRDA:2953,289,0,187
BRDA:2961,290,0,168
BRDA:2961,291,0,157
BRDA:2965,292,0,134
BRDA:2965,293,0,133
BRDA:2965,294,0,24
BRDA:2970,295,0,187
BRDA:2973,296,0,147
BRDA:2973,297,0,187
BRDA:2969,298,0,0
BRDA:2994,299,0,13
BRDA:3005,300,0,2
BRDA:3017,301,0,13
BRDA:3019,302,0,0
BRDA:3033,303,0,39
BRDA:3034,304,0,13
BRDA:3035,305,0,13
BRDA:3035,306,0,26
BRDA:3037,307,0,13
BRDA:3037,308,0,13
BRDA:3038,309,0,2
BRDA:3052,310,0,13
BRDA:3063,311,0,11
BRDA:3066,312,0,1
BRDA:3066,313,0,10
BRDA:3077,314,0,1
BRDA:3059,315,0,0
BRDA:1009,316,0,2704
BRDA:1504,317,0,2912
BRDA:1613,318,0,76
BRDA:1624,319,0,19
BRDA:1630,320,0,71
BRDA:1636,321,0,11
BRDA:1636,322,0,15
BRDA:1649,323,0,497
BRDA:1658,324,0,1
BRDA:1661,325,0,238
BRDA:1663,326,0,67
BRDA:1665,327,0,23
BRDA:1666,328,0,18
BRDA:1667,329,0,14
BRDA:1668,330,0,9
BRDA:1671,331,0,59
BRDA:1672,332,0,4
BRDA:1678,333,0,97
BRDA:1690,334,0,97
BRDA:1700,335,0,91
BRDA:1701,336,0,4
BRDA:1703,337,0,4
BRDA:1708,338,0,15
BRDA:1709,339,0,12
BRDA:1710,340,0,12
BRDA:1711,341,0,12
BRDA:1712,342,0,12
BRDA:1714,343,0,3
BRDA:1720,344,0,97
BRDA:1735,345,0,179
BRDA:1747,346,0,179
BRDA:1756,347,0,149
BRDA:1757,348,0,149
BRDA:1757,349,0,179
BRDA:1747,350,0,0
BRDA:1760,351,0,269
BRDA:1770,352,0,130
BRDA:1780,353,0,386
BRDA:1795,354,0,149
BRDA:1796,355,0,149
BRDA:1801,356,0,50
BRDA:1786,357,0,0
BRDA:1820,358,0,3
BRDA:1846,359,0,505
BRDA:1849,360,0,27
BRDA:1858,361,0,76
BRDA:1861,362,0,7
BRDA:1863,363,0,23
BRDA:1889,364,0,3
BRDA:2034,365,0,225
BRDA:2036,366,0,0
BRDA:2039,367,0,209
BRDA:2056,368,0,1050
BRDA:2062,369,0,1050
BRDA:2067,370,0,106
BRDA:2088,371,0,16
BRDA:2175,372,0,1961
BRDA:2177,373,0,684
BRDA:2177,374,0,1255
BRDA:2177,375,0,8
BRF:376
BRH:329
DA:1,348
DA:2,348
DA:3,348
DA:4,348
DA:5,348
DA:6,348
DA:7,348
DA:8,348
DA:9,348
DA:10,348
DA:11,348
DA:12,348
DA:13,348
DA:14,348
DA:15,348
DA:16,348
DA:17,348
DA:18,348
DA:19,348
DA:20,348
DA:21,348
DA:22,348
DA:23,348
DA:24,348
DA:25,348
DA:26,348
DA:27,348
DA:28,348
DA:29,348
DA:30,348
DA:31,348
DA:32,348
DA:33,348
DA:34,348
DA:35,348
DA:36,348
DA:37,348
DA:38,348
DA:39,348
DA:40,348
DA:41,348
DA:42,348
DA:43,348
DA:44,348
DA:45,348
DA:46,348
DA:47,348
DA:48,348
DA:49,348
DA:50,348
DA:51,348
DA:52,348
DA:53,348
DA:54,348
DA:55,348
DA:56,348
DA:57,348
DA:58,348
DA:59,348
DA:60,348
DA:61,348
DA:62,348
DA:63,348
DA:64,348
DA:65,348
DA:66,348
DA:67,348
DA:68,348
DA:69,348
DA:70,348
DA:71,348
DA:72,348
DA:73,348
DA:74,348
DA:75,348
DA:76,348
DA:77,348
DA:78,348
DA:79,348
DA:80,348
DA:81,348
DA:82,348
DA:83,348
DA:84,348
DA:85,348
DA:86,348
DA:87,348
DA:88,348
DA:89,348
DA:90,348
DA:91,348
DA:92,348
DA:93,348
DA:94,348
DA:95,348
DA:96,348
DA:97,348
DA:98,348
DA:99,348
DA:100,348
DA:101,348
DA:102,348
DA:103,348
DA:104,348
DA:105,348
DA:106,348
DA:107,2923
DA:108,2923
DA:109,2923
DA:110,348
DA:111,348
DA:112,348
DA:113,348
DA:114,348
DA:115,348
DA:116,348
DA:117,348
DA:118,0
DA:119,0
DA:120,0
DA:121,348
DA:122,348
DA:123,348
DA:124,348
DA:125,348
DA:126,348
DA:127,348
DA:128,348
DA:129,348
DA:130,348
DA:131,348
DA:132,348
DA:133,348
DA:134,348
DA:135,348
DA:136,348
DA:137,348
DA:138,348
DA:139,348
DA:140,348
DA:141,348
DA:142,348
DA:143,348
DA:144,348
DA:145,348
DA:146,348
DA:147,348
DA:148,348
DA:149,348
DA:150,348
DA:151,348
DA:152,348
DA:153,348
DA:154,348
DA:155,348
DA:156,348
DA:157,348
DA:158,348
DA:159,1484
DA:160,1484
DA:161,1484
DA:162,1484
DA:163,1484
DA:164,1484
DA:165,1484
DA:166,1484
DA:167,1484
DA:168,1484
DA:169,1484
DA:170,1484
DA:171,1484
DA:172,1484
DA:173,348
DA:174,348
DA:175,348
DA:176,348
DA:177,348
DA:178,348
DA:179,348
DA:180,348
DA:181,348
DA:182,348
DA:183,248
DA:184,248
DA:185,248
DA:186,248
DA:187,32
DA:188,32
DA:189,32
DA:190,248
DA:191,348
DA:192,348
DA:193,348
DA:194,348
DA:195,348
DA:196,348
DA:197,348
DA:198,348
DA:199,348
DA:200,348
DA:201,135
DA:202,135
DA:203,135
DA:204,135
DA:205,19
DA:206,19
DA:207,19
DA:208,135
DA:209,348
DA:210,348
DA:211,348
DA:212,348
DA:213,348
DA:214,348
DA:215,348
DA:216,348
DA:217,348
DA:218,348
DA:219,105
DA:220,105
DA:221,105
DA:222,105
DA:223,3
DA:224,3
DA:225,3
DA:226,105
DA:227,348
DA:228,348
DA:229,348
DA:230,348
DA:231,348
DA:232,348
DA:233,348
DA:234,348
DA:235,348
DA:236,348
DA:237,354
DA:238,354
DA:239,354
DA:240,354
DA:241,32
DA:242,32
DA:243,32
DA:244,354
DA:245,348
DA:246,348
DA:247,348
DA:248,348
DA:249,348
DA:250,348
DA:251,348
DA:252,348
DA:253,348
DA:254,348
DA:255,406
DA:256,406
DA:257,406
DA:258,406
DA:259,71
DA:260,71
DA:261,71
DA:262,406
DA:263,348
DA:264,348
DA:265,348
DA:266,348
DA:267,348
DA:268,348
DA:269,348
DA:270,348
DA:271,348
DA:272,348
DA:273,106
DA:274,106
DA:275,106
DA:276,106
DA:277,3
DA:278,3
DA:279,3
DA:280,106
DA:281,348
DA:282,348
DA:283,348
DA:284,348
DA:285,348
DA:286,348
DA:287,348
DA:288,348
DA:289,348
DA:290,348
DA:291,380
DA:292,380
DA:293,380
DA:294,380
DA:295,43
DA:296,43
DA:297,43
DA:298,380
DA:299,348
DA:300,348
DA:301,348
DA:302,348
DA:303,348
DA:304,348
DA:305,348
DA:306,348
DA:307,348
DA:308,348
DA:309,348
DA:310,348
DA:311,348
DA:312,348
DA:313,348
DA:314,742
DA:315,742
DA:316,742
DA:317,742
DA:318,348
DA:319,348
DA:320,348
DA:321,348
DA:322,348
DA:323,348
DA:324,348
DA:325,348
DA:326,348
DA:327,348
DA:328,348
DA:329,348
DA:330,348
DA:331,348
DA:332,348
DA:333,348
DA:334,348
DA:335,348
DA:336,348
DA:337,348
DA:338,348
DA:339,348
DA:340,348
DA:341,348
DA:342,348
DA:343,348
DA:344,348
DA:345,348
DA:346,348
DA:347,348
DA:348,348
DA:349,348
DA:350,348
DA:351,348
DA:352,348
DA:353,348
DA:354,348
DA:355,348
DA:356,348
DA:357,348
DA:358,348
DA:359,348
DA:360,348
DA:361,348
DA:362,348
DA:363,348
DA:364,348
DA:365,348
DA:366,348
DA:367,348
DA:368,348
DA:369,348
DA:370,348
DA:371,348
DA:372,348
DA:373,348
DA:374,348
DA:375,348
DA:376,348
DA:377,348
DA:378,348
DA:379,348
DA:380,348
DA:381,348
DA:382,348
DA:383,348
DA:384,348
DA:385,348
DA:386,348
DA:387,348
DA:388,348
DA:389,348
DA:390,348
DA:391,348
DA:392,348
DA:393,348
DA:394,348
DA:395,348
DA:396,348
DA:397,348
DA:398,348
DA:399,348
DA:400,348
DA:401,348
DA:402,348
DA:403,348
DA:404,348
DA:405,742
DA:406,742
DA:407,742
DA:408,742
DA:409,742
DA:410,742
DA:411,742
DA:412,742
DA:413,742
DA:414,742
DA:415,742
DA:416,742
DA:417,742
DA:418,742
DA:419,742
DA:420,742
DA:421,742
DA:422,742
DA:423,742
DA:424,742
DA:425,742
DA:426,742
DA:427,742
DA:428,742
DA:429,742
DA:430,742
DA:431,742
DA:432,742
DA:433,742
DA:434,742
DA:435,742
DA:436,742
DA:437,742
DA:438,742
DA:439,742
DA:440,742
DA:441,742
DA:442,742
DA:443,742
DA:444,742
DA:445,742
DA:446,742
DA:447,742
DA:448,742
DA:449,742
DA:450,742
DA:451,742
DA:452,742
DA:453,742
DA:454,742
DA:455,742
DA:456,742
DA:457,742
DA:458,742
DA:459,742
DA:460,742
DA:461,348
DA:462,348
DA:463,348
DA:464,348
DA:465,348
DA:466,348
DA:467,348
DA:468,348
DA:469,348
DA:470,348
DA:471,221
DA:472,221
DA:473,221
DA:474,221
DA:475,137
DA:476,137
DA:477,137
DA:478,221
DA:479,348
DA:480,348
DA:481,348
DA:482,348
DA:483,348
DA:484,348
DA:485,348
DA:486,348
DA:487,348
DA:488,348
DA:489,348
DA:490,348
DA:491,348
DA:492,348
DA:493,348
DA:494,348
DA:495,348
DA:496,348
DA:497,348
DA:498,348
DA:499,348
DA:500,348
DA:501,348
DA:502,348
DA:503,348
DA:504,348
DA:505,348
DA:506,348
DA:507,348
DA:508,348
DA:509,348
DA:510,348
DA:511,348
DA:512,348
DA:513,348
DA:514,348
DA:515,348
DA:516,348
DA:517,348
DA:518,348
DA:519,348
DA:520,348
DA:521,348
DA:522,348
DA:523,348
DA:524,348
DA:525,348
DA:526,348
DA:527,348
DA:528,348
DA:529,348
DA:530,348
DA:531,348
DA:532,348
DA:533,348
DA:534,348
DA:535,348
DA:536,348
DA:537,348
DA:538,348
DA:539,348
DA:540,348
DA:541,348
DA:542,348
DA:543,348
DA:544,348
DA:545,348
DA:546,348
DA:547,348
DA:548,348
DA:549,348
DA:550,348
DA:551,294
DA:552,294
DA:553,294
DA:554,294
DA:555,294
DA:556,57
DA:557,57
DA:558,57
DA:559,19
DA:560,19
DA:561,38
DA:562,38
DA:563,38
DA:564,38
DA:565,28
DA:566,28
DA:567,28
DA:568,294
DA:569,28
DA:570,28
DA:571,28
DA:572,294
DA:573,28
DA:574,28
DA:575,28
DA:576,294
DA:577,13
DA:578,13
DA:579,294
DA:580,1
DA:581,1
DA:582,1
DA:583,1
DA:584,1
DA:585,0
DA:586,0
DA:587,0
DA:588,0
DA:589,1
DA:590,12
DA:591,12
DA:592,12
DA:593,2
DA:594,2
DA:595,2
DA:596,2
DA:597,2
DA:598,2
DA:599,2
DA:600,2
DA:601,2
DA:602,2
DA:603,2
DA:604,2
DA:605,10
DA:606,10
DA:607,10
DA:608,0
DA:609,0
DA:610,10
DA:611,10
DA:612,10
DA:613,10
DA:614,10
DA:615,10
DA:616,10
DA:617,10
DA:618,10
DA:619,6
DA:620,6
DA:621,6
DA:622,6
DA:623,6
DA:624,6
DA:625,6
DA:626,6
DA:627,10
DA:628,4
DA:629,4
DA:630,10
DA:631,10
DA:632,5
DA:633,5
DA:634,294
DA:635,348
DA:636,348
DA:637,348
DA:638,348
DA:639,348
DA:640,348
DA:641,348
DA:642,348
DA:643,348
DA:644,348
DA:645,348
DA:646,348
DA:647,348
DA:648,348
DA:649,348
DA:650,348
DA:651,348
DA:652,348
DA:653,348
DA:654,348
DA:655,348
DA:656,348
DA:657,465
DA:658,465
DA:659,465
DA:660,465
DA:661,465
DA:662,465
DA:663,465
DA:664,465
DA:665,3
DA:666,3
DA:667,253
DA:668,253
DA:669,253
DA:670,465
DA:671,348
DA:672,348
DA:673,348
DA:674,348
DA:675,348
DA:676,348
DA:677,348
DA:678,348
DA:679,348
DA:680,348
DA:681,348
DA:682,348
DA:683,348
DA:684,348
DA:685,348
DA:686,348
DA:687,348
DA:688,348
DA:689,348
DA:690,348
DA:691,348
DA:692,348
DA:693,348
DA:694,348
DA:695,348
DA:696,348
DA:697,450
DA:698,450
DA:699,348
DA:700,348
DA:701,39
DA:702,31
DA:703,31
DA:704,31
DA:705,31
DA:706,31
DA:707,31
DA:708,31
DA:709,31
DA:710,31
DA:711,0
DA:712,0
DA:713,0
DA:714,31
DA:715,0
DA:716,0
DA:717,0
DA:718,0
DA:719,0
DA:720,31
DA:721,31
DA:722,31
DA:723,31
DA:724,31
DA:725,31
DA:726,31
DA:727,39
DA:728,348
DA:729,348
DA:730,348
DA:731,348
DA:732,348
DA:733,348
DA:734,348
DA:735,348
DA:736,348
DA:737,348
DA:738,348
DA:739,348
DA:740,348
DA:741,348
DA:742,348
DA:743,348
DA:744,348
DA:745,348
DA:746,348
DA:747,348
DA:748,348
DA:749,348
DA:750,348
DA:751,348
DA:752,348
DA:753,348
DA:754,348
DA:755,216
DA:756,216
DA:757,216
DA:758,216
DA:759,216
DA:760,0
DA:761,0
DA:762,0
DA:763,216
DA:764,216
DA:765,216
DA:766,216
DA:767,4
DA:768,4
DA:769,4
DA:770,216
DA:771,4
DA:772,4
DA:773,4
DA:774,216
DA:775,4
DA:776,4
DA:777,4
DA:778,4
DA:779,4
DA:780,4
DA:781,216
DA:782,348
DA:783,348
DA:784,348
DA:785,348
DA:786,348
DA:787,348
DA:788,348
DA:789,348
DA:790,348
DA:791,348
DA:792,348
DA:793,348
DA:794,348
DA:795,348
DA:796,348
DA:797,348
DA:798,348
DA:799,209
DA:800,209
DA:801,209
DA:802,0
DA:803,0
DA:804,209
DA:805,209
DA:806,209
DA:807,348
DA:808,348
DA:809,348
DA:810,348
DA:811,348
DA:812,348
DA:813,348
DA:814,348
DA:815,348
DA:816,348
DA:817,348
DA:818,348
DA:819,348
DA:820,348
DA:821,348
DA:822,348
DA:823,348
DA:824,348
DA:825,348
DA:826,348
DA:827,348
DA:828,348
DA:829,348
DA:830,348
DA:831,348
DA:832,348
DA:833,3
DA:834,3
DA:835,3
DA:836,3
DA:837,3
DA:838,3
DA:839,3
DA:840,3
DA:841,3
DA:842,3
DA:843,3
DA:844,3
DA:845,348
DA:846,348
DA:847,348
DA:848,348
DA:849,348
DA:850,348
DA:851,348
DA:852,348
DA:853,348
DA:854,348
DA:855,348
DA:856,348
DA:857,348
DA:858,348
DA:859,348
DA:860,348
DA:861,348
DA:862,348
DA:863,348
DA:864,348
DA:865,348
DA:866,348
DA:867,348
DA:868,348
DA:869,1
DA:870,1
DA:871,1
DA:872,1
DA:873,1
DA:874,1
DA:875,0
DA:876,0
DA:877,0
DA:878,1
DA:879,348
DA:880,348
DA:881,348
DA:882,348
DA:883,348
DA:884,348
DA:885,348
DA:886,348
DA:887,348
DA:888,348
DA:889,348
DA:890,348
DA:891,348
DA:892,348
DA:893,348
DA:894,348
DA:895,348
DA:896,348
DA:897,348
DA:898,348
DA:899,348
DA:900,348
DA:901,348
DA:902,348
DA:903,348
DA:904,348
DA:905,348
DA:906,348
DA:907,348
DA:908,348
DA:909,348
DA:910,348
DA:911,348
DA:912,348
DA:913,348
DA:914,348
DA:915,348
DA:916,348
DA:917,348
DA:918,348
DA:919,348
DA:920,348
DA:921,348
DA:922,348
DA:923,348
DA:924,348
DA:925,348
DA:926,348
DA:927,348
DA:928,348
DA:929,348
DA:930,348
DA:931,348
DA:932,348
DA:933,348
DA:934,348
DA:935,348
DA:936,348
DA:937,348
DA:938,348
DA:939,348
DA:940,348
DA:941,348
DA:942,348
DA:943,348
DA:944,348
DA:945,348
DA:946,348
DA:947,348
DA:948,348
DA:949,348
DA:950,348
DA:951,348
DA:952,348
DA:953,348
DA:954,348
DA:955,348
DA:956,348
DA:957,348
DA:958,348
DA:959,348
DA:960,348
DA:961,348
DA:962,348
DA:963,348
DA:964,348
DA:965,348
DA:966,348
DA:967,348
DA:968,348
DA:969,348
DA:970,348
DA:971,348
DA:972,348
DA:973,348
DA:974,348
DA:975,348
DA:976,348
DA:977,348
DA:978,348
DA:979,348
DA:980,348
DA:981,348
DA:982,348
DA:983,348
DA:984,348
DA:985,348
DA:986,348
DA:987,348
DA:988,348
DA:989,761
DA:990,761
DA:991,761
DA:992,761
DA:993,761
DA:994,761
DA:995,761
DA:996,761
DA:997,761
DA:998,761
DA:999,761
DA:1000,761
DA:1001,761
DA:1002,529
DA:1003,529
DA:1004,529
DA:1005,761
DA:1006,520
DA:1007,520
DA:1008,520
DA:1009,761
DA:1010,761
DA:1011,761
DA:1012,761
DA:1013,761
DA:1014,761
DA:1015,761
DA:1016,761
DA:1017,761
DA:1018,1
DA:1019,1
DA:1020,1
DA:1021,519
DA:1022,519
DA:1023,519
DA:1024,519
DA:1025,519
DA:1026,761
DA:1027,503
DA:1028,503
DA:1029,1
DA:1030,1
DA:1031,1
DA:1032,1
DA:1033,1
DA:1034,1
DA:1035,1
DA:1036,1
DA:1037,1
DA:1038,503
DA:1039,503
DA:1040,1
DA:1041,1
DA:1042,1
DA:1043,1
DA:1044,1
DA:1045,1
DA:1046,1
DA:1047,1
DA:1048,1
DA:1049,503
DA:1050,519
DA:1051,519
DA:1052,519
DA:1053,519
DA:1054,519
DA:1055,761
DA:1056,761
DA:1057,519
DA:1058,519
DA:1059,761
DA:1060,761
DA:1061,514
DA:1062,514
DA:1063,761
DA:1064,2
DA:1065,2
DA:1066,2
DA:1067,514
DA:1068,514
DA:1069,514
DA:1070,514
DA:1071,514
DA:1072,514
DA:1073,514
DA:1074,514
DA:1075,514
DA:1076,514
DA:1077,514
DA:1078,514
DA:1079,514
DA:1080,514
DA:1081,514
DA:1082,514
DA:1083,514
DA:1084,514
DA:1085,514
DA:1086,514
DA:1087,514
DA:1088,514
DA:1089,514
DA:1090,514
DA:1091,514
DA:1092,514
DA:1093,514
DA:1094,514
DA:1095,514
DA:1096,514
DA:1097,514
DA:1098,514
DA:1099,761
DA:1100,506
DA:1101,506
DA:1102,506
DA:1103,506
DA:1104,506
DA:1105,506
DA:1106,506
DA:1107,348
DA:1108,348
DA:1109,348
DA:1110,348
DA:1111,348
DA:1112,348
DA:1113,348
DA:1114,348
DA:1115,348
DA:1116,348
DA:1117,348
DA:1118,348
DA:1119,348
DA:1120,348
DA:1121,348
DA:1122,348
DA:1123,348
DA:1124,348
DA:1125,348
DA:1126,348
DA:1127,348
DA:1128,6
DA:1129,6
DA:1130,6
DA:1131,6
DA:1132,6
DA:1133,3
DA:1134,3
DA:1135,3
DA:1136,6
DA:1137,6
DA:1138,6
DA:1139,6
DA:1140,6
DA:1141,6
DA:1142,1
DA:1143,6
DA:1144,5
DA:1145,5
DA:1146,6
DA:1147,6
DA:1148,6
DA:1149,5
DA:1150,5
DA:1151,5
DA:1152,5
DA:1153,348
DA:1154,348
DA:1155,348
DA:1156,348
DA:1157,348
DA:1158,348
DA:1159,348
DA:1160,348
DA:1161,348
DA:1162,348
DA:1163,348
DA:1164,348
DA:1165,348
DA:1166,348
DA:1167,348
DA:1168,348
DA:1169,348
DA:1170,348
DA:1171,348
DA:1172,348
DA:1173,348
DA:1174,348
DA:1175,348
DA:1176,348
DA:1177,348
DA:1178,348
DA:1179,348
DA:1180,348
DA:1181,348
DA:1182,2392
DA:1183,2392
DA:1184,2392
DA:1185,2392
DA:1186,1578
DA:1187,1578
DA:1188,1578
DA:1189,1578
DA:1190,1578
DA:1191,2392
DA:1192,1573
DA:1193,1573
DA:1194,1573
DA:1195,2392
DA:1196,1572
DA:1197,1572
DA:1198,1572
DA:1199,1572
DA:1200,1572
DA:1201,1572
DA:1202,1572
DA:1203,1572
DA:1204,1572
DA:1205,2392
DA:1206,71
DA:1207,71
DA:1208,71
DA:1209,110
DA:1210,2
DA:1211,2
DA:1212,2
DA:1213,2
DA:1214,2
DA:1215,2
DA:1216,2
DA:1217,2
DA:1218,110
DA:1219,69
DA:1220,69
DA:1221,69
DA:1222,1501
DA:1223,1501
DA:1224,1501
DA:1225,1501
DA:1226,2392
DA:1227,4
DA:1228,4
DA:1229,10
DA:1230,1
DA:1231,1
DA:1232,1
DA:1233,1
DA:1234,1
DA:1235,1
DA:1236,1
DA:1237,1
DA:1238,10
DA:1239,3
DA:1240,3
DA:1241,3
DA:1242,1497
DA:1243,1497
DA:1244,2392
DA:1245,22
DA:1246,22
DA:1247,1475
DA:1248,1475
DA:1249,1475
DA:1250,1475
DA:1251,1475
DA:1252,2392
DA:1253,13
DA:1254,13
DA:1255,13
DA:1256,1462
DA:1257,1462
DA:1258,1462
DA:1259,1462
DA:1260,348
DA:1261,348
DA:1262,348
DA:1263,348
DA:1264,348
DA:1265,348
DA:1266,348
DA:1267,348
DA:1268,348
DA:1269,348
DA:1270,348
DA:1271,348
DA:1272,348
DA:1273,348
DA:1274,348
DA:1275,348
DA:1276,348
DA:1277,348
DA:1278,348
DA:1279,348
DA:1280,348
DA:1281,348
DA:1282,348
DA:1283,348
DA:1284,348
DA:1285,348
DA:1286,348
DA:1287,348
DA:1288,348
DA:1289,348
DA:1290,348
DA:1291,348
DA:1292,348
DA:1293,348
DA:1294,348
DA:1295,348
DA:1296,348
DA:1297,348
DA:1298,348
DA:1299,348
DA:1300,348
DA:1301,348
DA:1302,348
DA:1303,348
DA:1304,348
DA:1305,348
DA:1306,348
DA:1307,348
DA:1308,348
DA:1309,348
DA:1310,348
DA:1311,348
DA:1312,348
DA:1313,348
DA:1314,348
DA:1315,348
DA:1316,348
DA:1317,348
DA:1318,348
DA:1319,348
DA:1320,348
DA:1321,348
DA:1322,348
DA:1323,348
DA:1324,348
DA:1325,348
DA:1326,348
DA:1327,348
DA:1328,348
DA:1329,348
DA:1330,348
DA:1331,348
DA:1332,348
DA:1333,348
DA:1334,348
DA:1335,348
DA:1336,348
DA:1337,348
DA:1338,348
DA:1339,348
DA:1340,348
DA:1341,348
DA:1342,348
DA:1343,348
DA:1344,348
DA:1345,348
DA:1346,348
DA:1347,348
DA:1348,348
DA:1349,348
DA:1350,348
DA:1351,348
DA:1352,348
DA:1353,348
DA:1354,348
DA:1355,348
DA:1356,348
DA:1357,348
DA:1358,348
DA:1359,348
DA:1360,348
DA:1361,348
DA:1362,348
DA:1363,348
DA:1364,348
DA:1365,348
DA:1366,348
DA:1367,348
DA:1368,348
DA:1369,348
DA:1370,348
DA:1371,348
DA:1372,348
DA:1373,348
DA:1374,348
DA:1375,348
DA:1376,348
DA:1377,348
DA:1378,348
DA:1379,348
DA:1380,348
DA:1381,348
DA:1382,348
DA:1383,348
DA:1384,348
DA:1385,348
DA:1386,348
DA:1387,348
DA:1388,348
DA:1389,348
DA:1390,348
DA:1391,348
DA:1392,348
DA:1393,348
DA:1394,348
DA:1395,348
DA:1396,755
DA:1397,755
DA:1398,755
DA:1399,755
DA:1400,755
DA:1401,755
DA:1402,755
DA:1403,484
DA:1404,484
DA:1405,484
DA:1406,755
DA:1407,483
DA:1408,483
DA:1409,755
DA:1410,263
DA:1411,263
DA:1412,483
DA:1413,483
DA:1414,755
DA:1415,77
DA:1416,77
DA:1417,77
DA:1418,77
DA:1419,77
DA:1420,77
DA:1421,77
DA:1422,77
DA:1423,77
DA:1424,77
DA:1425,77
DA:1426,77
DA:1427,77
DA:1428,77
DA:1429,77
DA:1430,77
DA:1431,77
DA:1432,77
DA:1433,77
DA:1434,77
DA:1435,77
DA:1436,77
DA:1437,77
DA:1438,77
DA:1439,77
DA:1440,77
DA:1441,77
DA:1442,77
DA:1443,29
DA:1444,29
DA:1445,29
DA:1446,29
DA:1447,29
DA:1448,21
DA:1449,21
DA:1450,21
DA:1451,21
DA:1452,21
DA:1453,21
DA:1454,21
DA:1455,21
DA:1456,21
DA:1457,6
DA:1458,6
DA:1459,6
DA:1460,6
DA:1461,6
DA:1462,6
DA:1463,6
DA:1464,6
DA:1465,6
DA:1466,6
DA:1467,6
DA:1468,6
DA:1469,6
DA:1470,6
DA:1471,21
DA:1472,21
DA:1473,29
DA:1474,48
DA:1475,48
DA:1476,48
DA:1477,48
DA:1478,48
DA:1479,48
DA:1480,48
DA:1481,48
DA:1482,48
DA:1483,48
DA:1484,48
DA:1485,48
DA:1486,35
DA:1487,35
DA:1488,48
DA:1489,755
DA:1490,483
DA:1491,483
DA:1492,483
DA:1493,755
DA:1494,755
DA:1495,755
DA:1496,755
DA:1497,755
DA:1498,755
DA:1499,462
DA:1500,755
DA:1501,25
DA:1502,25
DA:1503,458
DA:1504,458
DA:1505,3
DA:1506,3
DA:1507,483
DA:1508,483
DA:1509,755
DA:1510,755
DA:1511,755
DA:1512,755
DA:1513,755
DA:1514,755
DA:1515,755
DA:1516,755
DA:1517,755
DA:1518,755
DA:1519,755
DA:1520,755
DA:1521,755
DA:1522,755
DA:1523,755
DA:1524,755
DA:1525,755
DA:1526,755
DA:1527,2259
DA:1528,1300
DA:1529,1300
DA:1530,2259
DA:1531,483
DA:1532,483
DA:1533,483
DA:1534,483
DA:1535,483
DA:1536,483
DA:1537,483
DA:1538,483
DA:1539,483
DA:1540,483
DA:1541,483
DA:1542,483
DA:1543,483
DA:1544,483
DA:1545,483
DA:1546,483
DA:1547,483
DA:1548,483
DA:1549,483
DA:1550,483
DA:1551,483
DA:1552,483
DA:1553,483
DA:1554,483
DA:1555,483
DA:1556,483
DA:1557,483
DA:1558,483
DA:1559,483
DA:1560,483
DA:1561,483
DA:1562,483
DA:1563,755
DA:1564,483
DA:1565,483
DA:1566,483
DA:1567,3
DA:1568,3
DA:1569,3
DA:1570,3
DA:1571,3
DA:1572,483
DA:1573,483
DA:1574,483
DA:1575,483
DA:1576,483
DA:1577,483
DA:1578,483
DA:1579,483
DA:1580,483
DA:1581,755
DA:1582,483
DA:1583,483
DA:1584,483
DA:1585,483
DA:1586,483
DA:1587,755
DA:1588,258
DA:1589,258
DA:1590,258
DA:1591,258
DA:1592,258
DA:1593,258
DA:1594,258
DA:1595,258
DA:1596,258
DA:1597,258
DA:1598,258
DA:1599,258
DA:1600,258
DA:1601,258
DA:1602,258
DA:1603,258
DA:1604,258
DA:1605,258
DA:1606,258
DA:1607,258
DA:1608,258
DA:1609,258
DA:1610,255
DA:1611,255
DA:1612,255
DA:1613,255
DA:1614,76
DA:1615,76
DA:1616,76
DA:1617,76
DA:1618,76
DA:1619,76
DA:1620,76
DA:1621,76
DA:1622,76
DA:1623,76
DA:1624,76
DA:1625,19
DA:1626,19
DA:1627,76
DA:1628,255
DA:1629,255
DA:1630,255
DA:1631,71
DA:1632,71
DA:1633,71
DA:1634,71
DA:1635,71
DA:1636,71
DA:1637,15
DA:1638,15
DA:1639,15
DA:1640,15
DA:1641,15
DA:1642,15
DA:1643,15
DA:1644,15
DA:1645,15
DA:1646,71
DA:1647,255
DA:1648,255
DA:1649,255
DA:1650,497
DA:1651,497
DA:1652,497
DA:1653,497
DA:1654,497
DA:1655,497
DA:1656,497
DA:1657,497
DA:1658,497
DA:1659,1
DA:1660,1
DA:1661,1
DA:1662,238
DA:1663,238
DA:1664,67
DA:1665,67
DA:1666,67
DA:1667,67
DA:1668,67
DA:1669,9
DA:1670,67
DA:1671,238
DA:1672,59
DA:1673,4
DA:1674,4
DA:1675,4
DA:1676,4
DA:1677,4
DA:1678,4
DA:1679,97
DA:1680,97
DA:1681,97
DA:1682,97
DA:1683,97
DA:1684,97
DA:1685,97
DA:1686,97
DA:1687,59
DA:1688,59
DA:1689,59
DA:1690,59
DA:1691,97
DA:1692,97
DA:1693,97
DA:1694,97
DA:1695,97
DA:1696,97
DA:1697,97
DA:1698,97
DA:1699,97
DA:1700,59
DA:1701,59
DA:1702,4
DA:1703,59
DA:1704,4
DA:1705,4
DA:1706,4
DA:1707,4
DA:1708,4
DA:1709,15
DA:1710,15
DA:1711,15
DA:1712,15
DA:1713,12
DA:1714,15
DA:1715,3
DA:1716,3
DA:1717,3
DA:1718,3
DA:1719,3
DA:1720,4
DA:1721,97
DA:1722,97
DA:1723,97
DA:1724,97
DA:1725,97
DA:1726,97
DA:1727,97
DA:1728,97
DA:1729,97
DA:1730,97
DA:1731,97
DA:1732,97
DA:1733,97
DA:1734,97
DA:1735,97
DA:1736,179
DA:1737,179
DA:1738,179
DA:1739,179
DA:1740,179
DA:1741,179
DA:1742,179
DA:1743,179
DA:1744,179
DA:1745,179
DA:1746,179
DA:1747,497
DA:1748,179
DA:1749,179
DA:1750,179
DA:1751,179
DA:1752,179
DA:1753,179
DA:1754,179
DA:1755,179
DA:1756,497
DA:1757,497
DA:1758,179
DA:1759,179
DA:1760,179
DA:1761,269
DA:1762,269
DA:1763,269
DA:1764,269
DA:1765,269
DA:1766,269
DA:1767,269
DA:1768,269
DA:1769,269
DA:1770,269
DA:1771,269
DA:1772,269
DA:1773,269
DA:1774,269
DA:1775,269
DA:1776,269
DA:1777,179
DA:1778,179
DA:1779,179
DA:1780,179
DA:1781,386
DA:1782,386
DA:1783,386
DA:1784,386
DA:1785,386
DA:1786,386
DA:1787,386
DA:1788,386
DA:1789,386
DA:1790,386
DA:1791,386
DA:1792,386
DA:1793,386
DA:1794,386
DA:1795,386
DA:1796,386
DA:1797,386
DA:1798,386
DA:1799,386
DA:1800,386
DA:1801,386
DA:1802,386
DA:1803,386
DA:1804,386
DA:1805,386
DA:1806,386
DA:1807,386
DA:1808,386
DA:1809,386
DA:1810,386
DA:1811,386
DA:1812,386
DA:1813,386
DA:1814,386
DA:1815,386
DA:1816,386
DA:1817,179
DA:1818,179
DA:1819,179
DA:1820,179
DA:1821,3
DA:1822,3
DA:1823,3
DA:1824,3
DA:1825,3
DA:1826,3
DA:1827,179
DA:1828,255
DA:1829,255
DA:1830,255
DA:1831,255
DA:1832,255
DA:1833,255
DA:1834,255
DA:1835,258
DA:1836,3
DA:1837,3
DA:1838,3
DA:1839,3
DA:1840,3
DA:1841,3
DA:1842,3
DA:1843,3
DA:1844,3
DA:1845,3
DA:1846,3
DA:1847,3
DA:1848,3
DA:1849,3
DA:1850,27
DA:1851,27
DA:1852,3
DA:1853,3
DA:1854,3
DA:1855,258
DA:1856,30
DA:1857,30
DA:1858,30
DA:1859,76
DA:1860,76
DA:1861,76
DA:1862,7
DA:1863,7
DA:1864,23
DA:1865,23
DA:1866,23
DA:1867,76
DA:1868,76
DA:1869,76
DA:1870,76
DA:1871,76
DA:1872,30
DA:1873,30
DA:1874,3
DA:1875,3
DA:1876,3
DA:1877,3
DA:1878,3
DA:1879,3
DA:1880,3
DA:1881,3
DA:1882,3
DA:1883,3
DA:1884,3
DA:1885,3
DA:1886,3
DA:1887,3
DA:1888,258
DA:1889,3
DA:1890,3
DA:1891,3
DA:1892,3
DA:1893,3
DA:1894,3
DA:1895,3
DA:1896,258
DA:1897,225
DA:1898,225
DA:1899,225
DA:1900,225
DA:1901,225
DA:1902,225
DA:1903,225
DA:1904,225
DA:1905,225
DA:1906,225
DA:1907,225
DA:1908,225
DA:1909,225
DA:1910,225
DA:1911,225
DA:1912,225
DA:1913,225
DA:1914,225
DA:1915,225
DA:1916,225
DA:1917,225
DA:1918,225
DA:1919,225
DA:1920,225
DA:1921,225
DA:1922,675
DA:1923,672
DA:1924,672
DA:1925,672
DA:1926,675
DA:1927,225
DA:1928,225
DA:1929,225
DA:1930,225
DA:1931,225
DA:1932,225
DA:1933,225
DA:1934,225
DA:1935,225
DA:1936,225
DA:1937,225
DA:1938,225
DA:1939,225
DA:1940,225
DA:1941,225
DA:1942,225
DA:1943,225
DA:1944,225
DA:1945,225
DA:1946,225
DA:1947,225
DA:1948,225
DA:1949,225
DA:1950,225
DA:1951,225
DA:1952,225
DA:1953,225
DA:1954,225
DA:1955,225
DA:1956,225
DA:1957,225
DA:1958,225
DA:1959,225
DA:1960,225
DA:1961,225
DA:1962,225
DA:1963,225
DA:1964,225
DA:1965,225
DA:1966,225
DA:1967,225
DA:1968,225
DA:1969,225
DA:1970,225
DA:1971,225
DA:1972,225
DA:1973,225
DA:1974,225
DA:1975,225
DA:1976,225
DA:1977,225
DA:1978,225
DA:1979,225
DA:1980,225
DA:1981,225
DA:1982,225
DA:1983,225
DA:1984,225
DA:1985,225
DA:1986,10
DA:1987,10
DA:1988,10
DA:1989,10
DA:1990,10
DA:1991,10
DA:1992,10
DA:1993,10
DA:1994,10
DA:1995,10
DA:1996,10
DA:1997,10
DA:1998,10
DA:1999,10
DA:2000,10
DA:2001,10
DA:2002,10
DA:2003,10
DA:2004,10
DA:2005,10
DA:2006,10
DA:2007,10
DA:2008,10
DA:2009,10
DA:2010,10
DA:2011,10
DA:2012,10
DA:2013,10
DA:2014,10
DA:2015,10
DA:2016,215
DA:2017,215
DA:2018,36
DA:2019,36
DA:2020,225
DA:2021,225
DA:2022,0
DA:2023,0
DA:2024,0
DA:2025,0
DA:2026,0
DA:2027,0
DA:2028,225
DA:2029,225
DA:2030,225
DA:2031,225
DA:2032,225
DA:2033,225
DA:2034,225
DA:2035,225
DA:2036,225
DA:2037,225
DA:2038,225
DA:2039,225
DA:2040,209
DA:2041,209
DA:2042,209
DA:2043,209
DA:2044,209
DA:2045,209
DA:2046,209
DA:2047,209
DA:2048,209
DA:2049,209
DA:2050,209
DA:2051,209
DA:2052,209
DA:2053,209
DA:2054,209
DA:2055,209
DA:2056,209
DA:2057,1050
DA:2058,1050
DA:2059,1050
DA:2060,209
DA:2061,209
DA:2062,209
DA:2063,1050
DA:2064,1050
DA:2065,1050
DA:2066,209
DA:2067,209
DA:2068,106
DA:2069,106
DA:2070,106
DA:2071,209
DA:2072,209
DA:2073,209
DA:2074,209
DA:2075,209
DA:2076,209
DA:2077,209
DA:2078,209
DA:2079,209
DA:2080,209
DA:2081,209
DA:2082,209
DA:2083,209
DA:2084,209
DA:2085,209
DA:2086,209
DA:2087,209
DA:2088,209
DA:2089,16
DA:2090,16
DA:2091,16
DA:2092,16
DA:2093,16
DA:2094,16
DA:2095,16
DA:2096,225
DA:2097,225
DA:2098,348
DA:2099,348
DA:2100,348
DA:2101,348
DA:2102,348
DA:2103,348
DA:2104,348
DA:2105,348
DA:2106,348
DA:2107,348
DA:2108,348
DA:2109,348
DA:2110,348
DA:2111,348
DA:2112,348
DA:2113,348
DA:2114,348
DA:2115,263
DA:2116,263
DA:2117,263
DA:2118,263
DA:2119,263
DA:2120,263
DA:2121,263
DA:2122,263
DA:2123,248
DA:2124,248
DA:2125,263
DA:2126,248
DA:2127,248
DA:2128,248
DA:2129,248
DA:2130,248
DA:2131,263
DA:2132,248
DA:2133,263
DA:2134,263
DA:2135,31
DA:2136,31
DA:2137,31
DA:2138,348
DA:2139,348
DA:2140,348
DA:2141,348
DA:2142,348
DA:2143,348
DA:2144,348
DA:2145,348
DA:2146,348
DA:2147,348
DA:2148,348
DA:2149,348
DA:2150,348
DA:2151,348
DA:2152,348
DA:2153,348
DA:2154,348
DA:2155,348
DA:2156,348
DA:2157,348
DA:2158,348
DA:2159,348
DA:2160,348
DA:2161,236
DA:2162,236
DA:2163,236
DA:2164,236
DA:2165,18
DA:2166,18
DA:2167,18
DA:2168,18
DA:2169,18
DA:2170,18
DA:2171,18
DA:2172,18
DA:2173,18
DA:2174,18
DA:2175,18
DA:2176,1961
DA:2177,1961
DA:2178,8
DA:2179,8
DA:2180,18
DA:2181,18
DA:2182,18
DA:2183,18
DA:2184,18
DA:2185,236
DA:2186,1130
DA:2187,1130
DA:2188,1130
DA:2189,18
DA:2190,18
DA:2191,348
DA:2192,348
DA:2193,348
DA:2194,348
DA:2195,348
DA:2196,348
DA:2197,348
DA:2198,348
DA:2199,348
DA:2200,348
DA:2201,348
DA:2202,348
DA:2203,348
DA:2204,348
DA:2205,348
DA:2206,348
DA:2207,348
DA:2208,348
DA:2209,348
DA:2210,348
DA:2211,348
DA:2212,348
DA:2213,348
DA:2214,348
DA:2215,6
DA:2216,6
DA:2217,6
DA:2218,6
DA:2219,6
DA:2220,6
DA:2221,6
DA:2222,6
DA:2223,6
DA:2224,6
DA:2225,5
DA:2226,5
DA:2227,5
DA:2228,6
DA:2229,2
DA:2230,2
DA:2231,2
DA:2232,3
DA:2233,3
DA:2234,3
DA:2235,3
DA:2236,348
DA:2237,348
DA:2238,348
DA:2239,348
DA:2240,348
DA:2241,348
DA:2242,348
DA:2243,348
DA:2244,348
DA:2245,348
DA:2246,348
DA:2247,348
DA:2248,348
DA:2249,348
DA:2250,348
DA:2251,348
DA:2252,348
DA:2253,348
DA:2254,348
DA:2255,348
DA:2256,348
DA:2257,348
DA:2258,348
DA:2259,348
DA:2260,348
DA:2261,348
DA:2262,348
DA:2263,348
DA:2264,348
DA:2265,348
DA:2266,348
DA:2267,348
DA:2268,348
DA:2269,348
DA:2270,348
DA:2271,348
DA:2272,2301
DA:2273,2301
DA:2274,2301
DA:2275,2301
DA:2276,2301
DA:2277,2301
DA:2278,2301
DA:2279,2301
DA:2280,2301
DA:2281,2301
DA:2282,2301
DA:2283,2301
DA:2284,2301
DA:2285,2301
DA:2286,2301
DA:2287,2301
DA:2288,2301
DA:2289,2301
DA:2290,2301
DA:2291,2301
DA:2292,2301
DA:2293,2301
DA:2294,1368
DA:2295,1368
DA:2296,2301
DA:2297,2301
DA:2298,2301
DA:2299,2301
DA:2300,2301
DA:2301,2301
DA:2302,2301
DA:2303,2301
DA:2304,2301
DA:2305,0
DA:2306,0
DA:2307,2301
DA:2308,2301
DA:2309,2301
DA:2310,348
DA:2311,348
DA:2312,348
DA:2313,348
DA:2314,348
DA:2315,348
DA:2316,348
DA:2317,348
DA:2318,348
DA:2319,348
DA:2320,348
DA:2321,348
DA:2322,348
DA:2323,348
DA:2324,348
DA:2325,348
DA:2326,348
DA:2327,348
DA:2328,348
DA:2329,348
DA:2330,348
DA:2331,348
DA:2332,348
DA:2333,348
DA:2334,348
DA:2335,348
DA:2336,348
DA:2337,348
DA:2338,348
DA:2339,348
DA:2340,348
DA:2341,348
DA:2342,348
DA:2343,348
DA:2344,348
DA:2345,348
DA:2346,348
DA:2347,348
DA:2348,348
DA:2349,348
DA:2350,348
DA:2351,348
DA:2352,348
DA:2353,348
DA:2354,348
DA:2355,348
DA:2356,348
DA:2357,348
DA:2358,348
DA:2359,348
DA:2360,348
DA:2361,348
DA:2362,348
DA:2363,348
DA:2364,348
DA:2365,348
DA:2366,348
DA:2367,348
DA:2368,348
DA:2369,348
DA:2370,348
DA:2371,348
DA:2372,348
DA:2373,348
DA:2374,348
DA:2375,348
DA:2376,348
DA:2377,348
DA:2378,348
DA:2379,348
DA:2380,348
DA:2381,348
DA:2382,348
DA:2383,348
DA:2384,0
DA:2385,0
DA:2386,0
DA:2387,0
DA:2388,0
DA:2389,0
DA:2390,0
DA:2391,0
DA:2392,0
DA:2393,0
DA:2394,0
DA:2395,0
DA:2396,0
DA:2397,0
DA:2398,0
DA:2399,348
DA:2400,348
DA:2401,348
DA:2402,348
DA:2403,348
DA:2404,348
DA:2405,348
DA:2406,348
DA:2407,348
DA:2408,348
DA:2409,348
DA:2410,0
DA:2411,0
DA:2412,0
DA:2413,0
DA:2414,0
DA:2415,0
DA:2416,0
DA:2417,0
DA:2418,0
DA:2419,0
DA:2420,348
DA:2421,348
DA:2422,348
DA:2423,348
DA:2424,348
DA:2425,348
DA:2426,348
DA:2427,348
DA:2428,348
DA:2429,0
DA:2430,0
DA:2431,0
DA:2432,0
DA:2433,0
DA:2434,0
DA:2435,0
DA:2436,0
DA:2437,0
DA:2438,348
DA:2439,348
DA:2440,348
DA:2441,348
DA:2442,348
DA:2443,348
DA:2444,348
DA:2445,348
DA:2446,348
DA:2447,348
DA:2448,0
DA:2449,0
DA:2450,0
DA:2451,0
DA:2452,0
DA:2453,0
DA:2454,0
DA:2455,0
DA:2456,0
DA:2457,0
DA:2458,0
DA:2459,348
DA:2460,348
DA:2461,348
DA:2462,348
DA:2463,348
DA:2464,348
DA:2465,348
DA:2466,348
DA:2467,348
DA:2468,348
DA:2469,0
DA:2470,0
DA:2471,0
DA:2472,0
DA:2473,0
DA:2474,0
DA:2475,0
DA:2476,0
DA:2477,0
DA:2478,0
DA:2479,0
DA:2480,0
DA:2481,348
DA:2482,348
DA:2483,348
DA:2484,348
DA:2485,348
DA:2486,348
DA:2487,348
DA:2488,348
DA:2489,348
DA:2490,348
DA:2491,0
DA:2492,0
DA:2493,0
DA:2494,0
DA:2495,0
DA:2496,0
DA:2497,0
DA:2498,0
DA:2499,0
DA:2500,0
DA:2501,0
DA:2502,348
DA:2503,348
DA:2504,348
DA:2505,348
DA:2506,348
DA:2507,348
DA:2508,348
DA:2509,348
DA:2510,348
DA:2511,348
DA:2512,348
DA:2513,0
DA:2514,0
DA:2515,0
DA:2516,0
DA:2517,0
DA:2518,0
DA:2519,0
DA:2520,0
DA:2521,0
DA:2522,0
DA:2523,0
DA:2524,0
DA:2525,0
DA:2526,0
DA:2527,348
DA:2528,348
DA:2529,348
DA:2530,348
DA:2531,348
DA:2532,0
DA:2533,0
DA:2534,0
DA:2535,0
DA:2536,0
DA:2537,0
DA:2538,0
DA:2539,0
DA:2540,0
DA:2541,0
DA:2542,0
DA:2543,0
DA:2544,0
DA:2545,0
DA:2546,0
DA:2547,348
DA:2548,348
DA:2549,348
DA:2550,348
DA:2551,348
DA:2552,348
DA:2553,348
DA:2554,348
DA:2555,348
DA:2556,348
DA:2557,348
DA:2558,348
DA:2559,348
DA:2560,348
DA:2561,348
DA:2562,348
DA:2563,348
DA:2564,348
DA:2565,348
DA:2566,943
DA:2567,943
DA:2568,943
DA:2569,943
DA:2570,943
DA:2571,943
DA:2572,1
DA:2573,1
DA:2574,1
DA:2575,1
DA:2576,943
DA:2577,3
DA:2578,3
DA:2579,447
DA:2580,447
DA:2581,447
DA:2582,0
DA:2583,0
DA:2584,447
DA:2585,447
DA:2586,447
DA:2587,38
DA:2588,38
DA:2589,943
DA:2590,348
DA:2591,348
DA:2592,348
DA:2593,348
DA:2594,348
DA:2595,348
DA:2596,348
DA:2597,348
DA:2598,348
DA:2599,348
DA:2600,348
DA:2601,348
DA:2602,348
DA:2603,348
DA:2604,348
DA:2605,348
DA:2606,348
DA:2607,348
DA:2608,348
DA:2609,348
DA:2610,348
DA:2611,348
DA:2612,348
DA:2613,348
DA:2614,348
DA:2615,348
DA:2616,348
DA:2617,54
DA:2618,54
DA:2619,54
DA:2620,54
DA:2621,54
DA:2622,54
DA:2623,54
DA:2624,54
DA:2625,54
DA:2626,54
DA:2627,54
DA:2628,54
DA:2629,54
DA:2630,54
DA:2631,54
DA:2632,54
DA:2633,16
DA:2634,16
DA:2635,22
DA:2636,22
DA:2637,22
DA:2638,22
DA:2639,22
DA:2640,54
DA:2641,5
DA:2642,5
DA:2643,5
DA:2644,5
DA:2645,5
DA:2646,5
DA:2647,5
DA:2648,5
DA:2649,5
DA:2650,5
DA:2651,5
DA:2652,5
DA:2653,5
DA:2654,5
DA:2655,5
DA:2656,22
DA:2657,22
DA:2658,22
DA:2659,22
DA:2660,22
DA:2661,22
DA:2662,22
DA:2663,348
DA:2664,348
DA:2665,348
DA:2666,348
DA:2667,348
DA:2668,348
DA:2669,348
DA:2670,348
DA:2671,348
DA:2672,348
DA:2673,348
DA:2674,348
DA:2675,348
DA:2676,857
DA:2677,857
DA:2678,857
DA:2679,857
DA:2680,857
DA:2681,31
DA:2682,31
DA:2683,31
DA:2684,857
DA:2685,857
DA:2686,857
DA:2687,857
DA:2688,857
DA:2689,857
DA:2690,857
DA:2691,857
DA:2692,857
DA:2693,857
DA:2694,857
DA:2695,857
DA:2696,348
DA:2697,348
DA:2698,348
DA:2699,348
DA:2700,348
DA:2701,348
DA:2702,348
DA:2703,348
DA:2704,348
DA:2705,348
DA:2706,348
DA:2707,348
DA:2708,348
DA:2709,348
DA:2710,348
DA:2711,348
DA:2712,348
DA:2713,348
DA:2714,348
DA:2715,348
DA:2716,348
DA:2717,348
DA:2718,348
DA:2719,348
DA:2720,348
DA:2721,348
DA:2722,348
DA:2723,348
DA:2724,348
DA:2725,348
DA:2726,348
DA:2727,348
DA:2728,348
DA:2729,348
DA:2730,348
DA:2731,348
DA:2732,348
DA:2733,348
DA:2734,348
DA:2735,348
DA:2736,348
DA:2737,348
DA:2738,348
DA:2739,348
DA:2740,348
DA:2741,348
DA:2742,348
DA:2743,348
DA:2744,348
DA:2745,348
DA:2746,348
DA:2747,348
DA:2748,348
DA:2749,348
DA:2750,348
DA:2751,348
DA:2752,348
DA:2753,348
DA:2754,348
DA:2755,348
DA:2756,348
DA:2757,348
DA:2758,348
DA:2759,348
DA:2760,348
DA:2761,348
DA:2762,348
DA:2763,348
DA:2764,348
DA:2765,348
DA:2766,348
DA:2767,348
DA:2768,348
DA:2769,877
DA:2770,877
DA:2771,877
DA:2772,877
DA:2773,877
DA:2774,877
DA:2775,877
DA:2776,877
DA:2777,877
DA:2778,877
DA:2779,877
DA:2780,877
DA:2781,877
DA:2782,877
DA:2783,38
DA:2784,38
DA:2785,877
DA:2786,877
DA:2787,877
DA:2788,877
DA:2789,348
DA:2790,348
DA:2791,348
DA:2792,348
DA:2793,348
DA:2794,348
DA:2795,348
DA:2796,348
DA:2797,479
DA:2798,479
DA:2799,479
DA:2800,479
DA:2801,479
DA:2802,479
DA:2803,479
DA:2804,1
DA:2805,1
DA:2806,1
DA:2807,1
DA:2808,348
DA:2809,348
DA:2810,348
DA:2811,348
DA:2812,348
DA:2813,348
DA:2814,348
DA:2815,348
DA:2816,348
DA:2817,399
DA:2818,399
DA:2819,399
DA:2820,399
DA:2821,399
DA:2822,399
DA:2823,399
DA:2824,399
DA:2825,399
DA:2826,399
DA:2827,399
DA:2828,399
DA:2829,399
DA:2830,399
DA:2831,399
DA:2832,399
DA:2833,399
DA:2834,399
DA:2835,399
DA:2836,399
DA:2837,4
DA:2838,4
DA:2839,4
DA:2840,4
DA:2841,4
DA:2842,4
DA:2843,399
DA:2844,399
DA:2845,399
DA:2846,17
DA:2847,17
DA:2848,17
DA:2849,17
DA:2850,17
DA:2851,17
DA:2852,17
DA:2853,17
DA:2854,348
DA:2855,348
DA:2856,348
DA:2857,348
DA:2858,348
DA:2859,348
DA:2860,348
DA:2861,348
DA:2862,213
DA:2863,213
DA:2864,213
DA:2865,213
DA:2866,213
DA:2867,213
DA:2868,2
DA:2869,2
DA:2870,2
DA:2871,2
DA:2872,2
DA:2873,2
DA:2874,2
DA:2875,2
DA:2876,2
DA:2877,2
DA:2878,2
DA:2879,213
DA:2880,213
DA:2881,2
DA:2882,213
DA:2883,213
DA:2884,1
DA:2885,1
DA:2886,213
DA:2887,213
DA:2888,213
DA:2889,213
DA:2890,213
DA:2891,0
DA:2892,0
DA:2893,0
DA:2894,0
DA:2895,0
DA:2896,0
DA:2897,0
DA:2898,0
DA:2899,0
DA:2900,0
DA:2901,0
DA:2902,0
DA:2903,0
DA:2904,0
DA:2905,0
DA:2906,0
DA:2907,0
DA:2908,0
DA:2909,0
DA:2910,0
DA:2911,213
DA:2912,213
DA:2913,213
DA:2914,213
DA:2915,213
DA:2916,213
DA:2917,213
DA:2918,213
DA:2919,213
DA:2920,213
DA:2921,0
DA:2922,0
DA:2923,213
DA:2924,213
DA:2925,213
DA:2926,213
DA:2927,213
DA:2928,213
DA:2929,213
DA:2930,213
DA:2931,213
DA:2932,213
DA:2933,213
DA:2934,213
DA:2935,348
DA:2936,348
DA:2937,348
DA:2938,348
DA:2939,348
DA:2940,348
DA:2941,348
DA:2942,348
DA:2943,348
DA:2944,348
DA:2945,709
DA:2946,709
DA:2947,709
DA:2948,709
DA:2949,709
DA:2950,709
DA:2951,709
DA:2952,104
DA:2953,104
DA:2954,187
DA:2955,187
DA:2956,187
DA:2957,187
DA:2958,187
DA:2959,187
DA:2960,187
DA:2961,709
DA:2962,157
DA:2963,157
DA:2964,157
DA:2965,157
DA:2966,24
DA:2967,24
DA:2968,24
DA:2969,157
DA:2970,157
DA:2971,187
DA:2972,187
DA:2973,709
DA:2974,187
DA:2975,187
DA:2976,187
DA:2977,187
DA:2978,348
DA:2979,348
DA:2980,348
DA:2981,348
DA:2982,348
DA:2983,348
DA:2984,348
DA:2985,348
DA:2986,348
DA:2987,348
DA:2988,348
DA:2989,348
DA:2990,348
DA:2991,348
DA:2992,348
DA:2993,348
DA:2994,348
DA:2995,13
DA:2996,13
DA:2997,348
DA:2998,348
DA:2999,348
DA:3000,348
DA:3001,348
DA:3002,348
DA:3003,348
DA:3004,348
DA:3005,348
DA:3006,2
DA:3007,2
DA:3008,348
DA:3009,348
DA:3010,348
DA:3011,348
DA:3012,348
DA:3013,348
DA:3014,348
DA:3015,348
DA:3016,348
DA:3017,348
DA:3018,13
DA:3019,13
DA:3020,13
DA:3021,13
DA:3022,13
DA:3023,348
DA:3024,348
DA:3025,348
DA:3026,348
DA:3027,348
DA:3028,348
DA:3029,348
DA:3030,348
DA:3031,348
DA:3032,348
DA:3033,348
DA:3034,39
DA:3035,39
DA:3036,26
DA:3037,26
DA:3038,26
DA:3039,39
DA:3040,39
DA:3041,39
DA:3042,348
DA:3043,348
DA:3044,348
DA:3045,348
DA:3046,348
DA:3047,348
DA:3048,348
DA:3049,348
DA:3050,348
DA:3051,348
DA:3052,13
DA:3053,13
DA:3054,13
DA:3055,13
DA:3056,13
DA:3057,13
DA:3058,13
DA:3059,13
DA:3060,0
DA:3061,0
DA:3062,13
DA:3063,13
DA:3064,11
DA:3065,11
DA:3066,11
DA:3067,10
DA:3068,10
DA:3069,11
DA:3070,11
DA:3071,11
DA:3072,11
DA:3073,11
DA:3074,11
DA:3075,11
DA:3076,11
DA:3077,11
DA:3078,1
DA:3079,1
DA:3080,1
DA:3081,1
DA:3082,1
DA:3083,1
DA:3084,1
DA:3085,1
DA:3086,13
DA:3087,13
DA:3088,13
DA:3089,348
LH:2933
LF:3089
end_of_record
SF:test/wpt-xhr.cmd.js
FN:36,anonymous_0
FN:58,parseCmdLine
FN:234,getHelp
FN:274,getError
FNDA:28,anonymous_0
FNDA:28,parseCmdLine
FNDA:1,getHelp
FNDA:14,getError
FNF:4
FNH:4
BRDA:1,0,0,28
BRDA:36,1,0,28
BRDA:41,2,0,0
BRDA:58,3,0,28
BRDA:62,4,0,20
BRDA:191,5,0,2
BRDA:191,6,0,1
BRDA:187,7,0,1
BRDA:187,8,0,2
BRDA:133,9,0,4
BRDA:149,10,0,6
BRDA:151,11,0,2
BRDA:167,12,0,2
BRDA:73,13,0,1
BRDA:91,14,0,1
BRDA:133,15,0,1
BRDA:234,16,0,1
BRDA:274,17,0,14
BRF:18
BRH:17
DA:1,28
DA:2,28
DA:3,28
DA:4,28
DA:5,28
DA:6,28
DA:7,28
DA:8,28
DA:9,28
DA:10,28
DA:11,28
DA:12,28
DA:13,28
DA:14,28
DA:15,28
DA:16,28
DA:17,28
DA:18,28
DA:19,28
DA:20,28
DA:21,28
DA:22,28
DA:23,28
DA:24,28
DA:25,28
DA:26,28
DA:27,28
DA:28,28
DA:29,28
DA:30,28
DA:31,28
DA:32,28
DA:33,28
DA:34,28
DA:35,28
DA:36,28
DA:37,28
DA:38,28
DA:39,28
DA:40,28
DA:41,28
DA:42,0
DA:43,28
DA:44,28
DA:45,28
DA:46,28
DA:47,28
DA:48,28
DA:49,28
DA:50,28
DA:51,28
DA:52,28
DA:53,28
DA:54,28
DA:55,28
DA:56,28
DA:57,28
DA:58,28
DA:59,28
DA:60,28
DA:61,28
DA:62,28
DA:63,20
DA:64,20
DA:65,20
DA:66,20
DA:67,20
DA:68,20
DA:69,20
DA:70,20
DA:71,20
DA:72,20
DA:73,20
DA:74,1
DA:75,1
DA:76,1
DA:77,1
DA:78,1
DA:79,1
DA:80,1
DA:81,1
DA:82,1
DA:83,1
DA:84,1
DA:85,1
DA:86,1
DA:87,1
DA:88,1
DA:89,1
DA:90,1
DA:91,1
DA:92,1
DA:93,1
DA:94,1
DA:95,1
DA:96,1
DA:97,1
DA:98,1
DA:99,1
DA:100,1
DA:101,1
DA:102,1
DA:103,1
DA:104,1
DA:105,1
DA:106,1
DA:107,1
DA:108,1
DA:109,1
DA:110,1
DA:111,1
DA:112,1
DA:113,1
DA:114,1
DA:115,1
DA:116,1
DA:117,1
DA:118,1
DA:119,1
DA:120,1
DA:121,1
DA:122,1
DA:123,1
DA:124,1
DA:125,1
DA:126,1
DA:127,1
DA:128,1
DA:129,1
DA:130,1
DA:131,1
DA:132,1
DA:133,1
DA:134,1
DA:135,1
DA:136,1
DA:137,1
DA:138,1
DA:139,1
DA:140,1
DA:141,1
DA:142,1
DA:143,1
DA:144,1
DA:145,1
DA:146,1
DA:147,1
DA:148,1
DA:149,1
DA:150,1
DA:151,1
DA:152,1
DA:153,1
DA:154,1
DA:155,1
DA:156,1
DA:157,1
DA:158,1
DA:159,1
DA:160,1
DA:161,1
DA:162,1
DA:163,1
DA:164,1
DA:165,1
DA:166,1
DA:167,1
DA:168,1
DA:169,1
DA:170,1
DA:171,1
DA:172,1
DA:173,1
DA:174,1
DA:175,1
DA:176,1
DA:177,1
DA:178,1
DA:179,1
DA:180,1
DA:181,1
DA:182,1
DA:183,1
DA:184,1
DA:185,1
DA:186,1
DA:187,1
DA:188,1
DA:189,1
DA:190,1
DA:191,1
DA:192,1
DA:193,1
DA:194,1
DA:195,1
DA:196,1
DA:197,1
DA:198,1
DA:199,1
DA:200,1
DA:201,1
DA:202,1
DA:203,1
DA:204,1
DA:205,1
DA:206,1
DA:207,1
DA:208,1
DA:209,1
DA:210,1
DA:211,1
DA:212,1
DA:213,1
DA:214,1
DA:215,1
DA:216,1
DA:217,1
DA:218,1
DA:219,1
DA:220,1
DA:221,20
DA:222,28
DA:223,28
DA:224,28
DA:225,28
DA:226,28
DA:227,28
DA:228,28
DA:229,28
DA:230,28
DA:231,28
DA:232,28
DA:233,28
DA:234,1
DA:235,1
DA:236,1
DA:237,1
DA:238,1
DA:239,1
DA:240,1
DA:241,1
DA:242,1
DA:243,1
DA:244,1
DA:245,1
DA:246,1
DA:247,1
DA:248,1
DA:249,1
DA:250,1
DA:251,1
DA:252,1
DA:253,1
DA:254,1
DA:255,1
DA:256,1
DA:257,1
DA:258,1
DA:259,1
DA:260,1
DA:261,1
DA:262,28
DA:263,28
DA:264,28
DA:265,28
DA:266,28
DA:267,28
DA:268,28
DA:269,28
DA:270,28
DA:271,28
DA:272,28
DA:273,28
DA:274,14
DA:275,14
DA:276,14
DA:277,14
DA:278,14
DA:279,14
DA:280,14
DA:281,14
DA:282,14
DA:283,14
DA:284,14
DA:285,14
DA:286,14
DA:287,14
DA:288,14
DA:289,14
DA:290,14
DA:291,14
DA:292,14
DA:293,14
DA:294,14
DA:295,14
DA:296,14
DA:297,14
DA:298,14
DA:299,14
DA:300,14
DA:301,14
DA:302,14
DA:303,14
DA:304,14
LH:303
LF:304
end_of_record
SF:test/wpt-xhr.cmd.test.js
FN:49,anonymous_0
FN:54,anonymous_1
FN:59,anonymous_2
FN:75,loadTestData
FN:520,nodeRunner
FN:523,anonymous_5
FN:525,anonymous_6
FN:539,defRunner
FN:571,makeTest
FN:623,getCmdOutput
FN:627,anonymous_10
FN:628,anonymous_11
FNDA:1,anonymous_0
FNDA:1,anonymous_1
FNDA:0,anonymous_2
FNDA:1,loadTestData
FNDA:4,nodeRunner
FNDA:26,anonymous_5
FNDA:26,anonymous_6
FNDA:0,defRunner
FNDA:26,makeTest
FNDA:26,getCmdOutput
FNDA:26,anonymous_10
FNDA:26,anonymous_11
FNF:12
FNH:12
BRDA:1,0,0,1
BRDA:25,1,0,0
BRDA:49,2,0,1
BRDA:62,3,0,0
BRDA:54,4,0,1
BRDA:75,5,0,1
BRDA:520,6,0,1
BRDA:522,7,0,4
BRDA:523,8,0,4
BRDA:524,9,0,26
BRDA:525,10,0,26
BRDA:571,11,0,26
BRDA:578,12,0,0
BRDA:591,13,0,0
BRDA:623,14,0,26
BRDA:627,15,0,26
BRDA:628,16,0,26
BRF:17
BRH:16
DA:1,1
DA:2,1
DA:3,1
DA:4,1
DA:5,1
DA:6,1
DA:7,1
DA:8,1
DA:9,1
DA:10,1
DA:11,1
DA:12,1
DA:13,1
DA:14,1
DA:15,1
DA:16,1
DA:17,1
DA:18,1
DA:19,1
DA:20,1
DA:21,1
DA:22,1
DA:23,1
DA:24,1
DA:25,1
DA:26,1
DA:27,1
DA:28,1
DA:29,1
DA:30,1
DA:31,1
DA:32,1
DA:33,1
DA:34,1
DA:35,1
DA:36,1
DA:37,1
DA:38,1
DA:39,1
DA:40,1
DA:41,1
DA:42,1
DA:43,1
DA:44,1
DA:45,1
DA:46,1
DA:47,1
DA:48,1
DA:49,1
DA:50,1
DA:51,1
DA:52,1
DA:53,1
DA:54,1
DA:55,1
DA:56,1
DA:57,1
DA:58,1
DA:68,1
DA:69,1
DA:70,1
DA:71,1
DA:72,1
DA:73,1
DA:74,1
DA:75,1
DA:76,1
DA:77,1
DA:78,1
DA:79,1
DA:80,1
DA:81,1
DA:82,1
DA:83,1
DA:84,1
DA:85,1
DA:86,1
DA:87,1
DA:88,1
DA:89,1
DA:90,1
DA:91,1
DA:92,1
DA:93,1
DA:94,1
DA:95,1
DA:96,1
DA:97,1
DA:98,1
DA:99,1
DA:100,1
DA:101,1
DA:102,1
DA:103,1
DA:104,1
DA:105,1
DA:106,1
DA:107,1
DA:108,1
DA:109,1
DA:110,1
DA:111,1
DA:112,1
DA:113,1
DA:114,1
DA:115,1
DA:116,1
DA:117,1
DA:118,1
DA:119,1
DA:120,1
DA:121,1
DA:122,1
DA:123,1
DA:124,1
DA:125,1
DA:126,1
DA:127,1
DA:128,1
DA:129,1
DA:130,1
DA:131,1
DA:132,1
DA:133,1
DA:134,1
DA:135,1
DA:136,1
DA:137,1
DA:138,1
DA:139,1
DA:140,1
DA:141,1
DA:142,1
DA:143,1
DA:144,1
DA:145,1
DA:146,1
DA:147,1
DA:148,1
DA:149,1
DA:150,1
DA:151,1
DA:152,1
DA:153,1
DA:154,1
DA:155,1
DA:156,1
DA:157,1
DA:158,1
DA:159,1
DA:160,1
DA:161,1
DA:162,1
DA:163,1
DA:164,1
DA:165,1
DA:166,1
DA:167,1
DA:168,1
DA:169,1
DA:170,1
DA:171,1
DA:172,1
DA:173,1
DA:174,1
DA:175,1
DA:176,1
DA:177,1
DA:178,1
DA:179,1
DA:180,1
DA:181,1
DA:182,1
DA:183,1
DA:184,1
DA:185,1
DA:186,1
DA:187,1
DA:188,1
DA:189,1
DA:190,1
DA:191,1
DA:192,1
DA:193,1
DA:194,1
DA:195,1
DA:196,1
DA:197,1
DA:198,1
DA:199,1
DA:200,1
DA:201,1
DA:202,1
DA:203,1
DA:204,1
DA:205,1
DA:206,1
DA:207,1
DA:208,1
DA:209,1
DA:210,1
DA:211,1
DA:212,1
DA:213,1
DA:214,1
DA:215,1
DA:216,1
DA:217,1
DA:218,1
DA:219,1
DA:220,1
DA:221,1
DA:222,1
DA:223,1
DA:224,1
DA:225,1
DA:226,1
DA:227,1
DA:228,1
DA:229,1
DA:230,1
DA:231,1
DA:232,1
DA:233,1
DA:234,1
DA:235,1
DA:236,1
DA:237,1
DA:238,1
DA:239,1
DA:240,1
DA:241,1
DA:242,1
DA:243,1
DA:244,1
DA:245,1
DA:246,1
DA:247,1
DA:248,1
DA:249,1
DA:250,1
DA:251,1
DA:252,1
DA:253,1
DA:254,1
DA:255,1
DA:256,1
DA:257,1
DA:258,1
DA:259,1
DA:260,1
DA:261,1
DA:262,1
DA:263,1
DA:264,1
DA:265,1
DA:266,1
DA:267,1
DA:268,1
DA:269,1
DA:270,1
DA:271,1
DA:272,1
DA:273,1
DA:274,1
DA:275,1
DA:276,1
DA:277,1
DA:278,1
DA:279,1
DA:280,1
DA:281,1
DA:282,1
DA:283,1
DA:284,1
DA:285,1
DA:286,1
DA:287,1
DA:288,1
DA:289,1
DA:290,1
DA:291,1
DA:292,1
DA:293,1
DA:294,1
DA:295,1
DA:296,1
DA:297,1
DA:298,1
DA:299,1
DA:300,1
DA:301,1
DA:302,1
DA:303,1
DA:304,1
DA:305,1
DA:306,1
DA:307,1
DA:308,1
DA:309,1
DA:310,1
DA:311,1
DA:312,1
DA:313,1
DA:314,1
DA:315,1
DA:316,1
DA:317,1
DA:318,1
DA:319,1
DA:320,1
DA:321,1
DA:322,1
DA:323,1
DA:324,1
DA:325,1
DA:326,1
DA:327,1
DA:328,1
DA:329,1
DA:330,1
DA:331,1
DA:332,1
DA:333,1
DA:334,1
DA:335,1
DA:336,1
DA:337,1
DA:338,1
DA:339,1
DA:340,1
DA:341,1
DA:342,1
DA:343,1
DA:344,1
DA:345,1
DA:346,1
DA:347,1
DA:348,1
DA:349,1
DA:350,1
DA:351,1
DA:352,1
DA:353,1
DA:354,1
DA:355,1
DA:356,1
DA:357,1
DA:358,1
DA:359,1
DA:360,1
DA:361,1
DA:362,1
DA:363,1
DA:364,1
DA:365,1
DA:366,1
DA:367,1
DA:368,1
DA:369,1
DA:370,1
DA:371,1
DA:372,1
DA:373,1
DA:374,1
DA:375,1
DA:376,1
DA:377,1
DA:378,1
DA:379,1
DA:380,1
DA:381,1
DA:382,1
DA:383,1
DA:384,1
DA:385,1
DA:386,1
DA:387,1
DA:388,1
DA:389,1
DA:390,1
DA:391,1
DA:392,1
DA:393,1
DA:394,1
DA:395,1
DA:396,1
DA:397,1
DA:398,1
DA:399,1
DA:400,1
DA:401,1
DA:402,1
DA:403,1
DA:404,1
DA:405,1
DA:406,1
DA:407,1
DA:408,1
DA:409,1
DA:410,1
DA:411,1
DA:412,1
DA:413,1
DA:414,1
DA:415,1
DA:416,1
DA:417,1
DA:418,1
DA:419,1
DA:420,1
DA:421,1
DA:422,1
DA:423,1
DA:424,1
DA:425,1
DA:426,1
DA:427,1
DA:428,1
DA:429,1
DA:430,1
DA:431,1
DA:432,1
DA:433,1
DA:434,1
DA:435,1
DA:436,1
DA:437,1
DA:438,1
DA:439,1
DA:440,1
DA:441,1
DA:442,1
DA:443,1
DA:444,1
DA:445,1
DA:446,1
DA:447,1
DA:448,1
DA:449,1
DA:450,1
DA:451,1
DA:452,1
DA:453,1
DA:454,1
DA:455,1
DA:456,1
DA:457,1
DA:458,1
DA:459,1
DA:460,1
DA:461,1
DA:462,1
DA:463,1
DA:464,1
DA:465,1
DA:466,1
DA:467,1
DA:468,1
DA:469,1
DA:470,1
DA:471,1
DA:472,1
DA:473,1
DA:474,1
DA:475,1
DA:476,1
DA:477,1
DA:478,1
DA:479,1
DA:480,1
DA:481,1
DA:482,1
DA:483,1
DA:484,1
DA:485,1
DA:486,1
DA:487,1
DA:488,1
DA:489,1
DA:490,1
DA:491,1
DA:492,1
DA:493,1
DA:494,1
DA:495,1
DA:496,1
DA:497,1
DA:498,1
DA:499,1
DA:500,1
DA:501,1
DA:502,1
DA:503,1
DA:504,1
DA:505,1
DA:506,1
DA:507,1
DA:508,1
DA:509,1
DA:510,1
DA:511,1
DA:512,1
DA:513,1
DA:514,1
DA:515,1
DA:516,1
DA:517,1
DA:518,1
DA:519,1
DA:520,1
DA:521,1
DA:522,1
DA:523,4
DA:524,4
DA:525,26
DA:526,26
DA:527,26
DA:528,26
DA:529,4
DA:530,4
DA:531,1
DA:532,1
DA:533,1
DA:564,1
DA:565,1
DA:566,1
DA:567,1
DA:568,1
DA:569,1
DA:570,1
DA:571,26
DA:572,26
DA:573,26
DA:574,26
DA:575,26
DA:576,26
DA:583,26
DA:584,26
DA:585,26
DA:586,26
DA:587,26
DA:588,26
DA:589,26
DA:610,26
DA:611,26
DA:612,26
DA:613,26
DA:614,26
DA:615,26
DA:616,1
DA:617,1
DA:618,1
DA:619,1
DA:620,1
DA:621,1
DA:622,1
DA:623,26
DA:624,26
DA:625,26
DA:626,26
DA:627,26
DA:628,26
DA:629,26
DA:630,26
DA:631,26
DA:632,26
DA:633,26
DA:634,26
DA:635,26
LH:635
LF:635
end_of_record
SF:test/wpt-xhr.test.js
[...]
BRDA:57,9,0,7
BRDA:62,10,0,7
BRDA:68,11,0,1
BRDA:72,12,0,4
BRDA:72,13,0,4
BRDA:80,14,0,3
BRDA:80,15,0,0
BRDA:80,16,0,0
BRDA:88,17,0,1
BRDA:96,18,0,0
BRDA:100,19,0,0
BRDA:50,20,0,2
BRF:21
BRH:14
DA:1,2
DA:2,2
DA:3,2
DA:4,2
DA:5,2
DA:6,2
DA:7,2
DA:8,2
DA:9,2
DA:10,2
DA:11,2
DA:12,2
DA:13,2
DA:14,2
DA:15,8
DA:16,8
DA:17,8
DA:18,8
DA:19,8
DA:20,8
DA:21,0
DA:22,0
DA:23,8
DA:24,8
DA:25,4
DA:26,4
DA:27,4
DA:28,4
DA:29,4
DA:30,0
DA:31,0
DA:32,0
DA:33,4
DA:34,8
DA:35,8
DA:36,8
DA:37,8
DA:38,8
DA:39,8
DA:40,4
DA:41,4
DA:42,4
DA:43,4
DA:44,8
DA:45,8
DA:46,8
DA:47,2
DA:48,2
DA:49,1
DA:50,1
DA:51,2
DA:52,2
DA:53,1
DA:54,1
DA:55,1
DA:56,1
DA:57,1
DA:58,7
DA:59,7
DA:60,1
DA:61,1
DA:62,1
DA:63,7
DA:64,7
DA:65,1
DA:66,1
DA:67,2
DA:68,2
DA:69,1
DA:70,1
DA:71,1
DA:72,1
DA:73,4
DA:74,4
DA:75,4
DA:76,4
DA:77,4
DA:78,4
DA:79,4
DA:80,4
DA:81,0
DA:82,0
DA:83,0
DA:84,0
DA:85,0
DA:86,0
DA:87,4
DA:88,4
DA:89,1
DA:90,1
DA:91,1
DA:92,4
DA:93,4
DA:94,4
DA:95,1
DA:96,1
DA:97,0
DA:98,0
DA:99,1
DA:100,1
DA:101,0
DA:102,0
DA:103,1
DA:104,2
DA:105,2
DA:106,0
DA:107,0
DA:108,2
DA:109,2
DA:110,2
DA:111,2
DA:112,2
DA:113,2
DA:114,2
DA:115,2
DA:116,2
DA:117,2
DA:118,2
DA:119,2
DA:120,2
DA:121,2
DA:122,2
DA:123,2
DA:124,2
DA:125,2
DA:126,2
DA:127,2
DA:128,2
DA:129,2
DA:130,2
DA:131,2
DA:132,2
DA:133,2
DA:134,2
DA:135,2
DA:136,2
DA:137,2
DA:138,2
DA:139,2
DA:140,2
DA:141,2
DA:142,2
DA:143,2
DA:144,2
DA:145,2
DA:146,2
DA:147,2
DA:148,2
DA:149,2
DA:150,2
DA:151,2
DA:152,2
DA:153,2
DA:154,2
DA:155,2
DA:156,2
DA:157,2
DA:158,2
DA:159,2
DA:160,2
DA:161,2
DA:162,2
DA:163,2
DA:164,2
DA:165,2
DA:166,2
DA:167,2
DA:168,2
DA:169,2
DA:170,2
DA:171,2
DA:172,2
DA:173,2
DA:174,2
DA:175,2
DA:176,2
DA:177,2
DA:178,2
DA:179,2
DA:180,2
DA:181,2
DA:182,2
DA:183,2
DA:184,2
DA:185,2
DA:186,2
DA:187,2
DA:188,2
DA:189,2
DA:190,2
DA:191,2
DA:192,2
DA:193,2
DA:194,2
DA:195,2
DA:196,2
DA:197,2
DA:198,2
DA:199,2
LH:182
LF:199
end_of_record
SF:test/wpt/xhr/xmlhttprequest-event-order.js
FN:6,record_xhr_event
FN:14,getNextEvent
FN:48,prepare_xhr_for_event_order_test
FN:68,assert_xhr_event_order_matches
FN:105,show_xhr_events
FNDA:0,record_xhr_event
FNDA:0,getNextEvent
FNDA:0,prepare_xhr_for_event_order_test
FNDA:0,assert_xhr_event_order_matches
FNDA:0,show_xhr_events
FNF:5
FNH:0
BRDA:1,0,0,2
BRF:1
BRH:1
DA:1,2
DA:2,2
DA:3,2
DA:4,2
DA:5,2
DA:6,2
DA:7,0
DA:8,0
DA:9,0
DA:10,0
DA:11,0
DA:12,0
DA:13,2
DA:14,2
DA:15,0
DA:16,0
DA:17,0
DA:18,0
DA:19,0
DA:20,0
DA:21,0
DA:22,0
DA:23,0
DA:24,0
DA:25,0
DA:26,0
DA:27,0
DA:28,0
DA:29,0
DA:30,0
DA:31,0
DA:32,0
DA:33,0
DA:34,0
DA:35,0
DA:36,0
DA:37,0
DA:38,0
DA:39,0
DA:40,0
DA:41,0
DA:42,0
DA:43,0
DA:44,0
DA:45,0
DA:46,0
DA:47,2
DA:48,2
DA:49,0
DA:50,0
DA:51,0
DA:52,0
DA:53,0
DA:54,0
DA:55,0
DA:56,0
DA:57,0
DA:58,0
DA:59,0
DA:60,0
DA:61,0
DA:62,0
DA:63,0
DA:64,0
DA:65,0
DA:66,0
DA:67,2
DA:68,2
DA:69,0
DA:70,0
DA:71,0
DA:72,0
DA:73,0
DA:74,0
DA:75,0
DA:76,0
DA:77,0
DA:78,0
DA:79,0
DA:80,0
DA:81,0
DA:82,0
DA:83,0
DA:84,0
DA:85,0
DA:86,0
DA:87,0
DA:88,0
DA:89,0
DA:90,0
DA:91,0
DA:92,0
DA:93,0
DA:94,0
DA:95,0
DA:96,0
DA:97,0
DA:98,0
DA:99,0
DA:100,0
DA:101,0
DA:102,0
DA:103,0
DA:104,2
DA:105,2
DA:106,0
DA:107,0
DA:108,2
DA:109,2
DA:110,2
DA:111,2
DA:112,2
DA:113,2
DA:114,2
DA:115,2
DA:116,2
DA:117,2
DA:118,2
DA:119,2
DA:120,2
DA:121,2
DA:122,2
DA:123,2
DA:124,2
DA:125,2
DA:126,2
DA:127,2
DA:128,2
DA:129,2
DA:130,2
DA:131,2
DA:132,2
DA:133,2
DA:134,2
DA:135,2
DA:136,2
DA:137,2
DA:138,2
DA:139,2
DA:140,2
DA:141,2
DA:142,2
DA:143,2
DA:144,2
DA:145,2
DA:146,2
DA:147,2
DA:148,2
DA:149,2
DA:150,2
DA:151,2
DA:152,2
DA:153,2
DA:154,2
DA:155,2
DA:156,2
DA:157,2
DA:158,2
DA:159,2
DA:160,2
DA:161,2
DA:162,2
DA:163,2
DA:164,2
DA:165,2
DA:166,2
DA:167,2
DA:168,2
DA:169,2
DA:170,2
DA:171,2
DA:172,2
DA:173,2
DA:174,2
DA:175,2
DA:176,2
DA:177,2
DA:178,2
DA:179,2
DA:180,2
DA:181,2
DA:182,2
DA:183,2
DA:184,2
DA:185,2
DA:186,2
DA:187,2
DA:188,2
DA:189,2
DA:190,2
DA:191,2
DA:192,2
DA:193,2
DA:194,2
DA:195,2
DA:196,2
DA:197,2
DA:198,2
DA:199,2
LH:106
LF:199
end_of_record
SF:test/wpt/xhr/xmlhttprequest-event-order.js
FN:6,record_xhr_event
FN:14,getNextEvent
FN:48,prepare_xhr_for_event_order_test
FN:68,assert_xhr_event_order_matches
FN:105,show_xhr_events
FN:50,anonymous_5
FNDA:8,record_xhr_event
FNDA:24,getNextEvent
FNDA:7,prepare_xhr_for_event_order_test
FNDA:12,assert_xhr_event_order_matches
FNDA:0,show_xhr_events
FNDA:4,anonymous_5
FNF:6
FNH:5
BRDA:1,0,0,2
BRDA:6,1,0,8
BRDA:7,2,0,4
BRDA:7,3,0,4
BRDA:8,4,0,4
BRDA:14,5,0,24
BRDA:20,6,0,0
BRDA:24,7,0,8
BRDA:29,8,0,0
BRDA:39,9,0,16
BRDA:48,10,0,1
BRDA:57,11,0,7
BRDA:62,12,0,7
BRDA:68,13,0,1
BRDA:72,14,0,12
BRDA:72,15,0,12
BRDA:80,16,0,11
BRDA:80,17,0,2
BRDA:80,18,0,0
BRDA:88,19,0,2
BRDA:96,20,0,0
BRDA:100,21,0,0
BRDA:50,22,0,4
BRF:23
BRH:18
DA:1,2
DA:2,2
DA:3,2
DA:4,2
DA:5,2
DA:6,2
DA:7,8
DA:8,8
DA:9,8
DA:10,8
DA:11,8
DA:12,8
DA:13,2
DA:14,2
DA:15,24
DA:16,24
DA:17,24
DA:18,24
DA:19,24
DA:20,24
DA:21,0
DA:22,0
DA:23,24
DA:24,24
DA:25,8
DA:26,8
DA:27,8
DA:28,8
DA:29,8
DA:30,0
DA:31,0
DA:32,0
DA:33,8
DA:34,24
DA:35,24
DA:36,24
DA:37,24
DA:38,24
DA:39,24
DA:40,16
DA:41,16
DA:42,16
DA:43,16
DA:44,24
DA:45,24
DA:46,24
DA:47,2
DA:48,2
DA:49,1
DA:50,1
DA:51,4
DA:52,4
DA:53,1
DA:54,1
DA:55,1
DA:56,1
DA:57,1
DA:58,7
DA:59,7
DA:60,1
DA:61,1
DA:62,1
DA:63,7
DA:64,7
DA:65,1
DA:66,1
DA:67,2
DA:68,2
DA:69,1
DA:70,1
DA:71,1
DA:72,1
DA:73,12
DA:74,12
DA:75,12
DA:76,12
DA:77,12
DA:78,12
DA:79,12
DA:80,12
DA:81,0
DA:82,0
DA:83,0
DA:84,0
DA:85,0
DA:86,0
DA:87,12
DA:88,12
DA:89,2
DA:90,2
DA:91,2
DA:92,12
DA:93,12
DA:94,12
DA:95,1
DA:96,1
DA:97,0
DA:98,0
DA:99,1
DA:100,1
DA:101,0
DA:102,0
DA:103,1
DA:104,2
DA:105,2
DA:106,0
DA:107,0
DA:108,2
DA:109,2
DA:110,2
DA:111,2
DA:112,2
DA:113,2
DA:114,2
DA:115,2
DA:116,2
DA:117,2
DA:118,2
DA:119,2
DA:120,2
DA:121,2
DA:122,2
DA:123,2
DA:124,2
DA:125,2
DA:126,2
DA:127,2
DA:128,2
DA:129,2
DA:130,2
DA:131,2
DA:132,2
DA:133,2
DA:134,2
DA:135,2
DA:136,2
DA:137,2
DA:138,2
DA:139,2
DA:140,2
DA:141,2
DA:142,2
DA:143,2
DA:144,2
DA:145,2
DA:146,2
DA:147,2
DA:148,2
DA:149,2
DA:150,2
DA:151,2
DA:152,2
DA:153,2
DA:154,2
DA:155,2
DA:156,2
DA:157,2
DA:158,2
DA:159,2
DA:160,2
DA:161,2
DA:162,2
DA:163,2
DA:164,2
DA:165,2
DA:166,2
DA:167,2
DA:168,2
DA:169,2
DA:170,2
DA:171,2
DA:172,2
DA:173,2
DA:174,2
DA:175,2
DA:176,2
DA:177,2
DA:178,2
DA:179,2
DA:180,2
DA:181,2
DA:182,2
DA:183,2
DA:184,2
DA:185,2
DA:186,2
DA:187,2
DA:188,2
DA:189,2
DA:190,2
DA:191,2
DA:192,2
DA:193,2
DA:194,2
DA:195,2
DA:196,2
DA:197,2
DA:198,2
DA:199,2
LH:182
LF:199
end_of_record
SF:test/wpt/xhr/xmlhttprequest-event-order.js
FN:6,record_xhr_event
FN:14,getNextEvent
FN:48,prepare_xhr_for_event_order_test
FN:68,assert_xhr_event_order_matches
FN:105,show_xhr_events
FN:50,anonymous_5
FNDA:4,record_xhr_event
FNDA:14,getNextEvent
FNDA:7,prepare_xhr_for_event_order_test
FNDA:7,assert_xhr_event_order_matches
FNDA:0,show_xhr_events
FNDA:3,anonymous_5
FNF:6
FNH:5
BRDA:1,0,0,2
BRDA:6,1,0,4
BRDA:7,2,0,0
BRDA:14,3,0,14
BRDA:20,4,0,0
BRDA:24,5,0,6
BRDA:29,6,0,0
BRDA:39,7,0,8
BRDA:48,8,0,1
BRDA:57,9,0,7
BRDA:62,10,0,7
BRDA:68,11,0,1
BRDA:72,12,0,7
BRDA:72,13,0,7
BRDA:80,14,0,6
BRDA:80,15,0,1
BRDA:80,16,0,0
BRDA:88,17,0,1
BRDA:96,18,0,0
BRDA:100,19,0,0
BRDA:50,20,0,3
BRF:21
BRH:15
DA:1,2
DA:2,2
DA:3,2
DA:4,2
DA:5,2
DA:6,2
DA:7,4
DA:8,4
DA:9,4
DA:10,4
DA:11,4
DA:12,4
DA:13,2
DA:14,2
DA:15,14
DA:16,14
DA:17,14
DA:18,14
DA:19,14
DA:20,14
DA:21,0
DA:22,0
DA:23,14
DA:24,14
DA:25,6
DA:26,6
DA:27,6
DA:28,6
DA:29,6
DA:30,0
DA:31,0
DA:32,0
DA:33,6
DA:34,14
DA:35,14
DA:36,14
DA:37,14
DA:38,14
DA:39,14
DA:40,8
DA:41,8
DA:42,8
DA:43,8
DA:44,14
DA:45,14
DA:46,14
DA:47,2
DA:48,2
DA:49,1
DA:50,1
DA:51,3
DA:52,3
DA:53,1
DA:54,1
DA:55,1
DA:56,1
DA:57,1
DA:58,7
DA:59,7
DA:60,1
DA:61,1
DA:62,1
DA:63,7
DA:64,7
DA:65,1
DA:66,1
DA:67,2
DA:68,2
DA:69,1
DA:70,1
DA:71,1
DA:72,1
DA:73,7
DA:74,7
DA:75,7
DA:76,7
DA:77,7
DA:78,7
DA:79,7
DA:80,7
DA:81,0
DA:82,0
DA:83,0
DA:84,0
DA:85,0
DA:86,0
DA:87,7
DA:88,7
DA:89,1
DA:90,1
DA:91,1
DA:92,7
DA:93,7
DA:94,7
DA:95,1
DA:96,1
DA:97,0
DA:98,0
DA:99,1
DA:100,1
DA:101,0
DA:102,0
DA:103,1
DA:104,2
DA:105,2
DA:106,0
DA:107,0
DA:108,2
DA:109,2
DA:110,2
DA:111,2
DA:112,2
DA:113,2
DA:114,2
DA:115,2
DA:116,2
DA:117,2
DA:118,2
DA:119,2
DA:120,2
DA:121,2
DA:122,2
DA:123,2
DA:124,2
DA:125,2
DA:126,2
DA:127,2
DA:128,2
DA:129,2
DA:130,2
DA:131,2
DA:132,2
DA:133,2
DA:134,2
DA:135,2
DA:136,2
DA:137,2
DA:138,2
DA:139,2
DA:140,2
DA:141,2
DA:142,2
DA:143,2
DA:144,2
DA:145,2
DA:146,2
DA:147,2
DA:148,2
DA:149,2
DA:150,2
DA:151,2
DA:152,2
DA:153,2
DA:154,2
DA:155,2
DA:156,2
DA:157,2
DA:158,2
DA:159,2
DA:160,2
DA:161,2
DA:162,2
DA:163,2
DA:164,2
DA:165,2
DA:166,2
DA:167,2
DA:168,2
DA:169,2
DA:170,2
DA:171,2
DA:172,2
DA:173,2
DA:174,2
DA:175,2
DA:176,2
DA:177,2
DA:178,2
DA:179,2
DA:180,2
DA:181,2
DA:182,2
DA:183,2
DA:184,2
DA:185,2
DA:186,2
DA:187,2
DA:188,2
DA:189,2
DA:190,2
DA:191,2
DA:192,2
DA:193,2
DA:194,2
DA:195,2
DA:196,2
DA:197,2
DA:198,2
DA:199,2
LH:182
LF:199
end_of_record
SF:test/wpt/xhr/xmlhttprequest-event-order.js
FN:6,record_xhr_event
FN:14,getNextEvent
FN:48,prepare_xhr_for_event_order_test
FN:68,assert_xhr_event_order_matches
FN:105,show_xhr_events
FN:50,anonymous_5
FNDA:7,record_xhr_event
FNDA:16,getNextEvent
FNDA:7,prepare_xhr_for_event_order_test
FNDA:8,assert_xhr_event_order_matches
FNDA:0,show_xhr_events
FNDA:2,anonymous_5
FNF:6
FNH:5
BRDA:1,0,0,2
BRDA:6,1,0,7
BRDA:7,2,0,4
BRDA:7,3,0,3
BRDA:8,4,0,3
BRDA:14,5,0,16
BRDA:20,6,0,0
BRDA:24,7,0,4
BRDA:29,8,0,0
BRDA:39,9,0,12
BRDA:48,10,0,1
BRDA:57,11,0,7
BRDA:62,12,0,7
BRDA:68,13,0,1
BRDA:72,14,0,8
BRDA:72,15,0,8
BRDA:80,16,0,7
BRDA:80,17,0,0
BRDA:80,18,0,0
BRDA:88,19,0,2
BRDA:96,20,0,0
BRDA:100,21,0,0
BRDA:50,22,0,2
BRF:23
BRH:17
DA:1,2
DA:2,2
DA:3,2
DA:4,2
DA:5,2
DA:6,2
DA:7,7
DA:8,7
DA:9,7
DA:10,7
DA:11,7
DA:12,7
DA:13,2
DA:14,2
DA:15,16
DA:16,16
DA:17,16
DA:18,16
DA:19,16
DA:20,16
DA:21,0
DA:22,0
DA:23,16
DA:24,16
DA:25,4
DA:26,4
DA:27,4
DA:28,4
DA:29,4
DA:30,0
DA:31,0
DA:32,0
DA:33,4
DA:34,16
DA:35,16
DA:36,16
DA:37,16
DA:38,16
DA:39,16
DA:40,12
DA:41,12
DA:42,12
DA:43,12
DA:44,16
DA:45,16
DA:46,16
DA:47,2
DA:48,2
DA:49,1
DA:50,1
DA:51,2
DA:52,2
DA:53,1
DA:54,1
DA:55,1
DA:56,1
DA:57,1
DA:58,7
DA:59,7
DA:60,1
DA:61,1
DA:62,1
DA:63,7
DA:64,7
DA:65,1
DA:66,1
DA:67,2
DA:68,2
DA:69,1
DA:70,1
DA:71,1
DA:72,1
DA:73,8
DA:74,8
DA:75,8
DA:76,8
DA:77,8
DA:78,8
DA:79,8
DA:80,8
DA:81,0
DA:82,0
DA:83,0
DA:84,0
DA:85,0
DA:86,0
DA:87,8
DA:88,8
DA:89,2
DA:90,2
DA:91,2
DA:92,8
DA:93,8
DA:94,8
DA:95,1
DA:96,1
DA:97,0
DA:98,0
DA:99,1
DA:100,1
DA:101,0
DA:102,0
DA:103,1
DA:104,2
DA:105,2
DA:106,0
DA:107,0
DA:108,2
DA:109,2
DA:110,2
DA:111,2
DA:112,2
DA:113,2
DA:114,2
DA:115,2
DA:116,2
DA:117,2
DA:118,2
DA:119,2
DA:120,2
DA:121,2
DA:122,2
DA:123,2
DA:124,2
DA:125,2
DA:126,2
DA:127,2
DA:128,2
DA:129,2
DA:130,2
DA:131,2
DA:132,2
DA:133,2
DA:134,2
DA:135,2
DA:136,2
DA:137,2
DA:138,2
DA:139,2
DA:140,2
DA:141,2
DA:142,2
DA:143,2
DA:144,2
DA:145,2
DA:146,2
DA:147,2
DA:148,2
DA:149,2
DA:150,2
DA:151,2
DA:152,2
DA:153,2
DA:154,2
DA:155,2
DA:156,2
DA:157,2
DA:158,2
DA:159,2
DA:160,2
DA:161,2
DA:162,2
DA:163,2
DA:164,2
DA:165,2
DA:166,2
DA:167,2
DA:168,2
DA:169,2
DA:170,2
DA:171,2
DA:172,2
DA:173,2
DA:174,2
DA:175,2
DA:176,2
DA:177,2
DA:178,2
DA:179,2
DA:180,2
DA:181,2
DA:182,2
DA:183,2
DA:184,2
DA:185,2
DA:186,2
DA:187,2
DA:188,2
DA:189,2
DA:190,2
DA:191,2
DA:192,2
DA:193,2
DA:194,2
DA:195,2
DA:196,2
DA:197,2
DA:198,2
DA:199,2
LH:182
LF:199
end_of_record
SF:test/wpt/xhr/xmlhttprequest-event-order.js
FN:6,record_xhr_event
FN:14,getNextEvent
FN:48,prepare_xhr_for_event_order_test
FN:68,assert_xhr_event_order_matches
FN:105,show_xhr_events
FN:50,anonymous_5
FNDA:7,record_xhr_event
FNDA:16,getNextEvent
FNDA:7,prepare_xhr_for_event_order_test
FNDA:8,assert_xhr_event_order_matches
FNDA:0,show_xhr_events
FNDA:2,anonymous_5
FNF:6
FNH:5
BRDA:1,0,0,2
BRDA:6,1,0,7
BRDA:7,2,0,4
BRDA:7,3,0,3
BRDA:8,4,0,3
BRDA:14,5,0,16
BRDA:20,6,0,0
BRDA:24,7,0,4
BRDA:29,8,0,0
BRDA:39,9,0,12
BRDA:48,10,0,1
BRDA:57,11,0,7
BRDA:62,12,0,7
BRDA:68,13,0,1
BRDA:72,14,0,8
BRDA:72,15,0,8
BRDA:80,16,0,7
BRDA:80,17,0,0
BRDA:80,18,0,0
BRDA:88,19,0,2
BRDA:96,20,0,0
BRDA:100,21,0,0
BRDA:50,22,0,2
BRF:23
BRH:17
DA:1,2
DA:2,2
DA:3,2
DA:4,2
DA:5,2
DA:6,2
DA:7,7
DA:8,7
DA:9,7
DA:10,7
DA:11,7
DA:12,7
DA:13,2
DA:14,2
DA:15,16
DA:16,16
DA:17,16
DA:18,16
DA:19,16
DA:20,16
DA:21,0
DA:22,0
DA:23,16
DA:24,16
DA:25,4
DA:26,4
DA:27,4
DA:28,4
DA:29,4
DA:30,0
DA:31,0
DA:32,0
DA:33,4
DA:34,16
DA:35,16
DA:36,16
DA:37,16
DA:38,16
DA:39,16
DA:40,12
DA:41,12
DA:42,12
DA:43,12
DA:44,16
DA:45,16
DA:46,16
DA:47,2
DA:48,2
DA:49,1
DA:50,1
DA:51,2
DA:52,2
DA:53,1
DA:54,1
DA:55,1
DA:56,1
DA:57,1
DA:58,7
DA:59,7
DA:60,1
DA:61,1
DA:62,1
DA:63,7
DA:64,7
DA:65,1
DA:66,1
DA:67,2
DA:68,2
DA:69,1
DA:70,1
DA:71,1
DA:72,1
DA:73,8
DA:74,8
DA:75,8
DA:76,8
DA:77,8
DA:78,8
DA:79,8
DA:80,8
DA:81,0
DA:82,0
DA:83,0
DA:84,0
DA:85,0
DA:86,0
DA:87,8
DA:88,8
DA:89,2
DA:90,2
DA:91,2
DA:92,8
DA:93,8
DA:94,8
DA:95,1
DA:96,1
DA:97,0
DA:98,0
DA:99,1
DA:100,1
DA:101,0
DA:102,0
DA:103,1
DA:104,2
DA:105,2
DA:106,0
DA:107,0
DA:108,2
DA:109,2
DA:110,2
DA:111,2
DA:112,2
DA:113,2
DA:114,2
DA:115,2
DA:116,2
DA:117,2
DA:118,2
DA:119,2
DA:120,2
DA:121,2
DA:122,2
DA:123,2
DA:124,2
DA:125,2
DA:126,2
DA:127,2
DA:128,2
DA:129,2
DA:130,2
DA:131,2
DA:132,2
DA:133,2
DA:134,2
DA:135,2
DA:136,2
DA:137,2
DA:138,2
DA:139,2
DA:140,2
DA:141,2
DA:142,2
DA:143,2
DA:144,2
DA:145,2
DA:146,2
DA:147,2
DA:148,2
DA:149,2
DA:150,2
DA:151,2
DA:152,2
DA:153,2
DA:154,2
DA:155,2
DA:156,2
DA:157,2
DA:158,2
DA:159,2
DA:160,2
DA:161,2
DA:162,2
DA:163,2
DA:164,2
DA:165,2
DA:166,2
DA:167,2
DA:168,2
DA:169,2
DA:170,2
DA:171,2
DA:172,2
DA:173,2
DA:174,2
DA:175,2
DA:176,2
DA:177,2
DA:178,2
DA:179,2
DA:180,2
DA:181,2
DA:182,2
DA:183,2
DA:184,2
DA:185,2
DA:186,2
DA:187,2
DA:188,2
DA:189,2
DA:190,2
DA:191,2
DA:192,2
DA:193,2
DA:194,2
DA:195,2
DA:196,2
DA:197,2
DA:198,2
DA:199,2
LH:182
LF:199
end_of_record
SF:test/wpt/xhr/xmlhttprequest-event-order.js
FN:6,record_xhr_event
FN:14,getNextEvent
FN:48,prepare_xhr_for_event_order_test
FN:68,assert_xhr_event_order_matches
FN:105,show_xhr_events
FN:50,anonymous_5
FNDA:5,record_xhr_event
FNDA:14,getNextEvent
FNDA:7,prepare_xhr_for_event_order_test
FNDA:7,assert_xhr_event_order_matches
FNDA:0,show_xhr_events
FNDA:2,anonymous_5
FNF:6
FNH:5
BRDA:1,0,0,2
BRDA:6,1,0,5
BRDA:7,2,0,2
BRDA:7,3,0,3
BRDA:8,4,0,3
BRDA:14,5,0,14
BRDA:20,6,0,0
BRDA:24,7,0,4
BRDA:29,8,0,0
BRDA:39,9,0,10
BRDA:48,10,0,1
BRDA:57,11,0,7
BRDA:62,12,0,7
BRDA:68,13,0,1
BRDA:72,14,0,7
BRDA:72,15,0,7
BRDA:80,16,0,6
BRDA:80,17,0,0
BRDA:80,18,0,0
BRDA:88,19,0,2
BRDA:96,20,0,0
BRDA:100,21,0,0
BRDA:50,22,0,2
BRF:23
BRH:17
DA:1,2
DA:2,2
DA:3,2
DA:4,2
DA:5,2
DA:6,2
DA:7,5
DA:8,5
DA:9,5
DA:10,5
DA:11,5
DA:12,5
DA:13,2
DA:14,2
DA:15,14
DA:16,14
DA:17,14
DA:18,14
DA:19,14
DA:20,14
DA:21,0
DA:22,0
DA:23,14
DA:24,14
DA:25,4
DA:26,4
DA:27,4
DA:28,4
DA:29,4
DA:30,0
DA:31,0
DA:32,0
DA:33,4
DA:34,14
DA:35,14
DA:36,14
DA:37,14
DA:38,14
DA:39,14
DA:40,10
DA:41,10
DA:42,10
DA:43,10
DA:44,14
DA:45,14
DA:46,14
DA:47,2
DA:48,2
DA:49,1
DA:50,1
DA:51,2
DA:52,2
DA:53,1
DA:54,1
DA:55,1
DA:56,1
DA:57,1
DA:58,7
DA:59,7
DA:60,1
DA:61,1
DA:62,1
DA:63,7
DA:64,7
DA:65,1
DA:66,1
DA:67,2
DA:68,2
DA:69,1
DA:70,1
DA:71,1
DA:72,1
DA:73,7
DA:74,7
DA:75,7
DA:76,7
DA:77,7
DA:78,7
DA:79,7
DA:80,7
DA:81,0
DA:82,0
DA:83,0
DA:84,0
DA:85,0
DA:86,0
DA:87,7
DA:88,7
DA:89,2
DA:90,2
DA:91,2
DA:92,7
DA:93,7
DA:94,7
DA:95,1
DA:96,1
DA:97,0
DA:98,0
DA:99,1
DA:100,1
DA:101,0
DA:102,0
DA:103,1
DA:104,2
DA:105,2
DA:106,0
DA:107,0
DA:108,2
DA:109,2
DA:110,2
DA:111,2
DA:112,2
DA:113,2
DA:114,2
DA:115,2
DA:116,2
DA:117,2
DA:118,2
DA:119,2
DA:120,2
DA:121,2
DA:122,2
DA:123,2
DA:124,2
DA:125,2
DA:126,2
DA:127,2
DA:128,2
DA:129,2
DA:130,2
DA:131,2
DA:132,2
DA:133,2
DA:134,2
DA:135,2
DA:136,2
DA:137,2
DA:138,2
DA:139,2
DA:140,2
DA:141,2
DA:142,2
DA:143,2
DA:144,2
DA:145,2
DA:146,2
DA:147,2
DA:148,2
DA:149,2
DA:150,2
DA:151,2
DA:152,2
DA:153,2
DA:154,2
DA:155,2
DA:156,2
DA:157,2
DA:158,2
DA:159,2
DA:160,2
DA:161,2
DA:162,2
DA:163,2
DA:164,2
DA:165,2
DA:166,2
DA:167,2
DA:168,2
DA:169,2
DA:170,2
DA:171,2
DA:172,2
DA:173,2
DA:174,2
DA:175,2
DA:176,2
DA:177,2
DA:178,2
DA:179,2
DA:180,2
DA:181,2
DA:182,2
DA:183,2
DA:184,2
DA:185,2
DA:186,2
DA:187,2
DA:188,2
DA:189,2
DA:190,2
DA:191,2
DA:192,2
DA:193,2
DA:194,2
DA:195,2
DA:196,2
DA:197,2
DA:198,2
DA:199,2
LH:182
LF:199
end_of_record
SF:test/wpt/xhr/xmlhttprequest-eventtarget.js
FN:4,default
FN:11,xhr.onreadystatechange
FN:17,callback
FN:24,anonymous_3
FNDA:1,default
FNDA:4,xhr.onreadystatechange
FNDA:2,callback
FNDA:4,anonymous_3
FNF:4
FNH:4
BRDA:1,0,0,2
BRDA:4,1,0,1
BRDA:11,2,0,4
BRDA:17,3,0,2
BRDA:21,4,0,0
BRDA:24,5,0,4
BRDA:28,6,0,1
BRDA:31,7,0,1
BRF:8
BRH:7
DA:1,2
DA:2,2
DA:3,2
DA:4,2
DA:5,1
DA:6,1
DA:7,1
DA:8,1
DA:9,1
DA:10,1
DA:11,1
DA:12,4
DA:13,1
DA:14,1
DA:15,1
DA:16,1
DA:17,1
DA:18,2
DA:19,2
DA:20,2
DA:21,2
DA:22,1
DA:23,1
DA:24,1
DA:25,4
DA:26,4
DA:27,4
DA:28,4
DA:29,4
DA:30,4
DA:31,4
DA:32,1
DA:33,1
DA:34,1
DA:35,1
DA:36,1
DA:37,2
DA:38,2
DA:39,2
DA:40,2
DA:41,2
DA:42,2
DA:43,2
DA:44,2
DA:45,2
DA:46,2
DA:47,2
DA:48,2
DA:49,2
DA:50,2
DA:51,2
DA:52,2
DA:53,2
DA:54,2
DA:55,2
DA:56,2
DA:57,2
DA:58,2
DA:59,2
DA:60,2
DA:61,2
DA:62,2
DA:63,2
DA:64,2
DA:65,2
DA:66,2
DA:67,2
DA:68,2
DA:69,2
DA:70,2
DA:71,2
DA:72,2
DA:73,2
DA:74,2
DA:75,2
DA:76,2
DA:77,2
DA:78,2
DA:79,2
DA:80,2
DA:81,2
DA:82,2
DA:83,2
DA:84,2
DA:85,2
DA:86,2
DA:87,2
DA:88,2
DA:89,2
DA:90,2
DA:91,2
DA:92,2
DA:93,2
LH:93
LF:93
end_of_record
SF:test/wpt/xhr/xmlhttprequest-network-error-sync.js
FN:4,default
FN:10,anonymous_1
FN:13,anonymous_2
FNDA:1,default
FNDA:1,anonymous_1
FNDA:1,anonymous_2
FNF:3
FNH:3
BRDA:1,0,0,2
BRDA:4,1,0,1
BRDA:10,2,0,1
BRDA:13,3,0,1
BRF:4
BRH:4
DA:1,2
DA:2,2
DA:3,2
DA:4,2
DA:5,1
DA:6,1
DA:7,1
DA:8,1
DA:9,1
DA:10,1
DA:11,1
DA:12,1
DA:13,1
DA:14,1
DA:15,1
DA:16,1
DA:17,1
DA:18,1
DA:19,1
DA:20,1
DA:21,1
DA:22,1
DA:23,1
DA:24,1
DA:25,1
DA:26,1
DA:27,1
DA:28,1
DA:29,2
DA:30,2
DA:31,2
DA:32,2
DA:33,2
DA:34,2
DA:35,2
DA:36,2
DA:37,2
DA:38,2
DA:39,2
DA:40,2
DA:41,2
DA:42,2
DA:43,2
DA:44,2
DA:45,2
DA:46,2
DA:47,2
DA:48,2
DA:49,2
DA:50,2
DA:51,2
DA:52,2
DA:53,2
DA:54,2
DA:55,2
DA:56,2
DA:57,2
DA:58,2
DA:59,2
DA:60,2
DA:61,2
DA:62,2
DA:63,2
DA:64,2
DA:65,2
DA:66,2
DA:67,2
DA:68,2
DA:69,2
DA:70,2
DA:71,2
LH:71
LF:71
end_of_record
SF:test/wpt/xhr/xmlhttprequest-network-error.js
FN:4,default
FN:8,xhr.onreadystatechange
FNDA:1,default
FNDA:2,xhr.onreadystatechange
FNF:2
FNH:2
BRDA:1,0,0,2
BRDA:4,1,0,1
BRDA:8,2,0,2
BRDA:18,3,0,1
BRF:4
BRH:4
DA:1,2
DA:2,2
DA:3,2
DA:4,2
DA:5,1
DA:6,1
DA:7,1
DA:8,1
DA:9,2
DA:10,2
DA:11,2
DA:12,2
DA:13,2
DA:14,2
DA:15,2
DA:16,2
DA:17,2
DA:18,2
DA:19,1
DA:20,1
DA:21,1
DA:22,1
DA:23,1
DA:24,2
DA:25,2
DA:26,2
DA:27,2
DA:28,2
DA:29,2
DA:30,2
DA:31,2
DA:32,2
DA:33,2
DA:34,2
DA:35,2
DA:36,2
DA:37,2
DA:38,2
DA:39,2
DA:40,2
DA:41,2
DA:42,2
DA:43,2
DA:44,2
DA:45,2
DA:46,2
DA:47,2
DA:48,2
DA:49,2
DA:50,2
DA:51,2
DA:52,2
DA:53,2
DA:54,2
DA:55,2
DA:56,2
DA:57,2
DA:58,2
DA:59,2
DA:60,2
DA:61,2
DA:62,2
DA:63,2
DA:64,2
DA:65,2
DA:66,2
DA:67,2
DA:68,2
DA:69,2
DA:70,2
DA:71,2
LH:71
LF:71
end_of_record
SF:test/wpt/xhr/xmlhttprequest-unsent.js
FN:4,default
FN:9,anonymous_1
FN:12,anonymous_2
FN:21,anonymous_3
FN:24,anonymous_4
FNDA:1,default
FNDA:1,anonymous_1
FNDA:1,anonymous_2
FNDA:1,anonymous_3
FNDA:1,anonymous_4
FNF:5
FNH:5
BRDA:1,0,0,2
BRDA:4,1,0,1
BRDA:9,2,0,1
BRDA:12,3,0,1
BRDA:21,4,0,1
BRDA:24,5,0,1
BRF:6
BRH:6
DA:1,2
DA:2,2
DA:3,2
DA:4,2
DA:5,1
DA:6,1
DA:7,1
DA:8,1
DA:9,1
DA:10,1
DA:11,1
DA:12,1
DA:13,1
DA:14,1
DA:15,1
DA:16,1
DA:17,1
DA:18,1
DA:19,1
DA:20,1
DA:21,1
DA:22,1
DA:23,1
DA:24,1
DA:25,1
DA:26,1
DA:27,1
DA:28,1
DA:29,1
DA:30,1
DA:31,1
DA:32,1
DA:33,1
DA:34,1
DA:35,1
DA:36,1
DA:37,1
DA:38,1
DA:39,1
DA:40,2
DA:41,2
DA:42,2
DA:43,2
DA:44,2
DA:45,2
DA:46,2
DA:47,2
DA:48,2
DA:49,2
DA:50,2
DA:51,2
DA:52,2
DA:53,2
DA:54,2
DA:55,2
DA:56,2
DA:57,2
DA:58,2
DA:59,2
DA:60,2
DA:61,2
DA:62,2
DA:63,2
DA:64,2
DA:65,2
DA:66,2
DA:67,2
DA:68,2
DA:69,2
DA:70,2
DA:71,2
DA:72,2
DA:73,2
DA:74,2
DA:75,2
DA:76,2
DA:77,2
DA:78,2
DA:79,2
DA:80,2
DA:81,2
DA:82,2
DA:83,2
DA:84,2
LH:84
LF:84
end_of_record
