TN:
SF:lib/helper/content-type.js
FN:55,format
FN:95,parse
FN:165,getcontenttype
FN:191,qstring
FN:210,ContentType
FNDA:8,format
FNDA:1840,parse
FNDA:0,getcontenttype
FNDA:8,qstring
FNDA:1757,ContentType
FNF:5
FNH:4
BRDA:1,0,0,229
BRDA:55,1,0,6
BRDA:56,2,0,0
BRDA:63,3,0,0
BRDA:74,4,0,8
BRDA:77,5,0,0
BRDA:95,6,0,1840
BRDA:96,7,0,50
BRDA:98,8,0,700
BRDA:103,9,0,730
BRDA:107,10,0,730
BRDA:111,11,0,53
BRDA:112,12,0,677
BRDA:114,13,0,3
BRDA:116,14,0,727
BRDA:121,15,0,52
BRDA:128,16,0,55
BRDA:137,17,0,3
BRDA:142,18,0,1
BRDA:153,19,0,727
BRDA:96,20,0,30
BRDA:102,21,0,0
BRDA:105,22,0,0
BRDA:191,23,0,8
BRDA:197,24,0,0
BRDA:199,25,0,0
BRDA:210,26,0,1757
BRF:27
BRH:20
DA:1,229
DA:2,229
DA:3,229
DA:4,229
DA:5,229
DA:6,229
DA:7,229
DA:8,229
DA:9,229
DA:10,229
DA:11,229
DA:12,229
DA:13,229
DA:14,229
DA:15,229
DA:16,229
DA:17,229
DA:18,229
DA:19,229
DA:20,229
DA:21,229
DA:22,229
DA:23,229
DA:24,229
DA:25,229
DA:26,229
DA:27,229
DA:28,229
DA:29,229
DA:30,229
DA:31,229
DA:32,229
DA:33,229
DA:34,229
DA:35,229
DA:36,229
DA:37,229
DA:38,229
DA:39,229
DA:40,229
DA:41,229
DA:42,229
DA:43,229
DA:44,229
DA:45,229
DA:46,229
DA:47,229
DA:48,229
DA:49,229
DA:50,229
DA:51,229
DA:52,229
DA:53,229
DA:54,229
DA:55,229
DA:56,6
DA:57,0
DA:58,0
DA:59,6
DA:60,6
DA:61,6
DA:62,6
DA:63,6
DA:64,0
DA:65,0
DA:66,6
DA:67,6
DA:68,6
DA:69,6
DA:70,6
DA:71,6
DA:72,6
DA:73,6
DA:74,6
DA:75,8
DA:76,8
DA:77,8
DA:78,0
DA:79,0
DA:80,8
DA:81,8
DA:82,8
DA:83,6
DA:84,6
DA:85,6
DA:86,6
DA:87,229
DA:88,229
DA:89,229
DA:90,229
DA:91,229
DA:92,229
DA:93,229
DA:94,229
DA:95,229
DA:96,1840
DA:97,30
DA:98,30
DA:99,30
DA:100,30
DA:101,30
DA:102,1840
DA:103,1840
DA:104,1840
DA:105,1840
DA:106,0
DA:107,0
DA:108,730
DA:109,730
DA:110,730
DA:111,1840
DA:112,1840
DA:113,1840
DA:114,1840
DA:115,3
DA:116,3
DA:117,727
DA:118,727
DA:119,727
DA:120,727
DA:121,1840
DA:122,52
DA:123,52
DA:124,52
DA:125,52
DA:126,52
DA:127,52
DA:128,52
DA:129,55
DA:130,55
DA:131,55
DA:132,55
DA:133,55
DA:134,55
DA:135,55
DA:136,55
DA:137,55
DA:138,3
DA:139,3
DA:140,3
DA:141,3
DA:142,3
DA:143,1
DA:144,1
DA:145,3
DA:146,55
DA:147,55
DA:148,55
DA:149,52
DA:150,52
DA:151,52
DA:152,52
DA:153,52
DA:154,727
DA:155,727
DA:156,1840
DA:157,229
DA:158,229
DA:159,229
DA:160,229
DA:161,229
DA:162,229
DA:163,229
DA:164,229
DA:165,0
DA:166,0
DA:167,0
DA:168,0
DA:169,0
DA:170,0
DA:171,0
DA:172,0
DA:173,0
DA:174,0
DA:175,0
DA:176,0
DA:177,0
DA:178,0
DA:179,0
DA:180,0
DA:181,0
DA:182,229
DA:183,229
DA:184,229
DA:185,229
DA:186,229
DA:187,229
DA:188,229
DA:189,229
DA:190,229
DA:191,8
DA:192,8
DA:193,8
DA:194,8
DA:195,8
DA:196,8
DA:197,8
DA:198,0
DA:199,8
DA:200,0
DA:201,0
DA:202,0
DA:203,0
DA:204,8
DA:205,229
DA:206,229
DA:207,229
DA:208,229
DA:209,229
DA:210,1757
DA:211,1757
DA:212,1757
DA:213,1757
DA:214,229
LH:184
LF:214
end_of_record
SF:lib/helper/file-polyfill.js
FN:39,<instance_members_initializer>
FN:54,File
FN:96,get name
FN:105,get lastModified
FNDA:94,<instance_members_initializer>
FNDA:113,File
FNDA:36,get name
FNDA:30,get lastModified
FNF:4
FNH:4
BRDA:1,0,0,229
BRDA:39,1,0,94
BRDA:54,2,0,113
BRDA:56,3,0,0
BRDA:66,4,0,2
BRDA:69,5,0,111
BRDA:73,6,0,1
BRDA:73,7,0,93
BRDA:75,8,0,8
BRDA:79,9,0,0
BRDA:80,10,0,86
BRDA:83,11,0,94
BRDA:96,12,0,36
BRDA:105,13,0,30
BRF:14
BRH:12
DA:1,229
DA:2,229
DA:3,229
DA:4,229
DA:5,229
DA:6,229
DA:7,229
DA:8,229
DA:9,229
DA:10,229
DA:11,229
DA:12,229
DA:13,229
DA:14,229
DA:15,229
DA:16,229
DA:17,229
DA:18,229
DA:19,229
DA:20,229
DA:21,229
DA:22,229
DA:23,229
DA:24,229
DA:25,229
DA:26,229
DA:27,229
DA:28,229
DA:29,229
DA:30,229
DA:31,229
DA:32,229
DA:33,229
DA:34,229
DA:35,229
DA:36,229
DA:37,229
DA:38,229
DA:39,229
DA:40,94
DA:41,94
DA:42,94
DA:43,94
DA:44,94
DA:45,94
DA:46,94
DA:47,94
DA:48,94
DA:49,94
DA:50,94
DA:51,94
DA:52,94
DA:53,94
DA:54,94
DA:55,113
DA:56,113
DA:57,0
DA:58,0
DA:59,0
DA:60,0
DA:61,0
DA:62,0
DA:63,0
DA:64,0
DA:65,113
DA:66,113
DA:67,2
DA:68,2
DA:69,113
DA:70,111
DA:71,111
DA:72,111
DA:73,113
DA:74,113
DA:75,113
DA:76,8
DA:77,8
DA:78,8
DA:79,8
DA:80,8
DA:81,86
DA:82,86
DA:83,86
DA:84,94
DA:85,94
DA:86,94
DA:87,113
DA:88,94
DA:89,94
DA:90,94
DA:91,94
DA:92,94
DA:93,94
DA:94,94
DA:95,94
DA:96,94
DA:97,94
DA:98,94
DA:99,94
DA:100,94
DA:101,94
DA:102,94
DA:103,94
DA:104,94
DA:105,94
DA:106,94
DA:107,229
DA:108,229
LH:100
LF:108
end_of_record
SF:lib/helper/whatwg-fetch.js
FN:109,forbiddenRequestHeader
FN:126,anonymous_1
FN:180,isXMLHttpRequestBodyInit
FN:200,isBodyInit
FN:278,safelyExtractBodyWithType
FN:299,read
FN:375,escape
FN:379,normalizeLinefeeds
FN:422,action
FN:503,isFormDataLike
FNDA:2354,forbiddenRequestHeader
FNDA:192,anonymous_1
FNDA:0,isXMLHttpRequestBodyInit
FNDA:0,isBodyInit
FNDA:134,safelyExtractBodyWithType
FNDA:0,read
FNDA:7,escape
FNDA:5,normalizeLinefeeds
FNDA:15,action
FNDA:62,isFormDataLike
FNF:10
FNH:7
BRDA:1,0,0,229
BRDA:109,1,0,2354
BRDA:116,2,0,17
BRDA:116,3,0,1512
BRDA:119,4,0,1509
BRDA:120,5,0,5
BRDA:120,6,0,1507
BRDA:123,7,0,144
BRDA:130,8,0,138
BRDA:132,9,0,1507
BRDA:112,10,0,0
BRDA:126,11,0,192
BRDA:278,12,0,134
BRDA:292,13,0,17
BRDA:294,14,0,68
BRDA:321,15,0,17
BRDA:332,16,0,4
BRDA:332,17,0,13
BRDA:335,18,0,68
BRDA:339,19,0,65
BRDA:341,20,0,62
BRDA:342,21,0,62
BRDA:343,22,0,62
BRDA:344,23,0,62
BRDA:345,24,0,62
BRDA:346,25,0,62
BRDA:347,26,0,62
BRDA:348,27,0,62
BRDA:349,28,0,62
BRDA:350,29,0,62
BRDA:353,30,0,6
BRDA:359,31,0,3
BRDA:366,32,0,62
BRDA:369,33,0,8
BRDA:389,34,0,4
BRDA:390,35,0,1
BRDA:398,36,0,3
BRDA:439,37,0,54
BRDA:442,38,0,4
BRDA:452,39,0,50
BRDA:481,40,0,8
BRDA:285,41,0,0
BRDA:375,42,0,7
BRDA:379,43,0,5
BRDA:422,44,0,8
BRDA:423,45,0,15
BRDA:424,46,0,3
BRDA:426,47,0,12
BRDA:430,48,0,5
BRDA:503,49,0,62
BRDA:505,50,0,61
BRDA:507,51,0,13
BRDA:508,52,0,12
BRDA:509,53,0,12
BRDA:510,54,0,12
BRDA:511,55,0,12
BRDA:512,56,0,12
BRDA:513,57,0,12
BRF:58
BRH:56
DA:1,229
DA:2,229
DA:3,229
DA:4,229
DA:5,229
DA:6,229
DA:7,229
DA:8,229
DA:9,229
DA:10,229
DA:11,229
DA:12,229
DA:13,229
DA:14,229
DA:15,229
DA:16,229
DA:17,229
DA:18,229
DA:19,229
DA:20,229
DA:21,229
DA:22,229
DA:23,229
DA:24,229
DA:25,229
DA:26,229
DA:27,229
DA:28,229
DA:29,229
DA:30,229
DA:31,229
DA:32,229
DA:33,229
DA:34,229
DA:35,229
DA:36,229
DA:37,229
DA:38,229
DA:39,229
DA:40,229
DA:41,229
DA:42,229
DA:43,229
DA:44,229
DA:45,229
DA:46,229
DA:47,229
DA:48,229
DA:49,229
DA:50,229
DA:51,229
DA:52,229
DA:53,229
DA:54,229
DA:55,229
DA:56,229
DA:57,229
DA:58,229
DA:59,229
DA:60,229
DA:61,229
DA:62,229
DA:63,229
DA:64,229
DA:65,229
DA:66,229
DA:67,229
DA:68,229
DA:69,229
DA:70,229
DA:71,229
DA:72,229
DA:73,229
DA:74,229
DA:75,229
DA:76,229
DA:77,229
DA:78,229
DA:79,229
DA:80,229
DA:81,229
DA:82,229
DA:83,229
DA:84,229
DA:85,229
DA:86,229
DA:87,229
DA:88,229
DA:89,229
DA:90,229
DA:91,229
DA:92,229
DA:93,229
DA:94,229
DA:95,229
DA:96,229
DA:97,229
DA:98,229
DA:99,229
DA:100,229
DA:101,229
DA:102,229
DA:103,229
DA:104,229
DA:105,229
DA:106,229
DA:107,229
DA:108,229
DA:109,229
DA:110,2354
DA:111,2354
DA:112,2354
DA:113,2354
DA:114,2354
DA:115,2354
DA:116,2354
DA:117,1512
DA:118,1512
DA:119,2354
DA:120,2354
DA:121,1507
DA:122,1507
DA:123,2354
DA:124,144
DA:125,144
DA:126,144
DA:127,144
DA:128,144
DA:129,144
DA:130,144
DA:131,138
DA:132,144
DA:133,1507
DA:134,229
DA:135,229
DA:136,229
DA:137,229
DA:138,229
DA:139,229
DA:140,229
DA:141,229
DA:142,229
DA:143,229
DA:144,229
DA:145,229
DA:146,229
DA:147,229
DA:148,229
DA:149,229
DA:150,229
DA:151,229
DA:152,229
DA:153,229
DA:154,229
DA:155,229
DA:156,229
DA:157,229
DA:158,229
DA:159,229
DA:160,229
DA:161,229
DA:162,229
DA:163,229
DA:164,229
DA:165,229
DA:166,229
DA:167,229
DA:168,229
DA:169,229
DA:170,229
DA:171,229
DA:172,229
DA:173,229
DA:174,229
DA:175,229
DA:176,229
DA:177,229
DA:178,229
DA:179,229
DA:180,0
DA:181,0
DA:182,0
DA:183,0
DA:184,0
DA:185,0
DA:186,0
DA:187,0
DA:188,0
DA:189,0
DA:190,0
DA:191,0
DA:192,0
DA:193,229
DA:194,229
DA:195,229
DA:196,229
DA:197,229
DA:198,229
DA:199,229
DA:200,0
DA:201,0
DA:202,0
DA:203,0
DA:204,0
DA:205,229
DA:206,229
DA:207,229
DA:208,229
DA:209,229
DA:210,229
DA:211,229
DA:212,229
DA:213,229
DA:214,229
DA:215,229
DA:216,229
DA:217,229
DA:218,229
DA:219,229
DA:220,229
DA:221,229
DA:222,229
DA:223,229
DA:224,229
DA:225,229
DA:226,229
DA:227,229
DA:228,229
DA:229,229
DA:230,229
DA:231,229
DA:232,229
DA:233,229
DA:234,229
DA:235,229
DA:236,229
DA:237,229
DA:238,229
DA:239,229
DA:240,229
DA:241,229
DA:242,229
DA:243,229
DA:244,229
DA:245,229
DA:246,229
DA:247,229
DA:248,229
DA:249,229
DA:250,229
DA:251,229
DA:252,229
DA:253,229
DA:254,229
DA:255,229
DA:256,229
DA:257,229
DA:258,229
DA:259,229
DA:260,229
DA:261,229
DA:262,229
DA:263,229
DA:264,229
DA:265,229
DA:266,229
DA:267,229
DA:268,229
DA:269,229
DA:270,229
DA:271,229
DA:272,229
DA:273,229
DA:274,229
DA:275,229
DA:276,229
DA:277,229
DA:278,229
DA:279,134
DA:280,134
DA:281,134
DA:282,134
DA:283,134
DA:284,134
DA:285,134
DA:286,0
DA:287,0
DA:288,134
DA:289,134
DA:290,134
DA:291,134
DA:292,134
DA:293,17
DA:294,17
DA:295,68
DA:296,68
DA:297,68
DA:298,68
DA:299,68
DA:300,68
DA:301,68
DA:302,68
DA:303,134
DA:304,134
DA:305,134
DA:306,134
DA:307,134
DA:308,134
DA:309,134
DA:310,134
DA:311,134
DA:312,134
DA:313,134
DA:314,134
DA:315,134
DA:316,134
DA:317,134
DA:318,134
DA:319,134
DA:320,134
DA:321,134
DA:322,17
DA:323,17
DA:324,17
DA:325,17
DA:326,17
DA:327,17
DA:328,17
DA:329,17
DA:330,17
DA:331,17
DA:332,17
DA:333,17
DA:334,17
DA:335,17
DA:336,68
DA:337,68
DA:338,68
DA:339,68
DA:340,65
DA:341,68
DA:342,68
DA:343,68
DA:344,68
DA:345,68
DA:346,68
DA:347,68
DA:348,68
DA:349,68
DA:350,68
DA:351,62
DA:352,62
DA:353,68
DA:354,6
DA:355,6
DA:356,6
DA:357,6
DA:358,6
DA:359,6
DA:360,3
DA:361,3
DA:362,6
DA:363,6
DA:364,6
DA:365,6
DA:366,6
DA:367,62
DA:368,62
DA:369,62
DA:370,8
DA:371,8
DA:372,8
DA:373,8
DA:374,8
DA:375,8
DA:376,7
DA:377,7
DA:378,8
DA:379,8
DA:380,5
DA:381,5
DA:382,8
DA:383,8
DA:384,8
DA:385,8
DA:386,8
DA:387,8
DA:388,8
DA:389,8
DA:390,4
DA:391,1
DA:392,1
DA:393,1
DA:394,1
DA:395,1
DA:396,1
DA:397,1
DA:398,1
DA:399,3
DA:400,3
DA:401,3
DA:402,3
DA:403,3
DA:404,3
DA:405,3
DA:406,3
DA:407,3
DA:408,4
DA:409,8
DA:410,8
DA:411,8
DA:412,8
DA:413,8
DA:414,8
DA:415,8
DA:416,8
DA:417,8
DA:418,8
DA:419,8
DA:420,8
DA:421,8
DA:422,8
DA:423,8
DA:424,15
DA:425,3
DA:426,3
DA:427,12
DA:428,12
DA:429,12
DA:430,15
DA:431,8
DA:432,8
DA:433,8
DA:434,8
DA:435,8
DA:436,8
DA:437,8
DA:438,8
DA:439,8
DA:440,54
DA:441,54
DA:442,54
DA:443,4
DA:444,4
DA:445,4
DA:446,4
DA:447,4
DA:448,4
DA:449,4
DA:450,4
DA:451,4
DA:452,4
DA:453,50
DA:454,50
DA:455,50
DA:456,50
DA:457,50
DA:458,50
DA:459,50
DA:460,50
DA:461,50
DA:462,50
DA:463,50
DA:464,50
DA:465,50
DA:466,50
DA:467,50
DA:468,50
DA:469,50
DA:470,50
DA:471,50
DA:472,50
DA:473,50
DA:474,50
DA:475,134
DA:476,134
DA:477,134
DA:478,134
DA:479,134
DA:480,134
DA:481,134
DA:482,8
DA:483,8
DA:484,134
DA:485,134
DA:486,134
DA:487,134
DA:488,134
DA:489,134
DA:490,134
DA:491,134
DA:492,134
DA:493,134
DA:494,134
DA:495,134
DA:496,229
DA:497,229
DA:498,229
DA:499,229
DA:500,229
DA:501,229
DA:502,229
DA:503,62
DA:504,62
DA:505,62
DA:506,61
DA:507,62
DA:508,62
DA:509,62
DA:510,62
DA:511,62
DA:512,62
DA:513,62
DA:514,12
DA:515,12
DA:516,62
DA:517,62
LH:497
LF:517
end_of_record
SF:lib/helper/whatwg-misc.js
FN:72,dataURLProcessor
FN:173,urlSerializer
FN:196,collectASequenceOfCodePoints
FN:223,collectASequenceOfCodePointsFast
FN:244,stringPercentDecode
FN:263,percentDecode
FN:320,parseMIMEType
FN:388,anonymous_7
FN:397,anonymous_8
FN:487,forgivingBase64
FN:533,collectAnHTTPQuotedString
FN:614,serializeAMimeType
FN:670,isomorphicDecode
FN:675,anonymous_13
FN:681,isValidHTTPToken
FN:695,isTokenChar
FNDA:13,dataURLProcessor
FNDA:13,urlSerializer
FNDA:36,collectASequenceOfCodePoints
FNDA:49,collectASequenceOfCodePointsFast
FNDA:12,stringPercentDecode
FNDA:162,percentDecode
FNDA:17,parseMIMEType
FNDA:4,anonymous_7
FNDA:32,anonymous_8
FNDA:13,forgivingBase64
FNDA:0,collectAnHTTPQuotedString
FNDA:13,serializeAMimeType
FNDA:2,isomorphicDecode
FNDA:0,anonymous_13
FNDA:27,isValidHTTPToken
FNDA:27,isTokenChar
FNF:16
FNH:14
BRDA:1,0,0,229
BRDA:72,1,0,13
BRDA:107,2,0,1
BRDA:107,3,0,11
BRDA:121,4,0,1
BRDA:140,5,0,11
BRDA:144,6,0,11
BRDA:152,7,0,1
BRDA:152,8,0,11
BRDA:144,9,0,0
BRDA:173,10,0,13
BRDA:176,11,0,0
BRDA:180,12,0,0
BRDA:196,13,0,8
BRDA:203,14,0,36
BRDA:203,15,0,28
BRDA:223,16,0,49
BRDA:228,17,0,20
BRDA:231,18,0,28
BRDA:244,19,0,12
BRDA:263,20,0,12
BRDA:269,21,0,162
BRDA:273,22,0,20
BRDA:275,23,0,1
BRDA:320,24,0,17
BRDA:341,25,0,16
BRDA:342,26,0,2
BRDA:342,27,0,15
BRDA:347,28,0,0
BRDA:347,29,0,15
BRDA:366,30,0,13
BRDA:367,31,0,2
BRDA:367,32,0,13
BRDA:380,33,0,4
BRDA:411,34,0,0
BRDA:419,35,0,0
BRDA:426,36,0,0
BRDA:458,37,0,0
BRDA:475,38,0,13
BRDA:388,39,0,4
BRDA:397,40,0,32
BRDA:487,41,0,2
BRDA:518,42,0,13
BRDA:511,43,0,0
BRDA:614,44,0,13
BRDA:625,45,0,4
BRDA:638,46,0,0
BRDA:670,47,0,2
BRDA:673,48,0,0
BRDA:681,49,0,4
BRDA:684,50,0,0
BRDA:686,51,0,27
BRDA:689,52,0,0
BRDA:695,53,0,27
BRF:54
BRH:41
DA:1,229
DA:2,229
DA:3,229
DA:4,229
DA:5,229
DA:6,229
DA:7,229
DA:8,229
DA:9,229
DA:10,229
DA:11,229
DA:12,229
DA:13,229
DA:14,229
DA:15,229
DA:16,229
DA:17,229
DA:18,229
DA:19,229
DA:20,229
DA:21,229
DA:22,229
DA:23,229
DA:24,229
DA:25,229
DA:26,229
DA:27,229
DA:28,229
DA:29,229
DA:30,229
DA:31,229
DA:32,229
DA:33,229
DA:34,229
DA:35,229
DA:36,229
DA:37,229
DA:38,229
DA:39,229
DA:40,229
DA:41,229
DA:42,229
DA:43,229
DA:44,229
DA:45,229
DA:46,229
DA:47,229
DA:48,229
DA:49,229
DA:50,229
DA:51,229
DA:52,229
DA:53,229
DA:54,229
DA:55,229
DA:56,229
DA:57,229
DA:58,229
DA:59,229
DA:60,229
DA:61,229
DA:62,229
DA:63,229
DA:64,229
DA:65,229
DA:66,229
DA:67,229
DA:68,229
DA:69,229
DA:70,229
DA:71,229
DA:72,229
DA:73,13
DA:74,13
DA:75,13
DA:76,13
DA:77,13
DA:78,13
DA:79,13
DA:80,13
DA:81,13
DA:82,13
DA:83,13
DA:84,13
DA:85,13
DA:86,13
DA:87,13
DA:88,13
DA:89,13
DA:90,13
DA:91,13
DA:92,13
DA:93,13
DA:94,13
DA:95,13
DA:96,13
DA:97,13
DA:98,13
DA:99,13
DA:100,13
DA:101,13
DA:102,13
DA:103,13
DA:104,13
DA:105,13
DA:106,13
DA:107,13
DA:108,11
DA:109,11
DA:110,11
DA:111,11
DA:112,11
DA:113,11
DA:114,11
DA:115,11
DA:116,11
DA:117,11
DA:118,11
DA:119,11
DA:120,11
DA:121,13
DA:122,1
DA:123,1
DA:124,1
DA:125,1
DA:126,1
DA:127,1
DA:128,1
DA:129,1
DA:130,1
DA:131,1
DA:132,1
DA:133,1
DA:134,1
DA:135,1
DA:136,1
DA:137,1
DA:138,1
DA:139,1
DA:140,1
DA:141,11
DA:142,11
DA:143,11
DA:144,13
DA:145,11
DA:146,11
DA:147,11
DA:148,11
DA:149,11
DA:150,11
DA:151,11
DA:152,13
DA:153,11
DA:154,11
DA:155,11
DA:156,11
DA:157,11
DA:158,13
DA:159,229
DA:160,229
DA:161,229
DA:162,229
DA:163,229
DA:164,229
DA:165,229
DA:166,229
DA:167,229
DA:168,229
DA:169,229
DA:170,229
DA:171,229
DA:172,229
DA:173,13
DA:174,13
DA:175,13
DA:176,13
DA:177,13
DA:178,13
DA:179,13
DA:180,13
DA:181,0
DA:182,0
DA:183,13
DA:184,229
DA:185,229
DA:186,229
DA:187,229
DA:188,229
DA:189,229
DA:190,229
DA:191,229
DA:192,229
DA:193,229
DA:194,229
DA:195,229
DA:196,8
DA:197,8
DA:198,8
DA:199,8
DA:200,8
DA:201,8
DA:202,8
DA:203,8
DA:204,28
DA:205,28
DA:206,28
DA:207,28
DA:208,28
DA:209,28
DA:210,28
DA:211,8
DA:212,8
DA:213,8
DA:214,8
DA:215,229
DA:216,229
DA:217,229
DA:218,229
DA:219,229
DA:220,229
DA:221,229
DA:222,229
DA:223,49
DA:224,49
DA:225,49
DA:226,49
DA:227,49
DA:228,49
DA:229,20
DA:230,20
DA:231,20
DA:232,28
DA:233,28
DA:234,28
DA:235,28
DA:236,49
DA:237,229
DA:238,229
DA:239,229
DA:240,229
DA:241,229
DA:242,229
DA:243,229
DA:244,12
DA:245,12
DA:246,12
DA:247,12
DA:248,12
DA:249,12
DA:250,12
DA:251,12
DA:252,12
DA:253,12
DA:254,229
DA:255,229
DA:256,229
DA:257,229
DA:258,229
DA:259,229
DA:260,229
DA:261,229
DA:262,229
DA:263,12
DA:264,12
DA:265,12
DA:266,12
DA:267,12
DA:268,12
DA:269,12
DA:270,162
DA:271,162
DA:272,162
DA:273,162
DA:274,20
DA:275,20
DA:276,1
DA:277,1
DA:278,1
DA:279,1
DA:280,1
DA:281,1
DA:282,1
DA:283,1
DA:284,1
DA:285,1
DA:286,1
DA:287,1
DA:288,1
DA:289,1
DA:290,1
DA:291,1
DA:292,1
DA:293,1
DA:294,1
DA:295,1
DA:296,1
DA:297,1
DA:298,1
DA:299,1
DA:300,1
DA:301,1
DA:302,162
DA:303,12
DA:304,12
DA:305,12
DA:306,12
DA:307,229
DA:308,229
DA:309,229
DA:310,229
DA:311,229
DA:312,229
DA:313,229
DA:314,229
DA:315,229
DA:316,229
DA:317,229
DA:318,229
DA:319,229
DA:320,229
DA:321,17
DA:322,17
DA:323,17
DA:324,17
DA:325,17
DA:326,17
DA:327,17
DA:328,17
DA:329,17
DA:330,17
DA:331,17
DA:332,17
DA:333,17
DA:334,17
DA:335,17
DA:336,17
DA:337,17
DA:338,17
DA:339,17
DA:340,17
DA:341,17
DA:342,17
DA:343,15
DA:344,15
DA:345,15
DA:346,15
DA:347,17
DA:348,15
DA:349,15
DA:350,15
DA:351,15
DA:352,15
DA:353,15
DA:354,15
DA:355,15
DA:356,15
DA:357,15
DA:358,15
DA:359,15
DA:360,15
DA:361,15
DA:362,15
DA:363,15
DA:364,15
DA:365,15
DA:366,17
DA:367,17
DA:368,13
DA:369,13
DA:370,13
DA:371,13
DA:372,13
DA:373,13
DA:374,13
DA:375,13
DA:376,13
DA:377,13
DA:378,13
DA:379,13
DA:380,17
DA:381,4
DA:382,4
DA:383,4
DA:384,4
DA:385,4
DA:386,4
DA:387,4
DA:388,4
DA:389,4
DA:390,4
DA:391,4
DA:392,4
DA:393,4
DA:394,4
DA:395,4
DA:396,4
DA:397,4
DA:398,4
DA:399,4
DA:400,4
DA:401,4
DA:402,4
DA:403,4
DA:404,4
DA:405,4
DA:406,4
DA:407,4
DA:408,4
DA:409,4
DA:410,4
DA:411,4
DA:412,4
DA:413,4
DA:414,4
DA:415,4
DA:416,4
DA:417,4
DA:418,4
DA:419,4
DA:420,4
DA:421,4
DA:422,4
DA:423,4
DA:424,4
DA:425,4
DA:426,4
DA:427,0
DA:428,0
DA:429,0
DA:430,0
DA:431,0
DA:432,0
DA:433,0
DA:434,0
DA:435,0
DA:436,0
DA:437,0
DA:438,0
DA:439,0
DA:440,0
DA:441,4
DA:442,4
DA:443,4
DA:444,4
DA:445,4
DA:446,4
DA:447,4
DA:448,4
DA:449,4
DA:450,4
DA:451,4
DA:452,4
DA:453,4
DA:454,4
DA:455,4
DA:456,4
DA:457,4
DA:458,4
DA:459,4
DA:460,4
DA:461,4
DA:462,4
DA:463,4
DA:464,4
DA:465,4
DA:466,4
DA:467,4
DA:468,4
DA:469,4
DA:470,4
DA:471,4
DA:472,4
DA:473,4
DA:474,4
DA:475,4
DA:476,13
DA:477,13
DA:478,13
DA:479,17
DA:480,229
DA:481,229
DA:482,229
DA:483,229
DA:484,229
DA:485,229
DA:486,229
DA:487,2
DA:488,2
DA:489,2
DA:490,2
DA:491,2
DA:492,2
DA:493,2
DA:494,2
DA:495,2
DA:496,2
DA:497,2
DA:498,2
DA:499,2
DA:500,2
DA:501,2
DA:502,2
DA:503,2
DA:504,2
DA:505,2
DA:506,2
DA:507,2
DA:508,2
DA:509,2
DA:510,2
DA:511,2
DA:512,0
DA:513,0
DA:514,2
DA:515,2
DA:516,2
DA:517,2
DA:518,2
DA:519,13
DA:520,13
DA:521,2
DA:522,2
DA:523,2
DA:524,229
DA:525,229
DA:526,229
DA:527,229
DA:528,229
DA:529,229
DA:530,229
DA:531,229
DA:532,229
DA:533,0
DA:534,0
DA:535,0
DA:536,0
DA:537,0
DA:538,0
DA:539,0
DA:540,0
DA:541,0
DA:542,0
DA:543,0
DA:544,0
DA:545,0
DA:546,0
DA:547,0
DA:548,0
DA:549,0
DA:550,0
DA:551,0
DA:552,0
DA:553,0
DA:554,0
DA:555,0
DA:556,0
DA:557,0
DA:558,0
DA:559,0
DA:560,0
DA:561,0
DA:562,0
DA:563,0
DA:564,0
DA:565,0
DA:566,0
DA:567,0
DA:568,0
DA:569,0
DA:570,0
DA:571,0
DA:572,0
DA:573,0
DA:574,0
DA:575,0
DA:576,0
DA:577,0
DA:578,0
DA:579,0
DA:580,0
DA:581,0
DA:582,0
DA:583,0
DA:584,0
DA:585,0
DA:586,0
DA:587,0
DA:588,0
DA:589,0
DA:590,0
DA:591,0
DA:592,0
DA:593,0
DA:594,0
DA:595,0
DA:596,0
DA:597,0
DA:598,0
DA:599,0
DA:600,0
DA:601,0
DA:602,0
DA:603,229
DA:604,229
DA:605,229
DA:606,229
DA:607,229
DA:608,229
DA:609,229
DA:610,229
DA:611,229
DA:612,229
DA:613,229
DA:614,229
DA:615,13
DA:616,13
DA:617,13
DA:618,13
DA:619,13
DA:620,13
DA:621,13
DA:622,13
DA:623,13
DA:624,13
DA:625,13
DA:626,4
DA:627,4
DA:628,4
DA:629,4
DA:630,4
DA:631,4
DA:632,4
DA:633,4
DA:634,4
DA:635,4
DA:636,4
DA:637,4
DA:638,4
DA:639,0
DA:640,0
DA:641,0
DA:642,0
DA:643,0
DA:644,0
DA:645,0
DA:646,0
DA:647,0
DA:648,0
DA:649,4
DA:650,4
DA:651,4
DA:652,4
DA:653,13
DA:654,13
DA:655,13
DA:656,13
DA:657,229
DA:658,229
DA:659,229
DA:660,229
DA:661,229
DA:662,229
DA:663,229
DA:664,229
DA:665,229
DA:666,229
DA:667,229
DA:668,229
DA:669,229
DA:670,2
DA:671,2
DA:672,2
DA:673,2
DA:674,0
DA:675,0
DA:676,2
DA:677,229
DA:678,229
DA:679,229
DA:680,229
DA:681,4
DA:682,4
DA:683,4
DA:684,4
DA:685,4
DA:686,4
DA:687,27
DA:688,27
DA:689,27
DA:690,27
DA:691,4
DA:692,4
DA:693,4
DA:694,229
DA:695,27
DA:696,27
DA:697,27
DA:698,27
DA:699,27
DA:700,27
DA:701,27
DA:702,27
DA:703,27
DA:704,27
DA:705,27
DA:706,27
DA:707,27
DA:708,27
DA:709,27
DA:710,27
DA:711,27
DA:712,27
DA:713,27
DA:714,27
DA:715,27
DA:716,27
DA:717,27
LH:617
LF:717
end_of_record
SF:lib/helper/xml-encoding-sniffer.js
FN:35,xmlEncodingSniffer
FN:166,getXmlDeclaredEncoding
FN:178,getStringFromByteArray
FN:213,detectUnicodeInByteSampleByHeuristics
FN:347,detectSuspiciousUTF8SequenceLength
FN:490,detectBOMBytes
FN:530,isCommonUSASCIIByte
FNDA:41,xmlEncodingSniffer
FNDA:41,getXmlDeclaredEncoding
FNDA:41,getStringFromByteArray
FNDA:627,detectUnicodeInByteSampleByHeuristics
FNDA:627,detectSuspiciousUTF8SequenceLength
FNDA:82,detectBOMBytes
FNDA:627,isCommonUSASCIIByte
FNF:7
FNH:7
BRDA:1,0,0,229
BRDA:35,1,0,41
BRDA:47,2,0,25
BRDA:78,3,0,1
BRDA:86,4,0,1
BRDA:96,5,0,1
BRDA:96,6,0,1
BRDA:96,7,0,1
BRDA:96,8,0,1
BRDA:103,9,0,24
BRDA:114,10,0,24
BRDA:118,11,0,28
BRDA:123,12,0,2
BRDA:125,13,0,27
BRDA:127,14,0,24
BRDA:129,15,0,3
BRDA:135,16,0,1
BRDA:153,17,0,2
BRDA:49,18,0,0
BRDA:49,19,0,0
BRDA:49,20,0,0
BRDA:49,21,0,0
BRDA:59,22,0,0
BRDA:59,23,0,0
BRDA:59,24,0,0
BRDA:59,25,0,0
BRDA:68,26,0,0
BRDA:68,27,0,0
BRDA:73,28,0,0
BRDA:73,29,0,0
BRDA:78,30,0,0
BRDA:78,31,0,0
BRDA:78,32,0,0
BRDA:86,33,0,0
BRDA:86,34,0,0
BRDA:86,35,0,0
BRDA:105,36,0,0
BRDA:105,37,0,0
BRDA:105,38,0,0
BRDA:105,39,0,0
BRDA:166,40,0,41
BRDA:175,41,0,1
BRDA:178,42,0,41
BRDA:183,43,0,4
BRDA:192,44,0,2
BRDA:199,45,0,2
BRDA:206,46,0,25
BRDA:213,47,0,37
BRDA:230,48,0,627
BRDA:241,49,0,400
BRDA:233,50,0,0
BRDA:250,51,0,0
BRDA:256,52,0,0
BRDA:274,53,0,0
BRDA:286,54,0,0
BRDA:335,55,0,0
BRDA:341,56,0,0
BRDA:347,57,0,627
BRDA:430,58,0,590
BRDA:354,59,0,0
BRDA:378,60,0,0
BRDA:389,61,0,0
BRDA:413,62,0,0
BRDA:421,63,0,0
BRDA:432,64,0,0
BRDA:490,65,0,82
BRDA:492,66,0,2
BRDA:492,67,0,56
BRDA:500,68,0,56
BRDA:503,69,0,4
BRDA:504,70,0,4
BRDA:504,71,0,52
BRDA:506,72,0,52
BRDA:509,73,0,4
BRDA:509,74,0,4
BRDA:510,75,0,4
BRDA:510,76,0,48
BRDA:515,77,0,48
BRDA:517,78,0,48
BRDA:521,79,0,48
BRDA:525,80,0,48
BRDA:496,81,0,0
BRDA:497,82,0,0
BRDA:500,83,0,0
BRDA:506,84,0,0
BRDA:514,85,0,0
BRDA:514,86,0,0
BRDA:515,87,0,0
BRDA:517,88,0,0
BRDA:520,89,0,0
BRDA:520,90,0,0
BRDA:520,91,0,0
BRDA:521,92,0,0
BRDA:524,93,0,0
BRDA:524,94,0,0
BRDA:524,95,0,0
BRDA:525,96,0,0
BRDA:530,97,0,627
BRDA:532,98,0,398
BRDA:533,99,0,398
BRDA:534,100,0,398
BRDA:535,101,0,511
BRDA:536,102,0,495
BRDA:537,103,0,466
BRDA:538,104,0,430
BRDA:539,105,0,430
BRDA:540,106,0,3
BRF:107
BRH:56
DA:1,229
DA:2,229
DA:3,229
DA:4,229
DA:5,229
DA:6,229
DA:7,229
DA:8,229
DA:9,229
DA:10,229
DA:11,229
DA:12,229
DA:13,229
DA:14,229
DA:15,229
DA:16,229
DA:17,229
DA:18,229
DA:19,229
DA:20,229
DA:21,229
DA:22,229
DA:23,229
DA:24,229
DA:25,229
DA:26,229
DA:27,229
DA:28,229
DA:29,229
DA:30,229
DA:31,229
DA:32,229
DA:33,229
DA:34,229
DA:35,229
DA:36,41
DA:37,41
DA:38,41
DA:39,41
DA:40,41
DA:41,41
DA:42,41
DA:43,41
DA:44,41
DA:45,41
DA:46,41
DA:47,41
DA:48,25
DA:49,25
DA:50,0
DA:51,0
DA:52,0
DA:53,0
DA:54,0
DA:55,0
DA:56,0
DA:57,0
DA:58,25
DA:59,25
DA:60,0
DA:61,0
DA:62,0
DA:63,0
DA:64,0
DA:65,0
DA:66,0
DA:67,25
DA:68,25
DA:69,0
DA:70,0
DA:71,0
DA:72,25
DA:73,25
DA:74,0
DA:75,0
DA:76,0
DA:77,25
DA:78,25
DA:79,0
DA:80,0
DA:81,0
DA:82,0
DA:83,0
DA:84,0
DA:85,25
DA:86,25
DA:87,0
DA:88,0
DA:89,0
DA:90,0
DA:91,0
DA:92,0
DA:93,0
DA:94,0
DA:95,25
DA:96,25
DA:97,1
DA:98,1
DA:99,1
DA:100,1
DA:101,1
DA:102,1
DA:103,1
DA:104,24
DA:105,24
DA:106,0
DA:107,0
DA:108,0
DA:109,0
DA:110,0
DA:111,41
DA:112,41
DA:113,41
DA:114,41
DA:115,41
DA:116,41
DA:117,41
DA:118,41
DA:119,41
DA:120,41
DA:121,41
DA:122,41
DA:123,41
DA:124,2
DA:125,2
DA:126,27
DA:127,27
DA:128,24
DA:129,24
DA:130,3
DA:131,3
DA:132,3
DA:133,3
DA:134,3
DA:135,3
DA:136,1
DA:137,1
DA:138,1
DA:139,1
DA:140,1
DA:141,1
DA:142,1
DA:143,1
DA:144,1
DA:145,1
DA:146,1
DA:147,1
DA:148,1
DA:149,1
DA:150,1
DA:151,1
DA:152,1
DA:153,1
DA:154,2
DA:155,2
DA:156,2
DA:157,2
DA:158,2
DA:159,2
DA:160,2
DA:161,41
DA:162,41
DA:163,41
DA:164,41
DA:165,229
DA:166,41
DA:167,41
DA:168,41
DA:169,41
DA:170,41
DA:171,41
DA:172,41
DA:173,41
DA:174,41
DA:175,41
DA:176,41
DA:177,229
DA:178,41
DA:179,41
DA:180,41
DA:181,41
DA:182,41
DA:183,41
DA:184,4
DA:185,4
DA:186,4
DA:187,4
DA:188,4
DA:189,4
DA:190,4
DA:191,4
DA:192,4
DA:193,2
DA:194,2
DA:195,4
DA:196,4
DA:197,4
DA:198,4
DA:199,4
DA:200,2
DA:201,4
DA:202,4
DA:203,4
DA:204,4
DA:205,4
DA:206,4
DA:207,25
DA:208,41
DA:209,41
DA:210,41
DA:211,41
DA:212,229
DA:213,37
DA:214,37
DA:215,37
DA:216,37
DA:217,37
DA:218,37
DA:219,37
DA:220,37
DA:221,37
DA:222,37
DA:223,37
DA:224,37
DA:225,37
DA:226,37
DA:227,37
DA:228,37
DA:229,37
DA:230,37
DA:231,627
DA:232,627
DA:233,627
DA:234,0
DA:235,0
DA:236,0
DA:237,0
DA:238,0
DA:239,627
DA:240,627
DA:241,627
DA:242,400
DA:243,400
DA:244,627
DA:245,627
DA:246,627
DA:247,627
DA:248,627
DA:249,627
DA:250,627
DA:251,0
DA:252,0
DA:253,0
DA:254,0
DA:255,0
DA:256,627
DA:257,0
DA:258,0
DA:259,0
DA:260,627
DA:261,627
DA:262,627
DA:263,37
DA:264,37
DA:265,37
DA:266,37
DA:267,37
DA:268,37
DA:269,37
DA:270,37
DA:271,37
DA:272,37
DA:273,37
DA:274,37
DA:275,37
DA:276,37
DA:277,37
DA:278,37
DA:279,37
DA:280,37
DA:281,37
DA:282,37
DA:283,37
DA:284,37
DA:285,37
DA:286,37
DA:287,37
DA:288,37
DA:289,37
DA:290,37
DA:291,37
DA:292,37
DA:293,37
DA:294,37
DA:295,37
DA:296,37
DA:297,37
DA:298,37
DA:299,37
DA:300,37
DA:301,37
DA:302,37
DA:303,37
DA:304,37
DA:305,37
DA:306,37
DA:307,37
DA:308,37
DA:309,37
DA:310,37
DA:311,37
DA:312,37
DA:313,37
DA:314,37
DA:315,37
DA:316,37
DA:317,37
DA:318,37
DA:319,37
DA:320,37
DA:321,37
DA:322,37
DA:323,37
DA:324,37
DA:325,37
DA:326,37
DA:327,37
DA:328,37
DA:329,37
DA:330,37
DA:331,37
DA:332,37
DA:333,37
DA:334,37
DA:335,37
DA:336,0
DA:337,0
DA:338,0
DA:339,0
DA:340,37
DA:341,37
DA:342,37
DA:343,37
DA:344,37
DA:345,37
DA:346,229
DA:347,627
DA:348,627
DA:349,627
DA:350,627
DA:351,627
DA:352,627
DA:353,627
DA:354,627
DA:355,0
DA:356,0
DA:357,0
DA:358,0
DA:359,0
DA:360,0
DA:361,0
DA:362,0
DA:363,0
DA:364,0
DA:365,0
DA:366,0
DA:367,0
DA:368,0
DA:369,0
DA:370,0
DA:371,0
DA:372,0
DA:373,0
DA:374,627
DA:375,627
DA:376,627
DA:377,627
DA:378,627
DA:379,0
DA:380,0
DA:381,0
DA:382,0
DA:383,0
DA:384,0
DA:385,627
DA:386,627
DA:387,627
DA:388,627
DA:389,627
DA:390,0
DA:391,0
DA:392,0
DA:393,0
DA:394,0
DA:395,0
DA:396,0
DA:397,0
DA:398,0
DA:399,0
DA:400,0
DA:401,0
DA:402,0
DA:403,0
DA:404,0
DA:405,0
DA:406,0
DA:407,0
DA:408,0
DA:409,627
DA:410,627
DA:411,627
DA:412,627
DA:413,627
DA:414,0
DA:415,0
DA:416,0
DA:417,627
DA:418,627
DA:419,627
DA:420,627
DA:421,627
DA:422,0
DA:423,0
DA:424,0
DA:425,0
DA:426,0
DA:427,0
DA:428,627
DA:429,627
DA:430,627
DA:431,590
DA:432,627
DA:433,0
DA:434,0
DA:435,0
DA:436,0
DA:437,0
DA:438,0
DA:439,0
DA:440,0
DA:441,0
DA:442,0
DA:443,0
DA:444,0
DA:445,0
DA:446,0
DA:447,0
DA:448,0
DA:449,0
DA:450,0
DA:451,0
DA:452,0
DA:453,0
DA:454,0
DA:455,0
DA:456,0
DA:457,0
DA:458,0
DA:459,0
DA:460,0
DA:461,0
DA:462,0
DA:463,0
DA:464,0
DA:465,0
DA:466,0
DA:467,0
DA:468,0
DA:469,0
DA:470,0
DA:471,0
DA:472,0
DA:473,0
DA:474,0
DA:475,0
DA:476,0
DA:477,0
DA:478,0
DA:479,0
DA:480,0
DA:481,0
DA:482,0
DA:483,0
DA:484,0
DA:485,0
DA:486,627
DA:487,627
DA:488,627
DA:489,229
DA:490,82
DA:491,82
DA:492,82
DA:493,56
DA:494,56
DA:495,56
DA:496,82
DA:497,82
DA:498,0
DA:499,82
DA:500,82
DA:501,56
DA:502,56
DA:503,82
DA:504,82
DA:505,52
DA:506,82
DA:507,52
DA:508,52
DA:509,82
DA:510,82
DA:511,48
DA:512,48
DA:513,48
DA:514,82
DA:515,82
DA:516,48
DA:517,82
DA:518,48
DA:519,48
DA:520,82
DA:521,82
DA:522,48
DA:523,48
DA:524,82
DA:525,82
DA:526,48
DA:527,48
DA:528,82
DA:529,229
DA:530,627
DA:531,627
DA:532,627
DA:533,627
DA:534,627
DA:535,627
DA:536,627
DA:537,627
DA:538,627
DA:539,627
DA:540,627
DA:541,627
DA:542,627
DA:543,627
LH:379
LF:543
end_of_record
SF:lib/whatwg-xhr.js
FN:121,defaultHeaders
FN:162,XMLHttpRequestEventTarget
FN:185,get onloadstart
FN:187,set onloadstart
FN:203,get onprogress
FN:205,set onprogress
FN:221,get onabort
FN:223,set onabort
FN:239,get onerror
FN:241,set onerror
FN:257,get onload
FN:259,set onload
FN:275,get ontimeout
FN:277,set ontimeout
FN:293,get onloadend
FN:295,set onloadend
FN:318,XMLHttpRequestUpload
FN:410,XMLHttpRequest
FN:475,get onreadystatechange
FN:477,set onreadystatechange
FN:494,get readyState
FN:503,get upload
FN:512,get status
FN:521,get statusText
FN:557,get response
FN:667,get responseText
FN:707,get responseType
FN:711,set responseType
FN:767,get responseXML
FN:813,get responseURL
FN:845,get timeout
FN:847,set timeout
FN:881,get withCredentials
FN:883,set withCredentials
FN:1002,open
FN:1023,anonymous_35
FN:1141,abort
FN:1195,setRequestHeader
FN:1409,send
FN:1520,anonymous_39
FN:1628,processRequestBodyChunkLength
FN:1645,processRequestEndOfBody
FN:1664,processResponse
FN:1775,anonymous_43
FN:1795,anonymous_44
FN:1835,anonymous_45
FN:1861,anonymous_46
FN:1864,anonymous_47
FN:1873,anonymous_48
FN:1881,anonymous_49
FN:1882,anonymous_50
FN:1886,anonymous_51
FN:1916,anonymous_52
FN:2043,anonymous_53
FN:2057,processResult
FN:2137,getResponseHeader
FN:2183,getAllResponseHeaders
FN:2198,anonymous_57
FN:2237,overrideMimeType
FN:2294,ProgressEvent
FN:2343,get lengthComputable
FN:2353,get loaded
FN:2363,get total
FN:2407,FormData
FN:2445,append
FN:2491,delete
FN:2510,get
FN:2531,getAll
FN:2553,has
FN:2575,set
FN:2600,entries
FN:2605,next
FN:2619,keys
FN:2624,next
FN:2638,values
FN:2643,next
FN:2661,entries
FN:2667,next
FN:2702,makeEntry
FN:2741,readBlobSync
FN:2787,handleError
FN:2838,requestErrorSteps
FN:2897,setResponseToNetworkError
FN:2990,getResponseMimeType
FN:3018,getFinalMimeType
FN:3038,getFinalEncoding
FN:3083,setDocumentResponse
FN:3169,getTextResponse
FN:3218,ClientRequestData
FN:3229,destroy
FN:3241,end
FN:3257,on
FN:3276,requestDataURL
FNDA:2970,defaultHeaders
FNDA:1506,XMLHttpRequestEventTarget
FNDA:764,get onloadstart
FNDA:248,set onloadstart
FNDA:747,get onprogress
FNDA:135,set onprogress
FNDA:744,get onabort
FNDA:105,set onabort
FNDA:744,get onerror
FNDA:357,set onerror
FNDA:744,get onload
FNDA:409,set onload
FNDA:744,get ontimeout
FNDA:106,set ontimeout
FNDA:743,get onloadend
FNDA:383,set onloadend
FNDA:753,XMLHttpRequestUpload
FNDA:753,XMLHttpRequest
FNDA:0,get onreadystatechange
FNDA:231,set onreadystatechange
FNDA:715,get readyState
FNDA:831,get upload
FNDA:465,get status
FNDA:327,get statusText
FNDA:297,get response
FNDA:476,get responseText
FNDA:456,get responseType
FNDA:39,set responseType
FNDA:219,get responseXML
FNDA:212,get responseURL
FNDA:0,get timeout
FNDA:3,set timeout
FNDA:0,get withCredentials
FNDA:1,set withCredentials
FNDA:772,open
FNDA:2759,anonymous_35
FNDA:6,abort
FNDA:2436,setRequestHeader
FNDA:64931940,send
FNDA:2956,anonymous_39
FNDA:84,processRequestBodyChunkLength
FNDA:79,processRequestEndOfBody
FNDA:505,processResponse
FNDA:318,anonymous_43
FNDA:394,anonymous_44
FNDA:3,anonymous_45
FNDA:513,anonymous_46
FNDA:27,anonymous_47
FNDA:84,anonymous_48
FNDA:5,anonymous_49
FNDA:15,anonymous_50
FNDA:5,anonymous_51
FNDA:3,anonymous_52
FNDA:0,anonymous_53
FNDA:1062,processResult
FNDA:1615,getResponseHeader
FNDA:1142,getAllResponseHeaders
FNDA:1979,anonymous_57
FNDA:6,overrideMimeType
FNDA:2380,ProgressEvent
FNDA:84,get lengthComputable
FNDA:198,get loaded
FNDA:128,get total
FNDA:41,FormData
FNDA:51,append
FNDA:21,delete
FNDA:37,get
FNDA:4,getAll
FNDA:3,has
FNDA:15,set
FNDA:1,entries
FNDA:6,next
FNDA:1,keys
FNDA:6,next
FNDA:1,values
FNDA:6,next
FNDA:12,entries
FNDA:31,next
FNDA:66,makeEntry
FNDA:228886,readBlobSync
FNDA:959,handleError
FNDA:54,requestErrorSteps
FNDA:868,setResponseToNetworkError
FNDA:908,getResponseMimeType
FNDA:496,getFinalMimeType
FNDA:413,getFinalEncoding
FNDA:216,setDocumentResponse
FNDA:723,getTextResponse
FNDA:13,ClientRequestData
FNDA:2,destroy
FNDA:13,end
FNDA:39,on
FNDA:13,requestDataURL
FNF:93
FNH:90
BRDA:1,0,0,229
BRDA:121,1,0,2970
BRDA:162,2,0,1506
BRDA:185,3,0,764
BRDA:187,4,0,248
BRDA:191,5,0,32
BRDA:203,6,0,747
BRDA:205,7,0,135
BRDA:209,8,0,19
BRDA:221,9,0,744
BRDA:223,10,0,105
BRDA:227,11,0,3
BRDA:239,12,0,744
BRDA:241,13,0,357
BRDA:245,14,0,32
BRDA:257,15,0,744
BRDA:259,16,0,409
BRDA:263,17,0,71
BRDA:275,18,0,744
BRDA:277,19,0,106
BRDA:281,20,0,3
BRDA:293,21,0,743
BRDA:295,22,0,383
BRDA:299,23,0,43
BRDA:318,24,0,753
BRDA:321,25,0,0
BRDA:410,26,0,753
BRDA:477,27,0,231
BRDA:481,28,0,142
BRDA:494,29,0,715
BRDA:503,30,0,831
BRDA:512,31,0,465
BRDA:521,32,0,327
BRDA:557,33,0,297
BRDA:562,34,0,28
BRDA:562,35,0,57
BRDA:565,36,0,19
BRDA:567,37,0,38
BRDA:571,38,0,28
BRDA:575,39,0,28
BRDA:579,40,0,28
BRDA:583,41,0,15
BRDA:583,42,0,13
BRDA:586,43,0,1
BRDA:598,44,0,12
BRDA:601,45,0,2
BRDA:613,46,0,10
BRDA:629,47,0,4
BRDA:629,48,0,6
BRDA:638,49,0,4
BRDA:642,50,0,5
BRDA:575,51,0,0
BRDA:579,52,0,0
BRDA:592,53,0,0
BRDA:617,54,0,0
BRDA:667,55,0,476
BRDA:671,56,0,19
BRDA:675,57,0,260
BRDA:675,58,0,3
BRDA:677,59,0,261
BRDA:672,60,0,0
BRDA:707,61,0,456
BRDA:711,62,0,39
BRDA:712,63,0,31
BRDA:721,64,0,0
BRDA:725,65,0,0
BRDA:736,66,0,0
BRDA:767,67,0,219
BRDA:781,68,0,3
BRDA:781,69,0,4
BRDA:785,70,0,4
BRDA:789,71,0,4
BRDA:773,72,0,0
BRDA:773,73,0,0
BRDA:785,74,0,0
BRDA:789,75,0,0
BRDA:813,76,0,212
BRDA:816,77,0,0
BRDA:847,78,0,3
BRDA:850,79,0,0
BRDA:851,80,0,0
BRDA:855,81,0,0
BRDA:858,82,0,0
BRDA:883,83,0,1
BRDA:889,84,0,0
BRDA:1002,85,0,772
BRDA:1015,86,0,7
BRDA:1015,87,0,537
BRDA:1019,88,0,9
BRDA:1019,89,0,528
BRDA:1023,90,0,18
BRDA:1031,91,0,1
BRDA:1034,92,0,527
BRDA:1040,93,0,511
BRDA:1042,94,0,1
BRDA:1053,95,0,1
BRDA:1063,96,0,527
BRDA:1070,97,0,527
BRDA:1073,98,0,235
BRDA:1074,99,0,5
BRDA:1074,100,0,522
BRDA:1077,101,0,2
BRDA:1080,102,0,522
BRDA:1113,103,0,514
BRDA:1005,104,0,0
BRDA:1006,105,0,0
BRDA:1010,106,0,0
BRDA:1069,107,0,0
BRDA:1069,108,0,0
BRDA:1070,109,0,0
BRDA:1023,110,0,2759
BRDA:1141,111,0,6
BRDA:1146,112,0,3
BRDA:1154,113,0,5
BRDA:1154,114,0,1
BRDA:1155,115,0,1
BRDA:1157,116,0,5
BRDA:1162,117,0,5
BRDA:1195,118,0,2436
BRDA:1199,119,0,1
BRDA:1199,120,0,1610
BRDA:1205,121,0,5
BRDA:1205,122,0,1605
BRDA:1209,123,0,1
BRDA:1209,124,0,1604
BRDA:1219,125,0,71
BRDA:1222,126,0,110
BRDA:1223,127,0,2
BRDA:1232,128,0,69
BRDA:1235,129,0,1533
BRDA:1240,130,0,4
BRDA:1242,131,0,10
BRDA:1243,132,0,1
BRDA:1252,133,0,3
BRDA:1255,134,0,1529
BRDA:1258,135,0,22
BRDA:1260,136,0,1507
BRDA:1266,137,0,13
BRDA:1269,138,0,1494
BRDA:1409,139,0,766
BRDA:1416,140,0,1
BRDA:1416,141,0,492
BRDA:1420,142,0,1
BRDA:1420,143,0,491
BRDA:1423,144,0,255
BRDA:1423,145,0,263
BRDA:1425,146,0,491
BRDA:1428,147,0,92
BRDA:1428,148,0,85
BRDA:1453,149,0,31
BRDA:1456,150,0,31
BRDA:1461,151,0,12
BRDA:1461,152,0,21
BRDA:1470,153,0,13
BRDA:1470,154,0,6
BRDA:1485,155,0,5
BRDA:1487,156,0,54
BRDA:1499,157,0,41
BRDA:1503,158,0,491
BRDA:1507,159,0,474
BRDA:1508,160,0,471
BRDA:1509,161,0,471
BRDA:1510,162,0,471
BRDA:1511,163,0,471
BRDA:1512,164,0,470
BRDA:1514,165,0,25
BRDA:1516,166,0,466
BRDA:1520,167,0,3
BRDA:1522,168,0,491
BRDA:1525,169,0,491
BRDA:1534,170,0,490
BRDA:1535,171,0,365
BRDA:1535,172,0,157
BRDA:1542,173,0,2292
BRDA:1543,174,0,1324
BRDA:1546,175,0,491
BRDA:1578,176,0,491
BRDA:1581,177,0,472
BRDA:1581,178,0,19
BRDA:1584,179,0,15
BRDA:1584,180,0,4
BRDA:1586,181,0,491
BRDA:1596,182,0,406
BRDA:1596,183,0,491
BRDA:1602,184,0,263
BRDA:1611,185,0,36
BRDA:1611,186,0,227
BRDA:1619,187,0,35
BRDA:1620,188,0,19
BRDA:1623,189,0,260
BRDA:1624,190,0,3
BRDA:1624,191,0,260
BRDA:1850,192,0,2
BRDA:1859,193,0,258
BRDA:1870,194,0,35
BRDA:1900,195,0,223
BRDA:1903,196,0,258
BRDA:1915,197,0,3
BRDA:1923,198,0,228
BRDA:1949,199,0,684
BRDA:1950,200,0,681
BRDA:1958,201,0,55
BRDA:2013,202,0,49
BRDA:2013,203,0,10
BRDA:2017,204,0,218
BRDA:2019,205,0,39
BRDA:2019,206,0,3
BRDA:2036,207,0,215
BRDA:2038,208,0,36
BRDA:2053,209,0,64931940
BRDA:1581,210,0,3
BRDA:1850,211,0,3
BRDA:1900,212,0,3
BRDA:1525,213,0,0
BRDA:1578,214,0,0
BRDA:1615,215,0,0
BRDA:1520,216,0,2956
BRDA:1628,217,0,84
BRDA:1639,218,0,19
BRDA:1645,219,0,79
BRDA:1651,220,0,16
BRDA:1651,221,0,15
BRDA:1664,222,0,505
BRDA:1673,223,0,1
BRDA:1676,224,0,243
BRDA:1678,225,0,67
BRDA:1680,226,0,23
BRDA:1681,227,0,18
BRDA:1682,228,0,14
BRDA:1683,229,0,9
BRDA:1686,230,0,59
BRDA:1687,231,0,4
BRDA:1693,232,0,97
BRDA:1705,233,0,97
BRDA:1715,234,0,91
BRDA:1716,235,0,4
BRDA:1718,236,0,4
BRDA:1723,237,0,15
BRDA:1724,238,0,12
BRDA:1725,239,0,12
BRDA:1726,240,0,12
BRDA:1727,241,0,12
BRDA:1729,242,0,3
BRDA:1735,243,0,97
BRDA:1750,244,0,184
BRDA:1762,245,0,184
BRDA:1771,246,0,154
BRDA:1772,247,0,154
BRDA:1772,248,0,184
BRDA:1762,249,0,0
BRDA:1775,250,0,318
BRDA:1785,251,0,134
BRDA:1795,252,0,394
BRDA:1810,253,0,154
BRDA:1811,254,0,154
BRDA:1816,255,0,50
BRDA:1801,256,0,0
BRDA:1835,257,0,3
BRDA:1861,258,0,513
BRDA:1864,259,0,27
BRDA:1873,260,0,84
BRDA:1876,261,0,7
BRDA:1878,262,0,28
BRDA:1880,263,0,5
BRDA:1890,264,0,23
BRDA:1881,265,0,5
BRDA:1882,266,0,15
BRDA:1886,267,0,5
BRDA:1916,268,0,3
BRDA:2057,269,0,228
BRDA:2059,270,0,0
BRDA:2062,271,0,212
BRDA:2079,272,0,1062
BRDA:2085,273,0,1062
BRDA:2090,274,0,109
BRDA:2111,275,0,16
BRDA:2137,276,0,263
BRDA:2141,277,0,0
BRDA:2145,278,0,15
BRDA:2145,279,0,248
BRDA:2148,280,0,0
BRDA:2148,281,0,248
BRDA:2154,282,0,1615
BRDA:2154,283,0,248
BRDA:2156,284,0,223
BRDA:2157,285,0,217
BRDA:2157,286,0,31
BRDA:2183,287,0,239
BRDA:2187,288,0,9
BRDA:2187,289,0,18
BRDA:2208,290,0,1142
BRDA:2210,291,0,68
BRDA:2211,292,0,18
BRDA:2198,293,0,1979
BRDA:2200,294,0,690
BRDA:2200,295,0,1267
BRDA:2200,296,0,8
BRDA:2237,297,0,6
BRDA:2241,298,0,0
BRDA:2246,299,0,5
BRDA:2247,300,0,1
BRDA:2247,301,0,5
BRDA:2251,302,0,2
BRDA:2254,303,0,3
BRDA:2294,304,0,2380
BRDA:2310,305,0,1436
BRDA:2313,306,0,1435
BRDA:2316,307,0,1
BRDA:2316,308,0,1437
BRDA:2296,309,0,0
BRDA:2306,310,0,0
BRDA:2307,311,0,0
BRDA:2310,312,0,0
BRDA:2313,313,0,0
BRDA:2327,314,0,0
BRDA:2343,315,0,84
BRDA:2353,316,0,198
BRDA:2363,317,0,128
BRDA:2407,318,0,41
BRDA:2409,319,0,0
BRDA:2424,320,0,2
BRDA:2424,321,0,39
BRDA:2429,322,0,2
BRDA:2445,323,0,51
BRDA:2447,324,0,0
BRDA:2465,325,0,0
BRDA:2468,326,0,0
BRDA:2470,327,0,3
BRDA:2471,328,0,0
BRDA:2475,329,0,5
BRDA:2475,330,0,46
BRDA:2476,331,0,3
BRDA:2476,332,0,48
BRDA:2491,333,0,7
BRDA:2494,334,0,0
BRDA:2498,335,0,21
BRDA:2499,336,0,7
BRDA:2510,337,0,28
BRDA:2513,338,0,0
BRDA:2517,339,0,37
BRDA:2518,340,0,24
BRDA:2518,341,0,4
BRDA:2531,342,0,3
BRDA:2534,343,0,0
BRDA:2539,344,0,4
BRDA:2540,345,0,2
BRDA:2553,346,0,3
BRDA:2556,347,0,0
BRDA:2561,348,0,1
BRDA:2561,349,0,2
BRDA:2575,350,0,15
BRDA:2578,351,0,0
BRDA:2581,352,0,0
BRDA:2583,353,0,3
BRDA:2584,354,0,0
BRDA:2588,355,0,6
BRDA:2588,356,0,9
BRDA:2589,357,0,3
BRDA:2589,358,0,12
BRDA:2593,359,0,13
BRDA:2594,360,0,3
BRDA:2600,361,0,1
BRDA:2605,362,0,6
BRDA:2606,363,0,5
BRDA:2607,364,0,1
BRDA:2619,365,0,1
BRDA:2624,366,0,6
BRDA:2625,367,0,5
BRDA:2626,368,0,1
BRDA:2638,369,0,1
BRDA:2643,370,0,6
BRDA:2644,371,0,5
BRDA:2645,372,0,1
BRDA:2661,373,0,12
BRDA:2667,374,0,31
BRDA:2668,375,0,19
BRDA:2669,376,0,12
BRDA:2702,377,0,66
BRDA:2708,378,0,55
BRDA:2710,379,0,11
BRDA:2715,380,0,8
BRDA:2721,381,0,6
BRDA:2741,382,0,10
BRDA:2765,383,0,228886
BRDA:2787,384,0,959
BRDA:2792,385,0,13
BRDA:2794,386,0,459
BRDA:2797,387,0,3
BRDA:2799,388,0,457
BRDA:2802,389,0,472
BRDA:2807,390,0,38
BRDA:2792,391,0,1
BRDA:2802,392,0,0
BRDA:2838,393,0,54
BRDA:2853,394,0,16
BRDA:2855,395,0,22
BRDA:2861,396,0,5
BRDA:2876,397,0,22
BRDA:2897,398,0,868
BRDA:2901,399,0,31
BRDA:2990,400,0,908
BRDA:3003,401,0,48
BRDA:3018,402,0,496
BRDA:3024,403,0,168
BRDA:3024,404,0,1
BRDA:3038,405,0,413
BRDA:3053,406,0,17
BRDA:3057,407,0,4
BRDA:3061,408,0,2
BRDA:3066,409,0,178
BRDA:3066,410,0,17
BRDA:3054,411,0,0
BRDA:3083,412,0,216
BRDA:3088,413,0,2
BRDA:3100,414,0,2
BRDA:3101,415,0,2
BRDA:3104,416,0,1
BRDA:3108,417,0,1
BRDA:3111,418,0,0
BRDA:3144,419,0,0
BRDA:3169,420,0,723
BRDA:3175,421,0,104
BRDA:3177,422,0,195
BRDA:3185,423,0,176
BRDA:3185,424,0,165
BRDA:3189,425,0,137
BRDA:3189,426,0,136
BRDA:3189,427,0,29
BRDA:3194,428,0,195
BRDA:3197,429,0,150
BRDA:3197,430,0,195
BRDA:3193,431,0,0
BRDA:3218,432,0,13
BRDA:3229,433,0,2
BRDA:3241,434,0,13
BRDA:3243,435,0,0
BRDA:3257,436,0,39
BRDA:3258,437,0,13
BRDA:3259,438,0,13
BRDA:3259,439,0,26
BRDA:3261,440,0,13
BRDA:3261,441,0,13
BRDA:3262,442,0,2
BRDA:3276,443,0,13
BRDA:3287,444,0,11
BRDA:3290,445,0,1
BRDA:3290,446,0,10
BRDA:3301,447,0,1
BRDA:3283,448,0,0
BRF:449
BRH:394
DA:1,229
DA:2,229
DA:3,229
DA:4,229
DA:5,229
DA:6,229
DA:7,229
DA:8,229
DA:9,229
DA:10,229
DA:11,229
DA:12,229
DA:13,229
DA:14,229
DA:15,229
DA:16,229
DA:17,229
DA:18,229
DA:19,229
DA:20,229
DA:21,229
DA:22,229
DA:23,229
DA:24,229
DA:25,229
DA:26,229
DA:27,229
DA:28,229
DA:29,229
DA:30,229
DA:31,229
DA:32,229
DA:33,229
DA:34,229
DA:35,229
DA:36,229
DA:37,229
DA:38,229
DA:39,229
DA:40,229
DA:41,229
DA:42,229
DA:43,229
DA:44,229
DA:45,229
DA:46,229
DA:47,229
DA:48,229
DA:49,229
DA:50,229
DA:51,229
DA:52,229
DA:53,229
DA:54,229
DA:55,229
DA:56,229
DA:57,229
DA:58,229
DA:59,229
DA:60,229
DA:61,229
DA:62,229
DA:63,229
DA:64,229
DA:65,229
DA:66,229
DA:67,229
DA:68,229
DA:69,229
DA:70,229
DA:71,229
DA:72,229
DA:73,229
DA:74,229
DA:75,229
DA:76,229
DA:77,229
DA:78,229
DA:79,229
DA:80,229
DA:81,229
DA:82,229
DA:83,229
DA:84,229
DA:85,229
DA:86,229
DA:87,229
DA:88,229
DA:89,229
DA:90,229
DA:91,229
DA:92,229
DA:93,229
DA:94,229
DA:95,229
DA:96,229
DA:97,229
DA:98,229
DA:99,229
DA:100,229
DA:101,229
DA:102,229
DA:103,229
DA:104,229
DA:105,229
DA:106,229
DA:107,229
DA:108,229
DA:109,229
DA:110,229
DA:111,229
DA:112,229
DA:113,229
DA:114,229
DA:115,229
DA:116,229
DA:117,229
DA:118,229
DA:119,229
DA:120,229
DA:121,229
DA:122,2970
DA:123,2970
DA:124,2970
DA:125,229
DA:126,229
DA:127,229
DA:128,229
DA:129,229
DA:130,229
DA:131,229
DA:132,229
DA:133,229
DA:134,229
DA:135,229
DA:136,229
DA:137,229
DA:138,229
DA:139,229
DA:140,229
DA:141,229
DA:142,229
DA:143,229
DA:144,229
DA:145,229
DA:146,229
DA:147,229
DA:148,229
DA:149,229
DA:150,229
DA:151,229
DA:152,229
DA:153,229
DA:154,229
DA:155,229
DA:156,229
DA:157,229
DA:158,229
DA:159,229
DA:160,229
DA:161,229
DA:162,229
DA:163,1506
DA:164,1506
DA:165,1506
DA:166,1506
DA:167,1506
DA:168,1506
DA:169,1506
DA:170,1506
DA:171,1506
DA:172,1506
DA:173,1506
DA:174,1506
DA:175,1506
DA:176,1506
DA:177,1506
DA:178,229
DA:179,229
DA:180,229
DA:181,229
DA:182,229
DA:183,229
DA:184,229
DA:185,229
DA:186,229
DA:187,229
DA:188,248
DA:189,248
DA:190,248
DA:191,248
DA:192,32
DA:193,32
DA:194,32
DA:195,248
DA:196,229
DA:197,229
DA:198,229
DA:199,229
DA:200,229
DA:201,229
DA:202,229
DA:203,229
DA:204,229
DA:205,229
DA:206,135
DA:207,135
DA:208,135
DA:209,135
DA:210,19
DA:211,19
DA:212,19
DA:213,135
DA:214,229
DA:215,229
DA:216,229
DA:217,229
DA:218,229
DA:219,229
DA:220,229
DA:221,229
DA:222,229
DA:223,229
DA:224,105
DA:225,105
DA:226,105
DA:227,105
DA:228,3
DA:229,3
DA:230,3
DA:231,105
DA:232,229
DA:233,229
DA:234,229
DA:235,229
DA:236,229
DA:237,229
DA:238,229
DA:239,229
DA:240,229
DA:241,229
DA:242,357
DA:243,357
DA:244,357
DA:245,357
DA:246,32
DA:247,32
DA:248,32
DA:249,357
DA:250,229
DA:251,229
DA:252,229
DA:253,229
DA:254,229
DA:255,229
DA:256,229
DA:257,229
DA:258,229
DA:259,229
DA:260,409
DA:261,409
DA:262,409
DA:263,409
DA:264,71
DA:265,71
DA:266,71
DA:267,409
DA:268,229
DA:269,229
DA:270,229
DA:271,229
DA:272,229
DA:273,229
DA:274,229
DA:275,229
DA:276,229
DA:277,229
DA:278,106
DA:279,106
DA:280,106
DA:281,106
DA:282,3
DA:283,3
DA:284,3
DA:285,106
DA:286,229
DA:287,229
DA:288,229
DA:289,229
DA:290,229
DA:291,229
DA:292,229
DA:293,229
DA:294,229
DA:295,229
DA:296,383
DA:297,383
DA:298,383
DA:299,383
DA:300,43
DA:301,43
DA:302,43
DA:303,383
DA:304,229
DA:305,229
DA:306,229
DA:307,229
DA:308,229
DA:309,229
DA:310,229
DA:311,229
DA:312,229
DA:313,229
DA:314,229
DA:315,229
DA:316,229
DA:317,229
DA:318,229
DA:319,753
DA:320,753
DA:321,753
DA:322,753
DA:323,229
DA:324,229
DA:325,229
DA:326,229
DA:327,229
DA:328,229
DA:329,229
DA:330,229
DA:331,229
DA:332,229
DA:333,229
DA:334,229
DA:335,229
DA:336,229
DA:337,229
DA:338,229
DA:339,229
DA:340,229
DA:341,229
DA:342,229
DA:343,229
DA:344,229
DA:345,229
DA:346,229
DA:347,229
DA:348,229
DA:349,229
DA:350,229
DA:351,229
DA:352,229
DA:353,229
DA:354,229
DA:355,229
DA:356,229
DA:357,229
DA:358,229
DA:359,229
DA:360,229
DA:361,229
DA:362,229
DA:363,229
DA:364,229
DA:365,229
DA:366,229
DA:367,229
DA:368,229
DA:369,229
DA:370,229
DA:371,229
DA:372,229
DA:373,229
DA:374,229
DA:375,229
DA:376,229
DA:377,229
DA:378,229
DA:379,229
DA:380,229
DA:381,229
DA:382,229
DA:383,229
DA:384,229
DA:385,229
DA:386,229
DA:387,229
DA:388,229
DA:389,229
DA:390,229
DA:391,229
DA:392,229
DA:393,229
DA:394,229
DA:395,229
DA:396,229
DA:397,229
DA:398,229
DA:399,229
DA:400,229
DA:401,229
DA:402,229
DA:403,229
DA:404,229
DA:405,229
DA:406,229
DA:407,229
DA:408,229
DA:409,229
DA:410,229
DA:411,753
DA:412,753
DA:413,753
DA:414,753
DA:415,753
DA:416,753
DA:417,753
DA:418,753
DA:419,753
DA:420,753
DA:421,753
DA:422,753
DA:423,753
DA:424,753
DA:425,753
DA:426,753
DA:427,753
DA:428,753
DA:429,753
DA:430,753
DA:431,753
DA:432,753
DA:433,753
DA:434,753
DA:435,753
DA:436,753
DA:437,753
DA:438,753
DA:439,753
DA:440,753
DA:441,753
DA:442,753
DA:443,753
DA:444,753
DA:445,753
DA:446,753
DA:447,753
DA:448,753
DA:449,753
DA:450,753
DA:451,753
DA:452,753
DA:453,753
DA:454,753
DA:455,753
DA:456,753
DA:457,753
DA:458,753
DA:459,753
DA:460,753
DA:461,753
DA:462,753
DA:463,753
DA:464,753
DA:465,753
DA:466,753
DA:467,753
DA:468,229
DA:469,229
DA:470,229
DA:471,229
DA:472,229
DA:473,229
DA:474,229
DA:475,229
DA:476,229
DA:477,229
DA:478,231
DA:479,231
DA:480,231
DA:481,231
DA:482,142
DA:483,142
DA:484,142
DA:485,231
DA:486,229
DA:487,229
DA:488,229
DA:489,229
DA:490,229
DA:491,229
DA:492,229
DA:493,229
DA:494,229
DA:495,229
DA:496,229
DA:497,229
DA:498,229
DA:499,229
DA:500,229
DA:501,229
DA:502,229
DA:503,229
DA:504,229
DA:505,229
DA:506,229
DA:507,229
DA:508,229
DA:509,229
DA:510,229
DA:511,229
DA:512,229
DA:513,229
DA:514,229
DA:515,229
DA:516,229
DA:517,229
DA:518,229
DA:519,229
DA:520,229
DA:521,229
DA:522,229
DA:523,229
DA:524,229
DA:525,229
DA:526,229
DA:527,229
DA:528,229
DA:529,229
DA:530,229
DA:531,229
DA:532,229
DA:533,229
DA:534,229
DA:535,229
DA:536,229
DA:537,229
DA:538,229
DA:539,229
DA:540,229
DA:541,229
DA:542,229
DA:543,229
DA:544,229
DA:545,229
DA:546,229
DA:547,229
DA:548,229
DA:549,229
DA:550,229
DA:551,229
DA:552,229
DA:553,229
DA:554,229
DA:555,229
DA:556,229
DA:557,229
DA:558,297
DA:559,297
DA:560,297
DA:561,297
DA:562,297
DA:563,57
DA:564,57
DA:565,57
DA:566,19
DA:567,19
DA:568,38
DA:569,38
DA:570,38
DA:571,38
DA:572,28
DA:573,28
DA:574,28
DA:575,297
DA:576,28
DA:577,28
DA:578,28
DA:579,297
DA:580,28
DA:581,28
DA:582,28
DA:583,297
DA:584,13
DA:585,13
DA:586,297
DA:587,1
DA:588,1
DA:589,1
DA:590,1
DA:591,1
DA:598,1
DA:599,12
DA:600,12
DA:601,12
DA:602,2
DA:603,2
DA:604,2
DA:605,2
DA:606,2
DA:607,2
DA:608,2
DA:609,2
DA:610,2
DA:611,2
DA:612,2
DA:613,2
DA:614,10
DA:615,10
DA:621,10
DA:622,10
DA:623,10
DA:624,10
DA:625,10
DA:626,10
DA:627,10
DA:628,10
DA:629,10
DA:630,6
DA:631,6
DA:632,6
DA:633,6
DA:634,6
DA:635,6
DA:636,6
DA:637,6
DA:638,10
DA:639,4
DA:640,4
DA:641,10
DA:642,10
DA:643,5
DA:644,5
DA:645,297
DA:646,229
DA:647,229
DA:648,229
DA:649,229
DA:650,229
DA:651,229
DA:652,229
DA:653,229
DA:654,229
DA:655,229
DA:656,229
DA:657,229
DA:658,229
DA:659,229
DA:660,229
DA:661,229
DA:662,229
DA:663,229
DA:664,229
DA:665,229
DA:666,229
DA:667,229
DA:668,476
DA:669,476
DA:670,476
DA:671,476
DA:672,476
DA:673,476
DA:674,476
DA:675,476
DA:676,3
DA:677,3
DA:678,261
DA:679,261
DA:680,261
DA:681,476
DA:682,229
DA:683,229
DA:684,229
DA:685,229
DA:686,229
DA:687,229
DA:688,229
DA:689,229
DA:690,229
DA:691,229
DA:692,229
DA:693,229
DA:694,229
DA:695,229
DA:696,229
DA:697,229
DA:698,229
DA:699,229
DA:700,229
DA:701,229
DA:702,229
DA:703,229
DA:704,229
DA:705,229
DA:706,229
DA:707,229
DA:708,456
DA:709,456
DA:710,229
DA:711,229
DA:712,39
DA:713,31
DA:714,31
DA:715,31
DA:716,31
DA:717,31
DA:718,31
DA:719,31
DA:720,31
DA:721,31
DA:722,0
DA:723,0
DA:724,0
DA:725,31
DA:726,0
DA:733,31
DA:734,31
DA:735,31
DA:736,31
DA:737,31
DA:738,31
DA:739,31
DA:740,39
DA:741,229
DA:742,229
DA:743,229
DA:744,229
DA:745,229
DA:746,229
DA:747,229
DA:748,229
DA:749,229
DA:750,229
DA:751,229
DA:752,229
DA:753,229
DA:754,229
DA:755,229
DA:756,229
DA:757,229
DA:758,229
DA:759,229
DA:760,229
DA:761,229
DA:762,229
DA:763,229
DA:764,229
DA:765,229
DA:766,229
DA:767,229
DA:768,219
DA:769,219
DA:770,219
DA:771,219
DA:778,219
DA:779,219
DA:780,219
DA:781,219
DA:782,4
DA:783,4
DA:784,4
DA:785,219
DA:786,4
DA:787,4
DA:788,4
DA:789,219
DA:790,4
DA:791,4
DA:792,4
DA:793,4
DA:794,4
DA:795,4
DA:796,219
DA:797,229
DA:798,229
DA:799,229
DA:800,229
DA:801,229
DA:802,229
DA:803,229
DA:804,229
DA:805,229
DA:806,229
DA:807,229
DA:808,229
DA:809,229
DA:810,229
DA:811,229
DA:812,229
DA:813,229
DA:814,212
DA:815,212
DA:816,212
DA:817,0
DA:818,0
DA:819,212
DA:820,212
DA:821,212
DA:822,229
DA:823,229
DA:824,229
DA:825,229
DA:826,229
DA:827,229
DA:828,229
DA:829,229
DA:830,229
DA:831,229
DA:832,229
DA:833,229
DA:834,229
DA:835,229
DA:836,229
DA:837,229
DA:838,229
DA:839,229
DA:840,229
DA:841,229
DA:842,229
DA:843,229
DA:844,229
DA:845,229
DA:846,229
DA:847,229
DA:848,3
DA:849,3
DA:850,3
DA:851,3
DA:852,3
DA:853,3
DA:854,3
DA:855,3
DA:856,3
DA:857,3
DA:858,3
DA:859,3
DA:860,229
DA:861,229
DA:862,229
DA:863,229
DA:864,229
DA:865,229
DA:866,229
DA:867,229
DA:868,229
DA:869,229
DA:870,229
DA:871,229
DA:872,229
DA:873,229
DA:874,229
DA:875,229
DA:876,229
DA:877,229
DA:878,229
DA:879,229
DA:880,229
DA:881,229
DA:882,229
DA:883,229
DA:884,1
DA:885,1
DA:886,1
DA:887,1
DA:888,1
DA:889,1
DA:890,0
DA:891,0
DA:892,0
DA:893,1
DA:894,229
DA:895,229
DA:896,229
DA:897,229
DA:898,229
DA:899,229
DA:900,229
DA:901,229
DA:902,229
DA:903,229
DA:904,229
DA:905,229
DA:906,229
DA:907,229
DA:908,229
DA:909,229
DA:910,229
DA:911,229
DA:912,229
DA:913,229
DA:914,229
DA:915,229
DA:916,229
DA:917,229
DA:918,229
DA:919,229
DA:920,229
DA:921,229
DA:922,229
DA:923,229
DA:924,229
DA:925,229
DA:926,229
DA:927,229
DA:928,229
DA:929,229
DA:930,229
DA:931,229
DA:932,229
DA:933,229
DA:934,229
DA:935,229
DA:936,229
DA:937,229
DA:938,229
DA:939,229
DA:940,229
DA:941,229
DA:942,229
DA:943,229
DA:944,229
DA:945,229
DA:946,229
DA:947,229
DA:948,229
DA:949,229
DA:950,229
DA:951,229
DA:952,229
DA:953,229
DA:954,229
DA:955,229
DA:956,229
DA:957,229
DA:958,229
DA:959,229
DA:960,229
DA:961,229
DA:962,229
DA:963,229
DA:964,229
DA:965,229
DA:966,229
DA:967,229
DA:968,229
DA:969,229
DA:970,229
DA:971,229
DA:972,229
DA:973,229
DA:974,229
DA:975,229
DA:976,229
DA:977,229
DA:978,229
DA:979,229
DA:980,229
DA:981,229
DA:982,229
DA:983,229
DA:984,229
DA:985,229
DA:986,229
DA:987,229
DA:988,229
DA:989,229
DA:990,229
DA:991,229
DA:992,229
DA:993,229
DA:994,229
DA:995,229
DA:996,229
DA:997,229
DA:998,229
DA:999,229
DA:1000,229
DA:1001,229
DA:1002,229
DA:1003,772
DA:1004,772
DA:1005,772
DA:1006,772
DA:1007,772
DA:1008,772
DA:1009,772
DA:1010,772
DA:1011,772
DA:1012,772
DA:1013,772
DA:1014,772
DA:1015,772
DA:1016,537
DA:1017,537
DA:1018,537
DA:1019,772
DA:1020,528
DA:1021,528
DA:1022,528
DA:1023,772
DA:1024,772
DA:1025,772
DA:1026,772
DA:1027,772
DA:1028,772
DA:1029,772
DA:1030,772
DA:1031,772
DA:1032,1
DA:1033,1
DA:1034,1
DA:1035,527
DA:1036,527
DA:1037,527
DA:1038,527
DA:1039,527
DA:1040,772
DA:1041,511
DA:1042,511
DA:1043,1
DA:1044,1
DA:1045,1
DA:1046,1
DA:1047,1
DA:1048,1
DA:1049,1
DA:1050,1
DA:1051,1
DA:1052,511
DA:1053,511
DA:1054,1
DA:1055,1
DA:1056,1
DA:1057,1
DA:1058,1
DA:1059,1
DA:1060,1
DA:1061,1
DA:1062,1
DA:1063,511
DA:1064,527
DA:1065,527
DA:1066,527
DA:1067,527
DA:1068,527
DA:1069,772
DA:1070,772
DA:1071,527
DA:1072,527
DA:1073,772
DA:1074,772
DA:1075,522
DA:1076,522
DA:1077,772
DA:1078,2
DA:1079,2
DA:1080,2
DA:1081,522
DA:1082,522
DA:1083,522
DA:1084,522
DA:1085,522
DA:1086,522
DA:1087,522
DA:1088,522
DA:1089,522
DA:1090,522
DA:1091,522
DA:1092,522
DA:1093,522
DA:1094,522
DA:1095,522
DA:1096,522
DA:1097,522
DA:1098,522
DA:1099,522
DA:1100,522
DA:1101,522
DA:1102,522
DA:1103,522
DA:1104,522
DA:1105,522
DA:1106,522
DA:1107,522
DA:1108,522
DA:1109,522
DA:1110,522
DA:1111,522
DA:1112,522
DA:1113,772
DA:1114,514
DA:1115,514
DA:1116,514
DA:1117,514
DA:1118,514
DA:1119,514
DA:1120,514
DA:1121,229
DA:1122,229
DA:1123,229
DA:1124,229
DA:1125,229
DA:1126,229
DA:1127,229
DA:1128,229
DA:1129,229
DA:1130,229
DA:1131,229
DA:1132,229
DA:1133,229
DA:1134,229
DA:1135,229
DA:1136,229
DA:1137,229
DA:1138,229
DA:1139,229
DA:1140,229
DA:1141,229
DA:1142,6
DA:1143,6
DA:1144,6
DA:1145,6
DA:1146,6
DA:1147,3
DA:1148,3
DA:1149,3
DA:1150,6
DA:1151,6
DA:1152,6
DA:1153,6
DA:1154,6
DA:1155,6
DA:1156,1
DA:1157,6
DA:1158,5
DA:1159,5
DA:1160,6
DA:1161,6
DA:1162,6
DA:1163,5
DA:1164,5
DA:1165,5
DA:1166,5
DA:1167,229
DA:1168,229
DA:1169,229
DA:1170,229
DA:1171,229
DA:1172,229
DA:1173,229
DA:1174,229
DA:1175,229
DA:1176,229
DA:1177,229
DA:1178,229
DA:1179,229
DA:1180,229
DA:1181,229
DA:1182,229
DA:1183,229
DA:1184,229
DA:1185,229
DA:1186,229
DA:1187,229
DA:1188,229
DA:1189,229
DA:1190,229
DA:1191,229
DA:1192,229
DA:1193,229
DA:1194,229
DA:1195,229
DA:1196,2436
DA:1197,2436
DA:1198,2436
DA:1199,2436
DA:1200,1610
DA:1201,1610
DA:1202,1610
DA:1203,1610
DA:1204,1610
DA:1205,2436
DA:1206,1605
DA:1207,1605
DA:1208,1605
DA:1209,2436
DA:1210,1604
DA:1211,1604
DA:1212,1604
DA:1213,1604
DA:1214,1604
DA:1215,1604
DA:1216,1604
DA:1217,1604
DA:1218,1604
DA:1219,2436
DA:1220,71
DA:1221,71
DA:1222,71
DA:1223,110
DA:1224,2
DA:1225,2
DA:1226,2
DA:1227,2
DA:1228,2
DA:1229,2
DA:1230,2
DA:1231,2
DA:1232,110
DA:1233,69
DA:1234,69
DA:1235,69
DA:1236,1533
DA:1237,1533
DA:1238,1533
DA:1239,1533
DA:1240,2436
DA:1241,4
DA:1242,4
DA:1243,10
DA:1244,1
DA:1245,1
DA:1246,1
DA:1247,1
DA:1248,1
DA:1249,1
DA:1250,1
DA:1251,1
DA:1252,10
DA:1253,3
DA:1254,3
DA:1255,3
DA:1256,1529
DA:1257,1529
DA:1258,2436
DA:1259,22
DA:1260,22
DA:1261,1507
DA:1262,1507
DA:1263,1507
DA:1264,1507
DA:1265,1507
DA:1266,2436
DA:1267,13
DA:1268,13
DA:1269,13
DA:1270,1494
DA:1271,1494
DA:1272,1494
DA:1273,1494
DA:1274,229
DA:1275,229
DA:1276,229
DA:1277,229
DA:1278,229
DA:1279,229
DA:1280,229
DA:1281,229
DA:1282,229
DA:1283,229
DA:1284,229
DA:1285,229
DA:1286,229
DA:1287,229
DA:1288,229
DA:1289,229
DA:1290,229
DA:1291,229
DA:1292,229
DA:1293,229
DA:1294,229
DA:1295,229
DA:1296,229
DA:1297,229
DA:1298,229
DA:1299,229
DA:1300,229
DA:1301,229
DA:1302,229
DA:1303,229
DA:1304,229
DA:1305,229
DA:1306,229
DA:1307,229
DA:1308,229
DA:1309,229
DA:1310,229
DA:1311,229
DA:1312,229
DA:1313,229
DA:1314,229
DA:1315,229
DA:1316,229
DA:1317,229
DA:1318,229
DA:1319,229
DA:1320,229
DA:1321,229
DA:1322,229
DA:1323,229
DA:1324,229
DA:1325,229
DA:1326,229
DA:1327,229
DA:1328,229
DA:1329,229
DA:1330,229
DA:1331,229
DA:1332,229
DA:1333,229
DA:1334,229
DA:1335,229
DA:1336,229
DA:1337,229
DA:1338,229
DA:1339,229
DA:1340,229
DA:1341,229
DA:1342,229
DA:1343,229
DA:1344,229
DA:1345,229
DA:1346,229
DA:1347,229
DA:1348,229
DA:1349,229
DA:1350,229
DA:1351,229
DA:1352,229
DA:1353,229
DA:1354,229
DA:1355,229
DA:1356,229
DA:1357,229
DA:1358,229
DA:1359,229
DA:1360,229
DA:1361,229
DA:1362,229
DA:1363,229
DA:1364,229
DA:1365,229
DA:1366,229
DA:1367,229
DA:1368,229
DA:1369,229
DA:1370,229
DA:1371,229
DA:1372,229
DA:1373,229
DA:1374,229
DA:1375,229
DA:1376,229
DA:1377,229
DA:1378,229
DA:1379,229
DA:1380,229
DA:1381,229
DA:1382,229
DA:1383,229
DA:1384,229
DA:1385,229
DA:1386,229
DA:1387,229
DA:1388,229
DA:1389,229
DA:1390,229
DA:1391,229
DA:1392,229
DA:1393,229
DA:1394,229
DA:1395,229
DA:1396,229
DA:1397,229
DA:1398,229
DA:1399,229
DA:1400,229
DA:1401,229
DA:1402,229
DA:1403,229
DA:1404,229
DA:1405,229
DA:1406,229
DA:1407,229
DA:1408,229
DA:1409,229
DA:1410,766
DA:1411,766
DA:1412,766
DA:1413,766
DA:1414,766
DA:1415,766
DA:1416,766
DA:1417,492
DA:1418,492
DA:1419,492
DA:1420,766
DA:1421,491
DA:1422,491
DA:1423,766
DA:1424,263
DA:1425,263
DA:1426,491
DA:1427,491
DA:1428,766
DA:1429,85
DA:1430,85
DA:1431,85
DA:1432,85
DA:1433,85
DA:1434,85
DA:1435,85
DA:1436,85
DA:1437,85
DA:1438,85
DA:1439,85
DA:1440,85
DA:1441,85
DA:1442,85
DA:1443,85
DA:1444,85
DA:1445,85
DA:1446,85
DA:1447,85
DA:1448,85
DA:1449,85
DA:1450,85
DA:1451,85
DA:1452,85
DA:1453,85
DA:1454,85
DA:1455,85
DA:1456,85
DA:1457,31
DA:1458,31
DA:1459,31
DA:1460,31
DA:1461,31
DA:1462,21
DA:1463,21
DA:1464,21
DA:1465,21
DA:1466,21
DA:1467,21
DA:1468,21
DA:1469,21
DA:1470,21
DA:1471,6
DA:1472,6
DA:1473,6
DA:1474,6
DA:1475,6
DA:1476,6
DA:1477,6
DA:1478,6
DA:1479,6
DA:1480,6
DA:1481,6
DA:1482,6
DA:1483,6
DA:1484,6
DA:1485,21
DA:1486,21
DA:1487,31
DA:1488,54
DA:1489,54
DA:1490,54
DA:1491,54
DA:1492,54
DA:1493,54
DA:1494,54
DA:1495,54
DA:1496,54
DA:1497,54
DA:1498,54
DA:1499,54
DA:1500,41
DA:1501,41
DA:1502,54
DA:1503,766
DA:1504,491
DA:1505,491
DA:1506,491
DA:1507,766
DA:1508,766
DA:1509,766
DA:1510,766
DA:1511,766
DA:1512,766
DA:1513,470
DA:1514,766
DA:1515,25
DA:1516,25
DA:1517,466
DA:1518,466
DA:1519,466
DA:1520,466
DA:1521,3
DA:1522,3
DA:1523,491
DA:1524,491
DA:1525,766
DA:1526,766
DA:1527,766
DA:1528,766
DA:1529,766
DA:1530,766
DA:1531,766
DA:1532,766
DA:1533,766
DA:1534,766
DA:1535,766
DA:1536,766
DA:1537,766
DA:1538,766
DA:1539,766
DA:1540,766
DA:1541,766
DA:1542,766
DA:1543,2292
DA:1544,1324
DA:1545,1324
DA:1546,2292
DA:1547,491
DA:1548,491
DA:1549,491
DA:1550,491
DA:1551,491
DA:1552,491
DA:1553,491
DA:1554,491
DA:1555,491
DA:1556,491
DA:1557,491
DA:1558,491
DA:1559,491
DA:1560,491
DA:1561,491
DA:1562,491
DA:1563,491
DA:1564,491
DA:1565,491
DA:1566,491
DA:1567,491
DA:1568,491
DA:1569,491
DA:1570,491
DA:1571,491
DA:1572,491
DA:1573,491
DA:1574,491
DA:1575,491
DA:1576,491
DA:1577,491
DA:1578,766
DA:1579,491
DA:1580,491
DA:1581,491
DA:1582,3
DA:1583,3
DA:1584,3
DA:1585,3
DA:1586,3
DA:1587,491
DA:1588,491
DA:1589,491
DA:1590,491
DA:1591,491
DA:1592,491
DA:1593,491
DA:1594,491
DA:1595,491
DA:1596,766
DA:1597,491
DA:1598,491
DA:1599,491
DA:1600,491
DA:1601,491
DA:1602,766
DA:1603,263
DA:1604,263
DA:1605,263
DA:1606,263
DA:1607,263
DA:1608,263
DA:1609,263
DA:1610,263
DA:1611,263
DA:1612,263
DA:1613,263
DA:1614,263
DA:1615,263
DA:1616,263
DA:1617,263
DA:1618,263
DA:1619,263
DA:1620,263
DA:1621,263
DA:1622,263
DA:1623,263
DA:1624,263
DA:1625,260
DA:1626,260
DA:1627,260
DA:1628,260
DA:1629,84
DA:1630,84
DA:1631,84
DA:1632,84
DA:1633,84
DA:1634,84
DA:1635,84
DA:1636,84
DA:1637,84
DA:1638,84
DA:1639,84
DA:1640,19
DA:1641,19
DA:1642,84
DA:1643,260
DA:1644,260
DA:1645,260
DA:1646,79
DA:1647,79
DA:1648,79
DA:1649,79
DA:1650,79
DA:1651,79
DA:1652,15
DA:1653,15
DA:1654,15
DA:1655,15
DA:1656,15
DA:1657,15
DA:1658,15
DA:1659,15
DA:1660,15
DA:1661,79
DA:1662,260
DA:1663,260
DA:1664,260
DA:1665,505
DA:1666,505
DA:1667,505
DA:1668,505
DA:1669,505
DA:1670,505
DA:1671,505
DA:1672,505
DA:1673,505
DA:1674,1
DA:1675,1
DA:1676,1
DA:1677,243
DA:1678,243
DA:1679,67
DA:1680,67
DA:1681,67
DA:1682,67
DA:1683,67
DA:1684,9
DA:1685,67
DA:1686,243
DA:1687,59
DA:1688,4
DA:1689,4
DA:1690,4
DA:1691,4
DA:1692,4
DA:1693,4
DA:1694,97
DA:1695,97
DA:1696,97
DA:1697,97
DA:1698,97
DA:1699,97
DA:1700,97
DA:1701,97
DA:1702,59
DA:1703,59
DA:1704,59
DA:1705,59
DA:1706,97
DA:1707,97
DA:1708,97
DA:1709,97
DA:1710,97
DA:1711,97
DA:1712,97
DA:1713,97
DA:1714,97
DA:1715,59
DA:1716,59
DA:1717,4
DA:1718,59
DA:1719,4
DA:1720,4
DA:1721,4
DA:1722,4
DA:1723,4
DA:1724,15
DA:1725,15
DA:1726,15
DA:1727,15
DA:1728,12
DA:1729,15
DA:1730,3
DA:1731,3
DA:1732,3
DA:1733,3
DA:1734,3
DA:1735,4
DA:1736,97
DA:1737,97
DA:1738,97
DA:1739,97
DA:1740,97
DA:1741,97
DA:1742,97
DA:1743,97
DA:1744,97
DA:1745,97
DA:1746,97
DA:1747,97
DA:1748,97
DA:1749,97
DA:1750,97
DA:1751,184
DA:1752,184
DA:1753,184
DA:1754,184
DA:1755,184
DA:1756,184
DA:1757,184
DA:1758,184
DA:1759,184
DA:1760,184
DA:1761,184
DA:1762,505
DA:1763,184
DA:1764,184
DA:1765,184
DA:1766,184
DA:1767,184
DA:1768,184
DA:1769,184
DA:1770,184
DA:1771,505
DA:1772,505
DA:1773,184
DA:1774,184
DA:1775,184
DA:1776,318
DA:1777,318
DA:1778,318
DA:1779,318
DA:1780,318
DA:1781,318
DA:1782,318
DA:1783,318
DA:1784,318
DA:1785,318
DA:1786,318
DA:1787,318
DA:1788,318
DA:1789,318
DA:1790,318
DA:1791,318
DA:1792,184
DA:1793,184
DA:1794,184
DA:1795,184
DA:1796,394
DA:1797,394
DA:1798,394
DA:1799,394
DA:1800,394
DA:1801,394
DA:1802,394
DA:1803,394
DA:1804,394
DA:1805,394
DA:1806,394
DA:1807,394
DA:1808,394
DA:1809,394
DA:1810,394
DA:1811,394
DA:1812,394
DA:1813,394
DA:1814,394
DA:1815,394
DA:1816,394
DA:1817,394
DA:1818,394
DA:1819,394
DA:1820,394
DA:1821,394
DA:1822,394
DA:1823,394
DA:1824,394
DA:1825,394
DA:1826,394
DA:1827,394
DA:1828,394
DA:1829,394
DA:1830,394
DA:1831,394
DA:1832,184
DA:1833,184
DA:1834,184
DA:1835,184
DA:1836,3
DA:1837,3
DA:1838,3
DA:1839,3
DA:1840,3
DA:1841,3
DA:1842,184
DA:1843,260
DA:1844,260
DA:1845,260
DA:1846,260
DA:1847,260
DA:1848,260
DA:1849,260
DA:1850,263
DA:1851,3
DA:1852,3
DA:1853,3
DA:1854,3
DA:1855,3
DA:1856,3
DA:1857,3
DA:1858,3
DA:1859,3
DA:1860,3
DA:1861,3
DA:1862,3
DA:1863,3
DA:1864,3
DA:1865,27
DA:1866,27
DA:1867,3
DA:1868,3
DA:1869,3
DA:1870,263
DA:1871,35
DA:1872,35
DA:1873,35
DA:1874,84
DA:1875,84
DA:1876,84
DA:1877,7
DA:1878,7
DA:1879,28
DA:1880,28
DA:1881,5
DA:1882,5
DA:1883,15
DA:1884,5
DA:1885,5
DA:1886,5
DA:1887,5
DA:1888,5
DA:1889,5
DA:1890,5
DA:1891,23
DA:1892,23
DA:1893,23
DA:1894,84
DA:1895,84
DA:1896,84
DA:1897,84
DA:1898,84
DA:1899,35
DA:1900,35
DA:1901,3
DA:1902,3
DA:1903,3
DA:1904,3
DA:1905,3
DA:1906,3
DA:1907,3
DA:1908,3
DA:1909,3
DA:1910,3
DA:1911,3
DA:1912,3
DA:1913,3
DA:1914,3
DA:1915,263
DA:1916,3
DA:1917,3
DA:1918,3
DA:1919,3
DA:1920,3
DA:1921,3
DA:1922,3
DA:1923,263
DA:1924,228
DA:1925,228
DA:1926,228
DA:1927,228
DA:1928,228
DA:1929,228
DA:1930,228
DA:1931,228
DA:1932,228
DA:1933,228
DA:1934,228
DA:1935,228
DA:1936,228
DA:1937,228
DA:1938,228
DA:1939,228
DA:1940,228
DA:1941,228
DA:1942,228
DA:1943,228
DA:1944,228
DA:1945,228
DA:1946,228
DA:1947,228
DA:1948,228
DA:1949,228
DA:1950,684
DA:1951,681
DA:1952,681
DA:1953,681
DA:1954,684
DA:1955,228
DA:1956,228
DA:1957,228
DA:1958,228
DA:1959,228
DA:1960,228
DA:1961,228
DA:1962,228
DA:1963,228
DA:1964,228
DA:1965,228
DA:1966,228
DA:1967,228
DA:1968,228
DA:1969,228
DA:1970,228
DA:1971,228
DA:1972,228
DA:1973,228
DA:1974,228
DA:1975,228
DA:1976,228
DA:1977,228
DA:1978,228
DA:1979,228
DA:1980,228
DA:1981,228
DA:1982,228
DA:1983,228
DA:1984,228
DA:1985,228
DA:1986,228
DA:1987,228
DA:1988,228
DA:1989,228
DA:1990,228
DA:1991,228
DA:1992,228
DA:1993,228
DA:1994,228
DA:1995,228
DA:1996,228
DA:1997,228
DA:1998,228
DA:1999,228
DA:2000,228
DA:2001,228
DA:2002,228
DA:2003,228
DA:2004,228
DA:2005,228
DA:2006,228
DA:2007,228
DA:2008,228
DA:2009,228
DA:2010,228
DA:2011,228
DA:2012,228
DA:2013,228
DA:2014,10
DA:2015,10
DA:2016,10
DA:2017,10
DA:2018,218
DA:2019,218
DA:2020,3
DA:2021,3
DA:2022,3
DA:2023,3
DA:2024,3
DA:2025,3
DA:2026,3
DA:2027,3
DA:2028,3
DA:2029,3
DA:2030,3
DA:2031,3
DA:2032,3
DA:2033,3
DA:2034,3
DA:2035,3
DA:2036,3
DA:2037,215
DA:2038,215
DA:2039,36
DA:2040,36
DA:2041,228
DA:2042,228
DA:2052,228
DA:2053,228
DA:2054,228
DA:2055,228
DA:2056,228
DA:2057,228
DA:2058,228
DA:2059,228
DA:2060,228
DA:2061,228
DA:2062,228
DA:2063,212
DA:2064,212
DA:2065,212
DA:2066,212
DA:2067,212
DA:2068,212
DA:2069,212
DA:2070,212
DA:2071,212
DA:2072,212
DA:2073,212
DA:2074,212
DA:2075,212
DA:2076,212
DA:2077,212
DA:2078,212
DA:2079,212
DA:2080,1062
DA:2081,1062
DA:2082,1062
DA:2083,212
DA:2084,212
DA:2085,212
DA:2086,1062
DA:2087,1062
DA:2088,1062
DA:2089,212
DA:2090,212
DA:2091,109
DA:2092,109
DA:2093,109
DA:2094,212
DA:2095,212
DA:2096,212
DA:2097,212
DA:2098,212
DA:2099,212
DA:2100,212
DA:2101,212
DA:2102,212
DA:2103,212
DA:2104,212
DA:2105,212
DA:2106,212
DA:2107,212
DA:2108,212
DA:2109,212
DA:2110,212
DA:2111,212
DA:2112,16
DA:2113,16
DA:2114,16
DA:2115,16
DA:2116,16
DA:2117,16
DA:2118,16
DA:2119,228
DA:2120,228
DA:2121,229
DA:2122,229
DA:2123,229
DA:2124,229
DA:2125,229
DA:2126,229
DA:2127,229
DA:2128,229
DA:2129,229
DA:2130,229
DA:2131,229
DA:2132,229
DA:2133,229
DA:2134,229
DA:2135,229
DA:2136,229
DA:2137,229
DA:2138,263
DA:2139,263
DA:2140,263
DA:2141,263
DA:2142,263
DA:2143,263
DA:2144,263
DA:2145,263
DA:2146,248
DA:2147,248
DA:2148,263
DA:2149,248
DA:2150,248
DA:2151,248
DA:2152,248
DA:2153,248
DA:2154,263
DA:2155,248
DA:2156,263
DA:2157,263
DA:2158,31
DA:2159,31
DA:2160,31
DA:2161,229
DA:2162,229
DA:2163,229
DA:2164,229
DA:2165,229
DA:2166,229
DA:2167,229
DA:2168,229
DA:2169,229
DA:2170,229
DA:2171,229
DA:2172,229
DA:2173,229
DA:2174,229
DA:2175,229
DA:2176,229
DA:2177,229
DA:2178,229
DA:2179,229
DA:2180,229
DA:2181,229
DA:2182,229
DA:2183,229
DA:2184,239
DA:2185,239
DA:2186,239
DA:2187,239
DA:2188,18
DA:2189,18
DA:2190,18
DA:2191,18
DA:2192,18
DA:2193,18
DA:2194,18
DA:2195,18
DA:2196,18
DA:2197,18
DA:2198,18
DA:2199,1979
DA:2200,1979
DA:2201,8
DA:2202,8
DA:2203,18
DA:2204,18
DA:2205,18
DA:2206,18
DA:2207,18
DA:2208,239
DA:2209,1142
DA:2210,1142
DA:2211,1142
DA:2212,18
DA:2213,18
DA:2214,229
DA:2215,229
DA:2216,229
DA:2217,229
DA:2218,229
DA:2219,229
DA:2220,229
DA:2221,229
DA:2222,229
DA:2223,229
DA:2224,229
DA:2225,229
DA:2226,229
DA:2227,229
DA:2228,229
DA:2229,229
DA:2230,229
DA:2231,229
DA:2232,229
DA:2233,229
DA:2234,229
DA:2235,229
DA:2236,229
DA:2237,229
DA:2238,6
DA:2239,6
DA:2240,6
DA:2241,6
DA:2242,6
DA:2243,6
DA:2244,6
DA:2245,6
DA:2246,6
DA:2247,6
DA:2248,5
DA:2249,5
DA:2250,5
DA:2251,6
DA:2252,2
DA:2253,2
DA:2254,2
DA:2255,3
DA:2256,3
DA:2257,3
DA:2258,3
DA:2259,229
DA:2260,229
DA:2261,229
DA:2262,229
DA:2263,229
DA:2264,229
DA:2265,229
DA:2266,229
DA:2267,229
DA:2268,229
DA:2269,229
DA:2270,229
DA:2271,229
DA:2272,229
DA:2273,229
DA:2274,229
DA:2275,229
DA:2276,229
DA:2277,229
DA:2278,229
DA:2279,229
DA:2280,229
DA:2281,229
DA:2282,229
DA:2283,229
DA:2284,229
DA:2285,229
DA:2286,229
DA:2287,229
DA:2288,229
DA:2289,229
DA:2290,229
DA:2291,229
DA:2292,229
DA:2293,229
DA:2294,229
DA:2295,2380
DA:2296,2380
DA:2297,2380
DA:2298,2380
DA:2299,2380
DA:2300,2380
DA:2301,2380
DA:2302,2380
DA:2303,2380
DA:2304,2380
DA:2305,2380
DA:2306,2380
DA:2307,2380
DA:2308,2380
DA:2309,2380
DA:2310,2380
DA:2311,2380
DA:2312,2380
DA:2313,2380
DA:2314,2380
DA:2315,2380
DA:2316,2380
DA:2317,1437
DA:2318,1437
DA:2319,2380
DA:2320,2380
DA:2321,2380
DA:2322,2380
DA:2323,2380
DA:2324,2380
DA:2325,2380
DA:2326,2380
DA:2327,2380
DA:2328,0
DA:2329,0
DA:2330,2380
DA:2331,2380
DA:2332,2380
DA:2333,2380
DA:2334,229
DA:2335,229
DA:2336,229
DA:2337,229
DA:2338,229
DA:2339,229
DA:2340,229
DA:2341,229
DA:2342,229
DA:2343,229
DA:2344,229
DA:2345,229
DA:2346,229
DA:2347,229
DA:2348,229
DA:2349,229
DA:2350,229
DA:2351,229
DA:2352,229
DA:2353,229
DA:2354,229
DA:2355,229
DA:2356,229
DA:2357,229
DA:2358,229
DA:2359,229
DA:2360,229
DA:2361,229
DA:2362,229
DA:2363,229
DA:2364,229
DA:2365,229
DA:2366,229
DA:2367,229
DA:2368,229
DA:2369,229
DA:2370,229
DA:2371,229
DA:2372,229
DA:2373,229
DA:2374,229
DA:2375,229
DA:2376,229
DA:2377,229
DA:2378,229
DA:2379,229
DA:2380,229
DA:2381,229
DA:2382,229
DA:2383,229
DA:2384,229
DA:2385,229
DA:2386,229
DA:2387,229
DA:2388,229
DA:2389,229
DA:2390,229
DA:2391,229
DA:2392,229
DA:2393,229
DA:2394,229
DA:2395,229
DA:2396,229
DA:2397,229
DA:2398,229
DA:2399,229
DA:2400,229
DA:2401,229
DA:2402,229
DA:2403,229
DA:2404,229
DA:2405,229
DA:2406,229
DA:2407,229
DA:2408,41
DA:2409,41
DA:2410,0
DA:2411,0
DA:2412,0
DA:2413,0
DA:2414,0
DA:2415,0
DA:2416,0
DA:2417,0
DA:2418,0
DA:2419,0
DA:2420,0
DA:2421,0
DA:2422,0
DA:2423,41
DA:2424,41
DA:2425,39
DA:2426,39
DA:2427,39
DA:2428,39
DA:2429,39
DA:2430,2
DA:2431,2
DA:2432,2
DA:2433,2
DA:2434,41
DA:2435,229
DA:2436,229
DA:2437,229
DA:2438,229
DA:2439,229
DA:2440,229
DA:2441,229
DA:2442,229
DA:2443,229
DA:2444,229
DA:2445,229
DA:2446,51
DA:2447,51
DA:2448,0
DA:2449,0
DA:2450,0
DA:2451,0
DA:2452,0
DA:2453,0
DA:2454,0
DA:2455,0
DA:2456,0
DA:2457,0
DA:2458,0
DA:2459,0
DA:2460,0
DA:2461,0
DA:2462,0
DA:2463,51
DA:2464,51
DA:2465,51
DA:2466,51
DA:2467,51
DA:2468,51
DA:2469,51
DA:2470,51
DA:2471,51
DA:2472,51
DA:2473,51
DA:2474,51
DA:2475,51
DA:2476,51
DA:2477,51
DA:2478,51
DA:2479,51
DA:2480,51
DA:2481,51
DA:2482,51
DA:2483,229
DA:2484,229
DA:2485,229
DA:2486,229
DA:2487,229
DA:2488,229
DA:2489,229
DA:2490,229
DA:2491,229
DA:2492,7
DA:2493,7
DA:2494,7
DA:2495,7
DA:2496,7
DA:2497,7
DA:2498,7
DA:2499,21
DA:2500,7
DA:2501,229
DA:2502,229
DA:2503,229
DA:2504,229
DA:2505,229
DA:2506,229
DA:2507,229
DA:2508,229
DA:2509,229
DA:2510,229
DA:2511,28
DA:2512,28
DA:2513,28
DA:2514,28
DA:2515,28
DA:2516,28
DA:2517,28
DA:2518,37
DA:2519,4
DA:2520,4
DA:2521,28
DA:2522,229
DA:2523,229
DA:2524,229
DA:2525,229
DA:2526,229
DA:2527,229
DA:2528,229
DA:2529,229
DA:2530,229
DA:2531,229
DA:2532,3
DA:2533,3
DA:2534,3
DA:2535,3
DA:2536,3
DA:2537,3
DA:2538,3
DA:2539,3
DA:2540,4
DA:2541,3
DA:2542,3
DA:2543,3
DA:2544,229
DA:2545,229
DA:2546,229
DA:2547,229
DA:2548,229
DA:2549,229
DA:2550,229
DA:2551,229
DA:2552,229
DA:2553,229
DA:2554,3
DA:2555,3
DA:2556,3
DA:2557,3
DA:2558,3
DA:2559,3
DA:2560,3
DA:2561,3
DA:2562,2
DA:2563,2
DA:2564,3
DA:2565,229
DA:2566,229
DA:2567,229
DA:2568,229
DA:2569,229
DA:2570,229
DA:2571,229
DA:2572,229
DA:2573,229
DA:2574,229
DA:2575,229
DA:2576,15
DA:2577,15
DA:2578,15
DA:2579,15
DA:2580,15
DA:2581,15
DA:2582,15
DA:2583,15
DA:2584,15
DA:2585,15
DA:2586,15
DA:2587,15
DA:2588,15
DA:2589,15
DA:2590,15
DA:2591,15
DA:2592,15
DA:2593,15
DA:2594,13
DA:2595,15
DA:2596,15
DA:2597,15
DA:2598,15
DA:2599,229
DA:2600,229
DA:2601,1
DA:2602,1
DA:2603,1
DA:2604,1
DA:2605,1
DA:2606,6
DA:2607,6
DA:2608,6
DA:2609,1
DA:2610,1
DA:2611,1
DA:2612,1
DA:2613,1
DA:2614,1
DA:2615,1
DA:2616,1
DA:2617,1
DA:2618,229
DA:2619,229
DA:2620,1
DA:2621,1
DA:2622,1
DA:2623,1
DA:2624,1
DA:2625,6
DA:2626,6
DA:2627,6
DA:2628,1
DA:2629,1
DA:2630,1
DA:2631,1
DA:2632,1
DA:2633,1
DA:2634,1
DA:2635,1
DA:2636,1
DA:2637,229
DA:2638,229
DA:2639,1
DA:2640,1
DA:2641,1
DA:2642,1
DA:2643,1
DA:2644,6
DA:2645,6
DA:2646,6
DA:2647,1
DA:2648,1
DA:2649,1
DA:2650,1
DA:2651,1
DA:2652,1
DA:2653,1
DA:2654,1
DA:2655,1
DA:2656,229
DA:2657,229
DA:2658,229
DA:2659,229
DA:2660,229
DA:2661,229
DA:2662,12
DA:2663,12
DA:2664,12
DA:2665,12
DA:2666,12
DA:2667,12
DA:2668,31
DA:2669,31
DA:2670,31
DA:2671,12
DA:2672,12
DA:2673,12
DA:2674,12
DA:2675,12
DA:2676,229
DA:2677,229
DA:2678,229
DA:2679,229
DA:2680,229
DA:2681,229
DA:2682,229
DA:2683,229
DA:2684,229
DA:2685,229
DA:2686,229
DA:2687,229
DA:2688,229
DA:2689,229
DA:2690,229
DA:2691,229
DA:2692,229
DA:2693,229
DA:2694,229
DA:2695,229
DA:2696,229
DA:2697,229
DA:2698,229
DA:2699,229
DA:2700,229
DA:2701,229
DA:2702,66
DA:2703,66
DA:2704,66
DA:2705,66
DA:2706,66
DA:2707,66
DA:2708,66
DA:2709,55
DA:2710,55
DA:2711,11
DA:2712,11
DA:2713,11
DA:2714,11
DA:2715,11
DA:2716,8
DA:2717,8
DA:2718,11
DA:2719,11
DA:2720,11
DA:2721,11
DA:2722,6
DA:2723,6
DA:2724,6
DA:2725,6
DA:2726,6
DA:2727,6
DA:2728,6
DA:2729,11
DA:2730,66
DA:2731,66
DA:2732,66
DA:2733,66
DA:2734,229
DA:2735,229
DA:2736,229
DA:2737,229
DA:2738,229
DA:2739,229
DA:2740,229
DA:2741,10
DA:2742,10
DA:2743,10
DA:2744,10
DA:2745,10
DA:2746,10
DA:2747,10
DA:2748,10
DA:2749,10
DA:2750,10
DA:2751,10
DA:2752,10
DA:2753,10
DA:2754,10
DA:2755,10
DA:2756,10
DA:2757,10
DA:2758,10
DA:2759,10
DA:2760,10
DA:2761,10
DA:2762,10
DA:2763,10
DA:2764,10
DA:2765,10
DA:2766,10
DA:2767,10
DA:2768,10
DA:2769,10
DA:2770,10
DA:2771,229
DA:2772,229
DA:2773,229
DA:2774,229
DA:2775,229
DA:2776,229
DA:2777,229
DA:2778,229
DA:2779,229
DA:2780,229
DA:2781,229
DA:2782,229
DA:2783,229
DA:2784,229
DA:2785,229
DA:2786,229
DA:2787,959
DA:2788,959
DA:2789,959
DA:2790,959
DA:2791,959
DA:2792,959
DA:2793,1
DA:2794,1
DA:2795,1
DA:2796,1
DA:2797,959
DA:2798,3
DA:2799,3
DA:2800,457
DA:2801,457
DA:2802,457
DA:2803,0
DA:2804,0
DA:2805,457
DA:2806,457
DA:2807,457
DA:2808,38
DA:2809,38
DA:2810,959
DA:2811,229
DA:2812,229
DA:2813,229
DA:2814,229
DA:2815,229
DA:2816,229
DA:2817,229
DA:2818,229
DA:2819,229
DA:2820,229
DA:2821,229
DA:2822,229
DA:2823,229
DA:2824,229
DA:2825,229
DA:2826,229
DA:2827,229
DA:2828,229
DA:2829,229
DA:2830,229
DA:2831,229
DA:2832,229
DA:2833,229
DA:2834,229
DA:2835,229
DA:2836,229
DA:2837,229
DA:2838,54
DA:2839,54
DA:2840,54
DA:2841,54
DA:2842,54
DA:2843,54
DA:2844,54
DA:2845,54
DA:2846,54
DA:2847,54
DA:2848,54
DA:2849,54
DA:2850,54
DA:2851,54
DA:2852,54
DA:2853,54
DA:2854,16
DA:2855,16
DA:2856,22
DA:2857,22
DA:2858,22
DA:2859,22
DA:2860,22
DA:2861,54
DA:2862,5
DA:2863,5
DA:2864,5
DA:2865,5
DA:2866,5
DA:2867,5
DA:2868,5
DA:2869,5
DA:2870,5
DA:2871,5
DA:2872,5
DA:2873,5
DA:2874,5
DA:2875,5
DA:2876,5
DA:2877,22
DA:2878,22
DA:2879,22
DA:2880,22
DA:2881,22
DA:2882,22
DA:2883,22
DA:2884,229
DA:2885,229
DA:2886,229
DA:2887,229
DA:2888,229
DA:2889,229
DA:2890,229
DA:2891,229
DA:2892,229
DA:2893,229
DA:2894,229
DA:2895,229
DA:2896,229
DA:2897,868
DA:2898,868
DA:2899,868
DA:2900,868
DA:2901,868
DA:2902,31
DA:2903,31
DA:2904,31
DA:2905,868
DA:2906,868
DA:2907,868
DA:2908,868
DA:2909,868
DA:2910,868
DA:2911,868
DA:2912,868
DA:2913,868
DA:2914,868
DA:2915,868
DA:2916,868
DA:2917,229
DA:2918,229
DA:2919,229
DA:2920,229
DA:2921,229
DA:2922,229
DA:2923,229
DA:2924,229
DA:2925,229
DA:2926,229
DA:2927,229
DA:2928,229
DA:2929,229
DA:2930,229
DA:2931,229
DA:2932,229
DA:2933,229
DA:2934,229
DA:2935,229
DA:2936,229
DA:2937,229
DA:2938,229
DA:2939,229
DA:2940,229
DA:2941,229
DA:2942,229
DA:2943,229
DA:2944,229
DA:2945,229
DA:2946,229
DA:2947,229
DA:2948,229
DA:2949,229
DA:2950,229
DA:2951,229
DA:2952,229
DA:2953,229
DA:2954,229
DA:2955,229
DA:2956,229
DA:2957,229
DA:2958,229
DA:2959,229
DA:2960,229
DA:2961,229
DA:2962,229
DA:2963,229
DA:2964,229
DA:2965,229
DA:2966,229
DA:2967,229
DA:2968,229
DA:2969,229
DA:2970,229
DA:2971,229
DA:2972,229
DA:2973,229
DA:2974,229
DA:2975,229
DA:2976,229
DA:2977,229
DA:2978,229
DA:2979,229
DA:2980,229
DA:2981,229
DA:2982,229
DA:2983,229
DA:2984,229
DA:2985,229
DA:2986,229
DA:2987,229
DA:2988,229
DA:2989,229
DA:2990,908
DA:2991,908
DA:2992,908
DA:2993,908
DA:2994,908
DA:2995,908
DA:2996,908
DA:2997,908
DA:2998,908
DA:2999,908
DA:3000,908
DA:3001,908
DA:3002,908
DA:3003,908
DA:3004,48
DA:3005,48
DA:3006,908
DA:3007,908
DA:3008,908
DA:3009,908
DA:3010,229
DA:3011,229
DA:3012,229
DA:3013,229
DA:3014,229
DA:3015,229
DA:3016,229
DA:3017,229
DA:3018,496
DA:3019,496
DA:3020,496
DA:3021,496
DA:3022,496
DA:3023,496
DA:3024,496
DA:3025,1
DA:3026,1
DA:3027,1
DA:3028,1
DA:3029,229
DA:3030,229
DA:3031,229
DA:3032,229
DA:3033,229
DA:3034,229
DA:3035,229
DA:3036,229
DA:3037,229
DA:3038,413
DA:3039,413
DA:3040,413
DA:3041,413
DA:3042,413
DA:3043,413
DA:3044,413
DA:3045,413
DA:3046,413
DA:3047,413
DA:3048,413
DA:3049,413
DA:3050,413
DA:3051,413
DA:3052,413
DA:3053,413
DA:3054,413
DA:3055,413
DA:3056,413
DA:3057,413
DA:3058,4
DA:3059,4
DA:3060,4
DA:3061,4
DA:3062,4
DA:3063,4
DA:3064,413
DA:3065,413
DA:3066,413
DA:3067,17
DA:3068,17
DA:3069,17
DA:3070,17
DA:3071,17
DA:3072,17
DA:3073,17
DA:3074,17
DA:3075,229
DA:3076,229
DA:3077,229
DA:3078,229
DA:3079,229
DA:3080,229
DA:3081,229
DA:3082,229
DA:3083,216
DA:3084,216
DA:3085,216
DA:3086,216
DA:3087,216
DA:3088,216
DA:3089,2
DA:3090,2
DA:3091,2
DA:3092,2
DA:3093,2
DA:3094,2
DA:3095,2
DA:3096,2
DA:3097,2
DA:3098,2
DA:3099,2
DA:3100,216
DA:3101,216
DA:3102,2
DA:3103,216
DA:3104,216
DA:3105,1
DA:3106,1
DA:3107,216
DA:3108,216
DA:3109,216
DA:3110,216
DA:3111,216
DA:3112,0
DA:3134,0
DA:3135,216
DA:3136,216
DA:3137,216
DA:3138,216
DA:3139,216
DA:3140,216
DA:3141,216
DA:3142,216
DA:3143,216
DA:3144,216
DA:3145,0
DA:3146,0
DA:3147,216
DA:3148,216
DA:3149,216
DA:3150,216
DA:3151,216
DA:3152,216
DA:3153,216
DA:3154,216
DA:3155,216
DA:3156,216
DA:3157,216
DA:3158,216
DA:3159,229
DA:3160,229
DA:3161,229
DA:3162,229
DA:3163,229
DA:3164,229
DA:3165,229
DA:3166,229
DA:3167,229
DA:3168,229
DA:3169,723
DA:3170,723
DA:3171,723
DA:3172,723
DA:3173,723
DA:3174,723
DA:3175,723
DA:3176,104
DA:3177,104
DA:3178,195
DA:3179,195
DA:3180,195
DA:3181,195
DA:3182,195
DA:3183,195
DA:3184,195
DA:3185,723
DA:3186,165
DA:3187,165
DA:3188,165
DA:3189,165
DA:3190,29
DA:3191,29
DA:3192,29
DA:3193,165
DA:3194,165
DA:3195,195
DA:3196,195
DA:3197,723
DA:3198,195
DA:3199,195
DA:3200,195
DA:3201,195
DA:3202,229
DA:3203,229
DA:3204,229
DA:3205,229
DA:3206,229
DA:3207,229
DA:3208,229
DA:3209,229
DA:3210,229
DA:3211,229
DA:3212,229
DA:3213,229
DA:3214,229
DA:3215,229
DA:3216,229
DA:3217,229
DA:3218,229
DA:3219,13
DA:3220,13
DA:3221,229
DA:3222,229
DA:3223,229
DA:3224,229
DA:3225,229
DA:3226,229
DA:3227,229
DA:3228,229
DA:3229,229
DA:3230,2
DA:3231,2
DA:3232,229
DA:3233,229
DA:3234,229
DA:3235,229
DA:3236,229
DA:3237,229
DA:3238,229
DA:3239,229
DA:3240,229
DA:3241,229
DA:3242,13
DA:3243,13
DA:3244,13
DA:3245,13
DA:3246,13
DA:3247,229
DA:3248,229
DA:3249,229
DA:3250,229
DA:3251,229
DA:3252,229
DA:3253,229
DA:3254,229
DA:3255,229
DA:3256,229
DA:3257,229
DA:3258,39
DA:3259,39
DA:3260,26
DA:3261,26
DA:3262,26
DA:3263,39
DA:3264,39
DA:3265,39
DA:3266,229
DA:3267,229
DA:3268,229
DA:3269,229
DA:3270,229
DA:3271,229
DA:3272,229
DA:3273,229
DA:3274,229
DA:3275,229
DA:3276,13
DA:3277,13
DA:3278,13
DA:3279,13
DA:3280,13
DA:3281,13
DA:3282,13
DA:3283,13
DA:3284,0
DA:3285,0
DA:3286,13
DA:3287,13
DA:3288,11
DA:3289,11
DA:3290,11
DA:3291,10
DA:3292,10
DA:3293,11
DA:3294,11
DA:3295,11
DA:3296,11
DA:3297,11
DA:3298,11
DA:3299,11
DA:3300,11
DA:3301,11
DA:3302,1
DA:3303,1
DA:3304,1
DA:3305,1
DA:3306,1
DA:3307,1
DA:3308,1
DA:3309,1
DA:3310,13
DA:3311,13
DA:3312,13
DA:3313,229
LH:3266
LF:3313
end_of_record
SF:test/wpt-xhr.cmd.js
FN:36,anonymous_0
FN:58,parseCmdLine
FN:234,getHelp
FN:274,getError
FNDA:27,anonymous_0
FNDA:27,parseCmdLine
FNDA:1,getHelp
FNDA:14,getError
FNF:4
FNH:4
BRDA:1,0,0,27
BRDA:36,1,0,27
BRDA:41,2,0,0
BRDA:58,3,0,27
BRDA:62,4,0,20
BRDA:191,5,0,2
BRDA:191,6,0,1
BRDA:187,7,0,1
BRDA:187,8,0,2
BRDA:133,9,0,4
BRDA:149,10,0,6
BRDA:151,11,0,2
BRDA:167,12,0,2
BRDA:73,13,0,1
BRDA:91,14,0,1
BRDA:133,15,0,1
BRDA:234,16,0,1
BRDA:274,17,0,14
BRF:18
BRH:17
DA:1,27
DA:2,27
DA:3,27
DA:4,27
DA:5,27
DA:6,27
DA:7,27
DA:8,27
DA:9,27
DA:10,27
DA:11,27
DA:12,27
DA:13,27
DA:14,27
DA:15,27
DA:16,27
DA:17,27
DA:18,27
DA:19,27
DA:20,27
DA:21,27
DA:22,27
DA:23,27
DA:24,27
DA:25,27
DA:26,27
DA:27,27
DA:28,27
DA:29,27
DA:30,27
DA:31,27
DA:32,27
DA:33,27
DA:34,27
DA:35,27
DA:36,27
DA:37,27
DA:38,27
DA:39,27
DA:40,27
DA:41,27
DA:42,0
DA:43,27
DA:44,27
DA:45,27
DA:46,27
DA:47,27
DA:48,27
DA:49,27
DA:50,27
DA:51,27
DA:52,27
DA:53,27
DA:54,27
DA:55,27
DA:56,27
DA:57,27
DA:58,27
DA:59,27
DA:60,27
DA:61,27
DA:62,27
DA:63,20
DA:64,20
DA:65,20
DA:66,20
DA:67,20
DA:68,20
DA:69,20
DA:70,20
DA:71,20
DA:72,20
DA:73,20
DA:74,1
DA:75,1
DA:76,1
DA:77,1
DA:78,1
DA:79,1
DA:80,1
DA:81,1
DA:82,1
DA:83,1
DA:84,1
DA:85,1
DA:86,1
DA:87,1
DA:88,1
DA:89,1
DA:90,1
DA:91,1
DA:92,1
DA:93,1
DA:94,1
DA:95,1
DA:96,1
DA:97,1
DA:98,1
DA:99,1
DA:100,1
DA:101,1
DA:102,1
DA:103,1
DA:104,1
DA:105,1
DA:106,1
DA:107,1
DA:108,1
DA:109,1
DA:110,1
DA:111,1
DA:112,1
DA:113,1
DA:114,1
DA:115,1
DA:116,1
DA:117,1
DA:118,1
DA:119,1
DA:120,1
DA:121,1
DA:122,1
DA:123,1
DA:124,1
DA:125,1
DA:126,1
DA:127,1
DA:128,1
DA:129,1
DA:130,1
DA:131,1
DA:132,1
DA:133,1
DA:134,1
DA:135,1
DA:136,1
DA:137,1
DA:138,1
DA:139,1
DA:140,1
DA:141,1
DA:142,1
DA:143,1
DA:144,1
DA:145,1
DA:146,1
DA:147,1
DA:148,1
DA:149,1
DA:150,1
DA:151,1
DA:152,1
DA:153,1
DA:154,1
DA:155,1
DA:156,1
DA:157,1
DA:158,1
DA:159,1
DA:160,1
DA:161,1
DA:162,1
DA:163,1
DA:164,1
DA:165,1
DA:166,1
DA:167,1
DA:168,1
DA:169,1
DA:170,1
DA:171,1
DA:172,1
DA:173,1
DA:174,1
DA:175,1
DA:176,1
DA:177,1
DA:178,1
DA:179,1
DA:180,1
DA:181,1
DA:182,1
DA:183,1
DA:184,1
DA:185,1
DA:186,1
DA:187,1
DA:188,1
DA:189,1
DA:190,1
DA:191,1
DA:192,1
DA:193,1
DA:194,1
DA:195,1
DA:196,1
DA:197,1
DA:198,1
DA:199,1
DA:200,1
DA:201,1
DA:202,1
DA:203,1
DA:204,1
DA:205,1
DA:206,1
DA:207,1
DA:208,1
DA:209,1
DA:210,1
DA:211,1
DA:212,1
DA:213,1
DA:214,1
DA:215,1
DA:216,1
DA:217,1
DA:218,1
DA:219,1
DA:220,1
DA:221,20
DA:222,27
DA:223,27
DA:224,27
DA:225,27
DA:226,27
DA:227,27
DA:228,27
DA:229,27
DA:230,27
DA:231,27
DA:232,27
DA:233,27
DA:234,1
DA:235,1
DA:236,1
DA:237,1
DA:238,1
DA:239,1
DA:240,1
DA:241,1
DA:242,1
DA:243,1
DA:244,1
DA:245,1
DA:246,1
DA:247,1
DA:248,1
DA:249,1
DA:250,1
DA:251,1
DA:252,1
DA:253,1
DA:254,1
DA:255,1
DA:256,1
DA:257,1
DA:258,1
DA:259,1
DA:260,1
DA:261,1
DA:262,27
DA:263,27
DA:264,27
DA:265,27
DA:266,27
DA:267,27
DA:268,27
DA:269,27
DA:270,27
DA:271,27
DA:272,27
DA:273,27
DA:274,14
DA:275,14
DA:276,14
DA:277,14
DA:278,14
DA:279,14
DA:280,14
DA:281,14
DA:282,14
DA:283,14
DA:284,14
DA:285,14
DA:286,14
DA:287,14
DA:288,14
DA:289,14
DA:290,14
DA:291,14
DA:292,14
DA:293,14
DA:294,14
DA:295,14
DA:296,14
DA:297,14
DA:298,14
DA:299,14
DA:300,14
DA:301,14
DA:302,14
DA:303,14
DA:304,14
LH:303
LF:304
end_of_record
SF:test/wpt-xhr.cmd.test.js
FN:49,anonymous_0
FN:54,anonymous_1
FN:59,anonymous_2
FN:75,loadTestData
FN:546,nodeRunner
FN:549,anonymous_5
FN:551,anonymous_6
FN:565,defRunner
FN:597,makeTest
FN:649,getCmdOutput
FN:653,anonymous_10
FN:654,anonymous_11
FNDA:1,anonymous_0
FNDA:1,anonymous_1
FNDA:0,anonymous_2
FNDA:1,loadTestData
FNDA:4,nodeRunner
FNDA:26,anonymous_5
FNDA:26,anonymous_6
[...]
DA:188,1
DA:189,1
DA:190,1
DA:191,1
DA:192,1
DA:193,1
DA:194,1
DA:195,1
DA:196,1
DA:197,1
DA:198,1
DA:199,1
DA:200,1
LH:185
LF:200
end_of_record
SF:test/wpt/xhr/xmlhttprequest-event-order.js
FN:6,record_xhr_event
FN:14,getNextEvent
FN:48,prepare_xhr_for_event_order_test
FN:50,anonymous_3
FN:68,assert_xhr_event_order_matches
FNDA:7,record_xhr_event
FNDA:16,getNextEvent
FNDA:7,prepare_xhr_for_event_order_test
FNDA:2,anonymous_3
FNDA:8,assert_xhr_event_order_matches
FNF:5
FNH:5
BRDA:1,0,0,1
BRDA:6,1,0,7
BRDA:7,2,0,4
BRDA:7,3,0,3
BRDA:8,4,0,3
BRDA:14,5,0,16
BRDA:20,6,0,0
BRDA:24,7,0,4
BRDA:29,8,0,0
BRDA:39,9,0,12
BRDA:48,10,0,1
BRDA:57,11,0,7
BRDA:62,12,0,7
BRDA:50,13,0,2
BRDA:68,14,0,1
BRDA:72,15,0,8
BRDA:72,16,0,8
BRDA:80,17,0,7
BRDA:80,18,0,0
BRDA:80,19,0,0
BRDA:88,20,0,2
BRDA:96,21,0,0
BRDA:100,22,0,0
BRF:23
BRH:17
DA:1,1
DA:2,1
DA:3,1
DA:4,1
DA:5,1
DA:6,1
DA:7,7
DA:8,7
DA:9,7
DA:10,7
DA:11,7
DA:12,7
DA:13,1
DA:14,1
DA:15,16
DA:16,16
DA:17,16
DA:18,16
DA:19,16
DA:20,16
DA:21,0
DA:22,0
DA:23,16
DA:24,16
DA:25,4
DA:26,4
DA:27,4
DA:28,4
DA:29,4
DA:30,0
DA:31,0
DA:32,0
DA:33,4
DA:34,16
DA:35,16
DA:36,16
DA:37,16
DA:38,16
DA:39,16
DA:40,12
DA:41,12
DA:42,12
DA:43,12
DA:44,16
DA:45,16
DA:46,16
DA:47,1
DA:48,1
DA:49,1
DA:50,1
DA:51,2
DA:52,2
DA:53,1
DA:54,1
DA:55,1
DA:56,1
DA:57,1
DA:58,7
DA:59,7
DA:60,1
DA:61,1
DA:62,1
DA:63,7
DA:64,7
DA:65,1
DA:66,1
DA:67,1
DA:68,1
DA:69,1
DA:70,1
DA:71,1
DA:72,1
DA:73,8
DA:74,8
DA:75,8
DA:76,8
DA:77,8
DA:78,8
DA:79,8
DA:80,8
DA:81,0
DA:82,0
DA:83,0
DA:84,0
DA:85,0
DA:86,0
DA:87,8
DA:88,8
DA:89,2
DA:90,2
DA:91,2
DA:92,8
DA:93,8
DA:94,8
DA:95,1
DA:96,1
DA:97,0
DA:98,0
DA:99,1
DA:100,1
DA:101,0
DA:102,0
DA:103,1
DA:104,1
DA:105,1
DA:106,1
DA:107,1
DA:108,1
DA:109,1
DA:110,1
DA:111,1
DA:112,1
DA:113,1
DA:114,1
DA:115,1
DA:116,1
DA:117,1
DA:118,1
DA:119,1
DA:120,1
DA:121,1
DA:122,1
DA:123,1
DA:124,1
DA:125,1
DA:126,1
DA:127,1
DA:128,1
DA:129,1
DA:130,1
DA:131,1
DA:132,1
DA:133,1
DA:134,1
DA:135,1
DA:136,1
DA:137,1
DA:138,1
DA:139,1
DA:140,1
DA:141,1
DA:142,1
DA:143,1
DA:144,1
DA:145,1
DA:146,1
DA:147,1
DA:148,1
DA:149,1
DA:150,1
DA:151,1
DA:152,1
DA:153,1
DA:154,1
DA:155,1
DA:156,1
DA:157,1
DA:158,1
DA:159,1
DA:160,1
DA:161,1
DA:162,1
DA:163,1
DA:164,1
DA:165,1
DA:166,1
DA:167,1
DA:168,1
DA:169,1
DA:170,1
DA:171,1
DA:172,1
DA:173,1
DA:174,1
DA:175,1
DA:176,1
DA:177,1
DA:178,1
DA:179,1
DA:180,1
DA:181,1
DA:182,1
DA:183,1
DA:184,1
DA:185,1
DA:186,1
DA:187,1
DA:188,1
DA:189,1
DA:190,1
DA:191,1
DA:192,1
DA:193,1
DA:194,1
DA:195,1
DA:196,1
DA:197,1
DA:198,1
DA:199,1
DA:200,1
LH:185
LF:200
end_of_record
SF:test/wpt/xhr/xmlhttprequest-event-order.js
FN:6,record_xhr_event
FN:14,getNextEvent
FN:48,prepare_xhr_for_event_order_test
FN:50,anonymous_3
FN:68,assert_xhr_event_order_matches
FNDA:7,record_xhr_event
FNDA:16,getNextEvent
FNDA:7,prepare_xhr_for_event_order_test
FNDA:2,anonymous_3
FNDA:8,assert_xhr_event_order_matches
FNF:5
FNH:5
BRDA:1,0,0,1
BRDA:6,1,0,7
BRDA:7,2,0,4
BRDA:7,3,0,3
BRDA:8,4,0,3
BRDA:14,5,0,16
BRDA:20,6,0,0
BRDA:24,7,0,4
BRDA:29,8,0,0
BRDA:39,9,0,12
BRDA:48,10,0,1
BRDA:57,11,0,7
BRDA:62,12,0,7
BRDA:50,13,0,2
BRDA:68,14,0,1
BRDA:72,15,0,8
BRDA:72,16,0,8
BRDA:80,17,0,7
BRDA:80,18,0,0
BRDA:80,19,0,0
BRDA:88,20,0,2
BRDA:96,21,0,0
BRDA:100,22,0,0
BRF:23
BRH:17
DA:1,1
DA:2,1
DA:3,1
DA:4,1
DA:5,1
DA:6,1
DA:7,7
DA:8,7
DA:9,7
DA:10,7
DA:11,7
DA:12,7
DA:13,1
DA:14,1
DA:15,16
DA:16,16
DA:17,16
DA:18,16
DA:19,16
DA:20,16
DA:21,0
DA:22,0
DA:23,16
DA:24,16
DA:25,4
DA:26,4
DA:27,4
DA:28,4
DA:29,4
DA:30,0
DA:31,0
DA:32,0
DA:33,4
DA:34,16
DA:35,16
DA:36,16
DA:37,16
DA:38,16
DA:39,16
DA:40,12
DA:41,12
DA:42,12
DA:43,12
DA:44,16
DA:45,16
DA:46,16
DA:47,1
DA:48,1
DA:49,1
DA:50,1
DA:51,2
DA:52,2
DA:53,1
DA:54,1
DA:55,1
DA:56,1
DA:57,1
DA:58,7
DA:59,7
DA:60,1
DA:61,1
DA:62,1
DA:63,7
DA:64,7
DA:65,1
DA:66,1
DA:67,1
DA:68,1
DA:69,1
DA:70,1
DA:71,1
DA:72,1
DA:73,8
DA:74,8
DA:75,8
DA:76,8
DA:77,8
DA:78,8
DA:79,8
DA:80,8
DA:81,0
DA:82,0
DA:83,0
DA:84,0
DA:85,0
DA:86,0
DA:87,8
DA:88,8
DA:89,2
DA:90,2
DA:91,2
DA:92,8
DA:93,8
DA:94,8
DA:95,1
DA:96,1
DA:97,0
DA:98,0
DA:99,1
DA:100,1
DA:101,0
DA:102,0
DA:103,1
DA:104,1
DA:105,1
DA:106,1
DA:107,1
DA:108,1
DA:109,1
DA:110,1
DA:111,1
DA:112,1
DA:113,1
DA:114,1
DA:115,1
DA:116,1
DA:117,1
DA:118,1
DA:119,1
DA:120,1
DA:121,1
DA:122,1
DA:123,1
DA:124,1
DA:125,1
DA:126,1
DA:127,1
DA:128,1
DA:129,1
DA:130,1
DA:131,1
DA:132,1
DA:133,1
DA:134,1
DA:135,1
DA:136,1
DA:137,1
DA:138,1
DA:139,1
DA:140,1
DA:141,1
DA:142,1
DA:143,1
DA:144,1
DA:145,1
DA:146,1
DA:147,1
DA:148,1
DA:149,1
DA:150,1
DA:151,1
DA:152,1
DA:153,1
DA:154,1
DA:155,1
DA:156,1
DA:157,1
DA:158,1
DA:159,1
DA:160,1
DA:161,1
DA:162,1
DA:163,1
DA:164,1
DA:165,1
DA:166,1
DA:167,1
DA:168,1
DA:169,1
DA:170,1
DA:171,1
DA:172,1
DA:173,1
DA:174,1
DA:175,1
DA:176,1
DA:177,1
DA:178,1
DA:179,1
DA:180,1
DA:181,1
DA:182,1
DA:183,1
DA:184,1
DA:185,1
DA:186,1
DA:187,1
DA:188,1
DA:189,1
DA:190,1
DA:191,1
DA:192,1
DA:193,1
DA:194,1
DA:195,1
DA:196,1
DA:197,1
DA:198,1
DA:199,1
DA:200,1
LH:185
LF:200
end_of_record
SF:test/wpt/xhr/xmlhttprequest-event-order.js
FN:6,record_xhr_event
FN:14,getNextEvent
FN:48,prepare_xhr_for_event_order_test
FN:50,anonymous_3
FN:68,assert_xhr_event_order_matches
FNDA:4,record_xhr_event
FNDA:14,getNextEvent
FNDA:7,prepare_xhr_for_event_order_test
FNDA:3,anonymous_3
FNDA:7,assert_xhr_event_order_matches
FNF:5
FNH:5
BRDA:1,0,0,1
BRDA:6,1,0,4
BRDA:7,2,0,0
BRDA:14,3,0,14
BRDA:20,4,0,0
BRDA:24,5,0,6
BRDA:29,6,0,0
BRDA:39,7,0,8
BRDA:48,8,0,1
BRDA:57,9,0,7
BRDA:62,10,0,7
BRDA:50,11,0,3
BRDA:68,12,0,1
BRDA:72,13,0,7
BRDA:72,14,0,7
BRDA:80,15,0,6
BRDA:80,16,0,1
BRDA:80,17,0,0
BRDA:88,18,0,1
BRDA:96,19,0,0
BRDA:100,20,0,0
BRF:21
BRH:15
DA:1,1
DA:2,1
DA:3,1
DA:4,1
DA:5,1
DA:6,1
DA:7,4
DA:8,4
DA:9,4
DA:10,4
DA:11,4
DA:12,4
DA:13,1
DA:14,1
DA:15,14
DA:16,14
DA:17,14
DA:18,14
DA:19,14
DA:20,14
DA:21,0
DA:22,0
DA:23,14
DA:24,14
DA:25,6
DA:26,6
DA:27,6
DA:28,6
DA:29,6
DA:30,0
DA:31,0
DA:32,0
DA:33,6
DA:34,14
DA:35,14
DA:36,14
DA:37,14
DA:38,14
DA:39,14
DA:40,8
DA:41,8
DA:42,8
DA:43,8
DA:44,14
DA:45,14
DA:46,14
DA:47,1
DA:48,1
DA:49,1
DA:50,1
DA:51,3
DA:52,3
DA:53,1
DA:54,1
DA:55,1
DA:56,1
DA:57,1
DA:58,7
DA:59,7
DA:60,1
DA:61,1
DA:62,1
DA:63,7
DA:64,7
DA:65,1
DA:66,1
DA:67,1
DA:68,1
DA:69,1
DA:70,1
DA:71,1
DA:72,1
DA:73,7
DA:74,7
DA:75,7
DA:76,7
DA:77,7
DA:78,7
DA:79,7
DA:80,7
DA:81,0
DA:82,0
DA:83,0
DA:84,0
DA:85,0
DA:86,0
DA:87,7
DA:88,7
DA:89,1
DA:90,1
DA:91,1
DA:92,7
DA:93,7
DA:94,7
DA:95,1
DA:96,1
DA:97,0
DA:98,0
DA:99,1
DA:100,1
DA:101,0
DA:102,0
DA:103,1
DA:104,1
DA:105,1
DA:106,1
DA:107,1
DA:108,1
DA:109,1
DA:110,1
DA:111,1
DA:112,1
DA:113,1
DA:114,1
DA:115,1
DA:116,1
DA:117,1
DA:118,1
DA:119,1
DA:120,1
DA:121,1
DA:122,1
DA:123,1
DA:124,1
DA:125,1
DA:126,1
DA:127,1
DA:128,1
DA:129,1
DA:130,1
DA:131,1
DA:132,1
DA:133,1
DA:134,1
DA:135,1
DA:136,1
DA:137,1
DA:138,1
DA:139,1
DA:140,1
DA:141,1
DA:142,1
DA:143,1
DA:144,1
DA:145,1
DA:146,1
DA:147,1
DA:148,1
DA:149,1
DA:150,1
DA:151,1
DA:152,1
DA:153,1
DA:154,1
DA:155,1
DA:156,1
DA:157,1
DA:158,1
DA:159,1
DA:160,1
DA:161,1
DA:162,1
DA:163,1
DA:164,1
DA:165,1
DA:166,1
DA:167,1
DA:168,1
DA:169,1
DA:170,1
DA:171,1
DA:172,1
DA:173,1
DA:174,1
DA:175,1
DA:176,1
DA:177,1
DA:178,1
DA:179,1
DA:180,1
DA:181,1
DA:182,1
DA:183,1
DA:184,1
DA:185,1
DA:186,1
DA:187,1
DA:188,1
DA:189,1
DA:190,1
DA:191,1
DA:192,1
DA:193,1
DA:194,1
DA:195,1
DA:196,1
DA:197,1
DA:198,1
DA:199,1
DA:200,1
LH:185
LF:200
end_of_record
SF:test/wpt/xhr/xmlhttprequest-event-order.js
FN:6,record_xhr_event
FN:14,getNextEvent
FN:48,prepare_xhr_for_event_order_test
FN:50,anonymous_3
FN:68,assert_xhr_event_order_matches
FNDA:8,record_xhr_event
FNDA:24,getNextEvent
FNDA:7,prepare_xhr_for_event_order_test
FNDA:4,anonymous_3
FNDA:12,assert_xhr_event_order_matches
FNF:5
FNH:5
BRDA:1,0,0,1
BRDA:6,1,0,8
BRDA:7,2,0,4
BRDA:7,3,0,4
BRDA:8,4,0,4
BRDA:14,5,0,24
BRDA:20,6,0,0
BRDA:24,7,0,8
BRDA:29,8,0,0
BRDA:39,9,0,16
BRDA:48,10,0,1
BRDA:57,11,0,7
BRDA:62,12,0,7
BRDA:50,13,0,4
BRDA:68,14,0,1
BRDA:72,15,0,12
BRDA:72,16,0,12
BRDA:80,17,0,11
BRDA:80,18,0,2
BRDA:80,19,0,0
BRDA:88,20,0,2
BRDA:96,21,0,0
BRDA:100,22,0,0
BRF:23
BRH:18
DA:1,1
DA:2,1
DA:3,1
DA:4,1
DA:5,1
DA:6,1
DA:7,8
DA:8,8
DA:9,8
DA:10,8
DA:11,8
DA:12,8
DA:13,1
DA:14,1
DA:15,24
DA:16,24
DA:17,24
DA:18,24
DA:19,24
DA:20,24
DA:21,0
DA:22,0
DA:23,24
DA:24,24
DA:25,8
DA:26,8
DA:27,8
DA:28,8
DA:29,8
DA:30,0
DA:31,0
DA:32,0
DA:33,8
DA:34,24
DA:35,24
DA:36,24
DA:37,24
DA:38,24
DA:39,24
DA:40,16
DA:41,16
DA:42,16
DA:43,16
DA:44,24
DA:45,24
DA:46,24
DA:47,1
DA:48,1
DA:49,1
DA:50,1
DA:51,4
DA:52,4
DA:53,1
DA:54,1
DA:55,1
DA:56,1
DA:57,1
DA:58,7
DA:59,7
DA:60,1
DA:61,1
DA:62,1
DA:63,7
DA:64,7
DA:65,1
DA:66,1
DA:67,1
DA:68,1
DA:69,1
DA:70,1
DA:71,1
DA:72,1
DA:73,12
DA:74,12
DA:75,12
DA:76,12
DA:77,12
DA:78,12
DA:79,12
DA:80,12
DA:81,0
DA:82,0
DA:83,0
DA:84,0
DA:85,0
DA:86,0
DA:87,12
DA:88,12
DA:89,2
DA:90,2
DA:91,2
DA:92,12
DA:93,12
DA:94,12
DA:95,1
DA:96,1
DA:97,0
DA:98,0
DA:99,1
DA:100,1
DA:101,0
DA:102,0
DA:103,1
DA:104,1
DA:105,1
DA:106,1
DA:107,1
DA:108,1
DA:109,1
DA:110,1
DA:111,1
DA:112,1
DA:113,1
DA:114,1
DA:115,1
DA:116,1
DA:117,1
DA:118,1
DA:119,1
DA:120,1
DA:121,1
DA:122,1
DA:123,1
DA:124,1
DA:125,1
DA:126,1
DA:127,1
DA:128,1
DA:129,1
DA:130,1
DA:131,1
DA:132,1
DA:133,1
DA:134,1
DA:135,1
DA:136,1
DA:137,1
DA:138,1
DA:139,1
DA:140,1
DA:141,1
DA:142,1
DA:143,1
DA:144,1
DA:145,1
DA:146,1
DA:147,1
DA:148,1
DA:149,1
DA:150,1
DA:151,1
DA:152,1
DA:153,1
DA:154,1
DA:155,1
DA:156,1
DA:157,1
DA:158,1
DA:159,1
DA:160,1
DA:161,1
DA:162,1
DA:163,1
DA:164,1
DA:165,1
DA:166,1
DA:167,1
DA:168,1
DA:169,1
DA:170,1
DA:171,1
DA:172,1
DA:173,1
DA:174,1
DA:175,1
DA:176,1
DA:177,1
DA:178,1
DA:179,1
DA:180,1
DA:181,1
DA:182,1
DA:183,1
DA:184,1
DA:185,1
DA:186,1
DA:187,1
DA:188,1
DA:189,1
DA:190,1
DA:191,1
DA:192,1
DA:193,1
DA:194,1
DA:195,1
DA:196,1
DA:197,1
DA:198,1
DA:199,1
DA:200,1
LH:185
LF:200
end_of_record
SF:test/wpt/xhr/xmlhttprequest-event-order.js
FN:6,record_xhr_event
FN:14,getNextEvent
FN:48,prepare_xhr_for_event_order_test
FN:68,assert_xhr_event_order_matches
FNDA:0,record_xhr_event
FNDA:0,getNextEvent
FNDA:0,prepare_xhr_for_event_order_test
FNDA:0,assert_xhr_event_order_matches
FNF:4
FNH:0
BRDA:1,0,0,1
BRF:1
BRH:1
DA:1,1
DA:2,1
DA:3,1
DA:4,1
DA:5,1
DA:6,1
DA:7,0
DA:8,0
DA:9,0
DA:10,0
DA:11,0
DA:12,0
DA:13,1
DA:14,1
DA:15,0
DA:16,0
DA:17,0
DA:18,0
DA:19,0
DA:20,0
DA:21,0
DA:22,0
DA:23,0
DA:24,0
DA:25,0
DA:26,0
DA:27,0
DA:28,0
DA:29,0
DA:30,0
DA:31,0
DA:32,0
DA:33,0
DA:34,0
DA:35,0
DA:36,0
DA:37,0
DA:38,0
DA:39,0
DA:40,0
DA:41,0
DA:42,0
DA:43,0
DA:44,0
DA:45,0
DA:46,0
DA:47,1
DA:48,1
DA:49,0
DA:50,0
DA:51,0
DA:52,0
DA:53,0
DA:54,0
DA:55,0
DA:56,0
DA:57,0
DA:58,0
DA:59,0
DA:60,0
DA:61,0
DA:62,0
DA:63,0
DA:64,0
DA:65,0
DA:66,0
DA:67,1
DA:68,1
DA:69,0
DA:70,0
DA:71,0
DA:72,0
DA:73,0
DA:74,0
DA:75,0
DA:76,0
DA:77,0
DA:78,0
DA:79,0
DA:80,0
DA:81,0
DA:82,0
DA:83,0
DA:84,0
DA:85,0
DA:86,0
DA:87,0
DA:88,0
DA:89,0
DA:90,0
DA:91,0
DA:92,0
DA:93,0
DA:94,0
DA:95,0
DA:96,0
DA:97,0
DA:98,0
DA:99,0
DA:100,0
DA:101,0
DA:102,0
DA:103,0
DA:104,1
DA:105,1
DA:106,1
DA:107,1
DA:108,1
DA:109,1
DA:110,1
DA:111,1
DA:112,1
DA:113,1
DA:114,1
DA:115,1
DA:116,1
DA:117,1
DA:118,1
DA:119,1
DA:120,1
DA:121,1
DA:122,1
DA:123,1
DA:124,1
DA:125,1
DA:126,1
DA:127,1
DA:128,1
DA:129,1
DA:130,1
DA:131,1
DA:132,1
DA:133,1
DA:134,1
DA:135,1
DA:136,1
DA:137,1
DA:138,1
DA:139,1
DA:140,1
DA:141,1
DA:142,1
DA:143,1
DA:144,1
DA:145,1
DA:146,1
DA:147,1
DA:148,1
DA:149,1
DA:150,1
DA:151,1
DA:152,1
DA:153,1
DA:154,1
DA:155,1
DA:156,1
DA:157,1
DA:158,1
DA:159,1
DA:160,1
DA:161,1
DA:162,1
DA:163,1
DA:164,1
DA:165,1
DA:166,1
DA:167,1
DA:168,1
DA:169,1
DA:170,1
DA:171,1
DA:172,1
DA:173,1
DA:174,1
DA:175,1
DA:176,1
DA:177,1
DA:178,1
DA:179,1
DA:180,1
DA:181,1
DA:182,1
DA:183,1
DA:184,1
DA:185,1
DA:186,1
DA:187,1
DA:188,1
DA:189,1
DA:190,1
DA:191,1
DA:192,1
DA:193,1
DA:194,1
DA:195,1
DA:196,1
DA:197,1
DA:198,1
DA:199,1
DA:200,1
LH:109
LF:200
end_of_record
SF:test/wpt/xhr/xmlhttprequest-event-order.js
FN:6,record_xhr_event
FN:14,getNextEvent
FN:48,prepare_xhr_for_event_order_test
FN:50,anonymous_3
FN:68,assert_xhr_event_order_matches
FNDA:2,record_xhr_event
FNDA:8,getNextEvent
FNDA:7,prepare_xhr_for_event_order_test
FNDA:2,anonymous_3
FNDA:4,assert_xhr_event_order_matches
FNF:5
FNH:5
BRDA:1,0,0,1
BRDA:6,1,0,2
BRDA:7,2,0,0
BRDA:14,3,0,8
BRDA:20,4,0,0
BRDA:24,5,0,4
BRDA:29,6,0,0
BRDA:39,7,0,4
BRDA:48,8,0,1
BRDA:57,9,0,7
BRDA:62,10,0,7
BRDA:50,11,0,2
BRDA:68,12,0,1
BRDA:72,13,0,4
BRDA:72,14,0,4
BRDA:80,15,0,3
BRDA:80,16,0,0
BRDA:80,17,0,0
BRDA:88,18,0,1
BRDA:96,19,0,0
BRDA:100,20,0,0
BRF:21
BRH:14
DA:1,1
DA:2,1
DA:3,1
DA:4,1
DA:5,1
DA:6,1
DA:7,2
DA:8,2
DA:9,2
DA:10,2
DA:11,2
DA:12,2
DA:13,1
DA:14,1
DA:15,8
DA:16,8
DA:17,8
DA:18,8
DA:19,8
DA:20,8
DA:21,0
DA:22,0
DA:23,8
DA:24,8
DA:25,4
DA:26,4
DA:27,4
DA:28,4
DA:29,4
DA:30,0
DA:31,0
DA:32,0
DA:33,4
DA:34,8
DA:35,8
DA:36,8
DA:37,8
DA:38,8
DA:39,8
DA:40,4
DA:41,4
DA:42,4
DA:43,4
DA:44,8
DA:45,8
DA:46,8
DA:47,1
DA:48,1
DA:49,1
DA:50,1
DA:51,2
DA:52,2
DA:53,1
DA:54,1
DA:55,1
DA:56,1
DA:57,1
DA:58,7
DA:59,7
DA:60,1
DA:61,1
DA:62,1
DA:63,7
DA:64,7
DA:65,1
DA:66,1
DA:67,1
DA:68,1
DA:69,1
DA:70,1
DA:71,1
DA:72,1
DA:73,4
DA:74,4
DA:75,4
DA:76,4
DA:77,4
DA:78,4
DA:79,4
DA:80,4
DA:81,0
DA:82,0
DA:83,0
DA:84,0
DA:85,0
DA:86,0
DA:87,4
DA:88,4
DA:89,1
DA:90,1
DA:91,1
DA:92,4
DA:93,4
DA:94,4
DA:95,1
DA:96,1
DA:97,0
DA:98,0
DA:99,1
DA:100,1
DA:101,0
DA:102,0
DA:103,1
DA:104,1
DA:105,1
DA:106,1
DA:107,1
DA:108,1
DA:109,1
DA:110,1
DA:111,1
DA:112,1
DA:113,1
DA:114,1
DA:115,1
DA:116,1
DA:117,1
DA:118,1
DA:119,1
DA:120,1
DA:121,1
DA:122,1
DA:123,1
DA:124,1
DA:125,1
DA:126,1
DA:127,1
DA:128,1
DA:129,1
DA:130,1
DA:131,1
DA:132,1
DA:133,1
DA:134,1
DA:135,1
DA:136,1
DA:137,1
DA:138,1
DA:139,1
DA:140,1
DA:141,1
DA:142,1
DA:143,1
DA:144,1
DA:145,1
DA:146,1
DA:147,1
DA:148,1
DA:149,1
DA:150,1
DA:151,1
DA:152,1
DA:153,1
DA:154,1
DA:155,1
DA:156,1
DA:157,1
DA:158,1
DA:159,1
DA:160,1
DA:161,1
DA:162,1
DA:163,1
DA:164,1
DA:165,1
DA:166,1
DA:167,1
DA:168,1
DA:169,1
DA:170,1
DA:171,1
DA:172,1
DA:173,1
DA:174,1
DA:175,1
DA:176,1
DA:177,1
DA:178,1
DA:179,1
DA:180,1
DA:181,1
DA:182,1
DA:183,1
DA:184,1
DA:185,1
DA:186,1
DA:187,1
DA:188,1
DA:189,1
DA:190,1
DA:191,1
DA:192,1
DA:193,1
DA:194,1
DA:195,1
DA:196,1
DA:197,1
DA:198,1
DA:199,1
DA:200,1
LH:185
LF:200
end_of_record
SF:test/wpt/xhr/xmlhttprequest-event-order.js
FN:6,record_xhr_event
FN:14,getNextEvent
FN:48,prepare_xhr_for_event_order_test
FN:68,assert_xhr_event_order_matches
FNDA:0,record_xhr_event
FNDA:0,getNextEvent
FNDA:0,prepare_xhr_for_event_order_test
FNDA:0,assert_xhr_event_order_matches
FNF:4
FNH:0
BRDA:1,0,0,1
BRF:1
BRH:1
DA:1,1
DA:2,1
DA:3,1
DA:4,1
DA:5,1
DA:6,1
DA:7,0
DA:8,0
DA:9,0
DA:10,0
DA:11,0
DA:12,0
DA:13,1
DA:14,1
DA:15,0
DA:16,0
DA:17,0
DA:18,0
DA:19,0
DA:20,0
DA:21,0
DA:22,0
DA:23,0
DA:24,0
DA:25,0
DA:26,0
DA:27,0
DA:28,0
DA:29,0
DA:30,0
DA:31,0
DA:32,0
DA:33,0
DA:34,0
DA:35,0
DA:36,0
DA:37,0
DA:38,0
DA:39,0
DA:40,0
DA:41,0
DA:42,0
DA:43,0
DA:44,0
DA:45,0
DA:46,0
DA:47,1
DA:48,1
DA:49,0
DA:50,0
DA:51,0
DA:52,0
DA:53,0
DA:54,0
DA:55,0
DA:56,0
DA:57,0
DA:58,0
DA:59,0
DA:60,0
DA:61,0
DA:62,0
DA:63,0
DA:64,0
DA:65,0
DA:66,0
DA:67,1
DA:68,1
DA:69,0
DA:70,0
DA:71,0
DA:72,0
DA:73,0
DA:74,0
DA:75,0
DA:76,0
DA:77,0
DA:78,0
DA:79,0
DA:80,0
DA:81,0
DA:82,0
DA:83,0
DA:84,0
DA:85,0
DA:86,0
DA:87,0
DA:88,0
DA:89,0
DA:90,0
DA:91,0
DA:92,0
DA:93,0
DA:94,0
DA:95,0
DA:96,0
DA:97,0
DA:98,0
DA:99,0
DA:100,0
DA:101,0
DA:102,0
DA:103,0
DA:104,1
DA:105,1
DA:106,1
DA:107,1
DA:108,1
DA:109,1
DA:110,1
DA:111,1
DA:112,1
DA:113,1
DA:114,1
DA:115,1
DA:116,1
DA:117,1
DA:118,1
DA:119,1
DA:120,1
DA:121,1
DA:122,1
DA:123,1
DA:124,1
DA:125,1
DA:126,1
DA:127,1
DA:128,1
DA:129,1
DA:130,1
DA:131,1
DA:132,1
DA:133,1
DA:134,1
DA:135,1
DA:136,1
DA:137,1
DA:138,1
DA:139,1
DA:140,1
DA:141,1
DA:142,1
DA:143,1
DA:144,1
DA:145,1
DA:146,1
DA:147,1
DA:148,1
DA:149,1
DA:150,1
DA:151,1
DA:152,1
DA:153,1
DA:154,1
DA:155,1
DA:156,1
DA:157,1
DA:158,1
DA:159,1
DA:160,1
DA:161,1
DA:162,1
DA:163,1
DA:164,1
DA:165,1
DA:166,1
DA:167,1
DA:168,1
DA:169,1
DA:170,1
DA:171,1
DA:172,1
DA:173,1
DA:174,1
DA:175,1
DA:176,1
DA:177,1
DA:178,1
DA:179,1
DA:180,1
DA:181,1
DA:182,1
DA:183,1
DA:184,1
DA:185,1
DA:186,1
DA:187,1
DA:188,1
DA:189,1
DA:190,1
DA:191,1
DA:192,1
DA:193,1
DA:194,1
DA:195,1
DA:196,1
DA:197,1
DA:198,1
DA:199,1
DA:200,1
LH:109
LF:200
end_of_record
SF:test/wpt/xhr/xmlhttprequest-eventtarget.js
FN:4,default
FN:11,xhr.onreadystatechange
FN:17,callback
FN:24,anonymous_3
FNDA:1,default
FNDA:4,xhr.onreadystatechange
FNDA:2,callback
FNDA:4,anonymous_3
FNF:4
FNH:4
BRDA:1,0,0,1
BRDA:4,1,0,1
BRDA:11,2,0,4
BRDA:17,3,0,2
BRDA:21,4,0,0
BRDA:24,5,0,4
BRDA:28,6,0,1
BRDA:31,7,0,1
BRF:8
BRH:7
DA:1,1
DA:2,1
DA:3,1
DA:4,1
DA:5,1
DA:6,1
DA:7,1
DA:8,1
DA:9,1
DA:10,1
DA:11,1
DA:12,4
DA:13,1
DA:14,1
DA:15,1
DA:16,1
DA:17,1
DA:18,2
DA:19,2
DA:20,2
DA:21,2
DA:22,1
DA:23,1
DA:24,1
DA:25,4
DA:26,4
DA:27,4
DA:28,4
DA:29,4
DA:30,4
DA:31,4
DA:32,1
DA:33,1
DA:34,1
DA:35,1
DA:36,1
DA:37,1
DA:38,1
DA:39,1
DA:40,1
DA:41,1
DA:42,1
DA:43,1
DA:44,1
DA:45,1
DA:46,1
DA:47,1
DA:48,1
DA:49,1
DA:50,1
DA:51,1
DA:52,1
DA:53,1
DA:54,1
DA:55,1
DA:56,1
DA:57,1
DA:58,1
DA:59,1
DA:60,1
DA:61,1
DA:62,1
DA:63,1
DA:64,1
DA:65,1
DA:66,1
DA:67,1
DA:68,1
DA:69,1
DA:70,1
DA:71,1
DA:72,1
DA:73,1
DA:74,1
DA:75,1
DA:76,1
DA:77,1
DA:78,1
DA:79,1
DA:80,1
DA:81,1
DA:82,1
DA:83,1
DA:84,1
DA:85,1
DA:86,1
DA:87,1
DA:88,1
DA:89,1
DA:90,1
DA:91,1
DA:92,1
DA:93,1
LH:93
LF:93
end_of_record
SF:test/wpt/xhr/xmlhttprequest-network-error-sync.js
FN:4,default
FN:10,anonymous_1
FN:13,anonymous_2
FNDA:1,default
FNDA:1,anonymous_1
FNDA:1,anonymous_2
FNF:3
FNH:3
BRDA:1,0,0,1
BRDA:4,1,0,1
BRDA:10,2,0,1
BRDA:13,3,0,1
BRF:4
BRH:4
DA:1,1
DA:2,1
DA:3,1
DA:4,1
DA:5,1
DA:6,1
DA:7,1
DA:8,1
DA:9,1
DA:10,1
DA:11,1
DA:12,1
DA:13,1
DA:14,1
DA:15,1
DA:16,1
DA:17,1
DA:18,1
DA:19,1
DA:20,1
DA:21,1
DA:22,1
DA:23,1
DA:24,1
DA:25,1
DA:26,1
DA:27,1
DA:28,1
DA:29,1
DA:30,1
DA:31,1
DA:32,1
DA:33,1
DA:34,1
DA:35,1
DA:36,1
DA:37,1
DA:38,1
DA:39,1
DA:40,1
DA:41,1
DA:42,1
DA:43,1
DA:44,1
DA:45,1
DA:46,1
DA:47,1
DA:48,1
DA:49,1
DA:50,1
DA:51,1
DA:52,1
DA:53,1
DA:54,1
DA:55,1
DA:56,1
DA:57,1
DA:58,1
DA:59,1
DA:60,1
DA:61,1
DA:62,1
DA:63,1
DA:64,1
DA:65,1
DA:66,1
DA:67,1
DA:68,1
DA:69,1
DA:70,1
DA:71,1
LH:71
LF:71
end_of_record
SF:test/wpt/xhr/xmlhttprequest-network-error.js
FN:4,default
FN:8,xhr.onreadystatechange
FNDA:1,default
FNDA:2,xhr.onreadystatechange
FNF:2
FNH:2
BRDA:1,0,0,1
BRDA:4,1,0,1
BRDA:8,2,0,2
BRDA:18,3,0,1
BRF:4
BRH:4
DA:1,1
DA:2,1
DA:3,1
DA:4,1
DA:5,1
DA:6,1
DA:7,1
DA:8,1
DA:9,2
DA:10,2
DA:11,2
DA:12,2
DA:13,2
DA:14,2
DA:15,2
DA:16,2
DA:17,2
DA:18,2
DA:19,1
DA:20,1
DA:21,1
DA:22,1
DA:23,1
DA:24,1
DA:25,1
DA:26,1
DA:27,1
DA:28,1
DA:29,1
DA:30,1
DA:31,1
DA:32,1
DA:33,1
DA:34,1
DA:35,1
DA:36,1
DA:37,1
DA:38,1
DA:39,1
DA:40,1
DA:41,1
DA:42,1
DA:43,1
DA:44,1
DA:45,1
DA:46,1
DA:47,1
DA:48,1
DA:49,1
DA:50,1
DA:51,1
DA:52,1
DA:53,1
DA:54,1
DA:55,1
DA:56,1
DA:57,1
DA:58,1
DA:59,1
DA:60,1
DA:61,1
DA:62,1
DA:63,1
DA:64,1
DA:65,1
DA:66,1
DA:67,1
DA:68,1
DA:69,1
DA:70,1
DA:71,1
LH:71
LF:71
end_of_record
SF:test/wpt/xhr/xmlhttprequest-unsent.js
FN:4,default
FN:9,anonymous_1
FN:12,anonymous_2
FN:21,anonymous_3
FN:24,anonymous_4
FNDA:1,default
FNDA:1,anonymous_1
FNDA:1,anonymous_2
FNDA:1,anonymous_3
FNDA:1,anonymous_4
FNF:5
FNH:5
BRDA:1,0,0,1
BRDA:4,1,0,1
BRDA:9,2,0,1
BRDA:12,3,0,1
BRDA:21,4,0,1
BRDA:24,5,0,1
BRF:6
BRH:6
DA:1,1
DA:2,1
DA:3,1
DA:4,1
DA:5,1
DA:6,1
DA:7,1
DA:8,1
DA:9,1
DA:10,1
DA:11,1
DA:12,1
DA:13,1
DA:14,1
DA:15,1
DA:16,1
DA:17,1
DA:18,1
DA:19,1
DA:20,1
DA:21,1
DA:22,1
DA:23,1
DA:24,1
DA:25,1
DA:26,1
DA:27,1
DA:28,1
DA:29,1
DA:30,1
DA:31,1
DA:32,1
DA:33,1
DA:34,1
DA:35,1
DA:36,1
DA:37,1
DA:38,1
DA:39,1
DA:40,1
DA:41,1
DA:42,1
DA:43,1
DA:44,1
DA:45,1
DA:46,1
DA:47,1
DA:48,1
DA:49,1
DA:50,1
DA:51,1
DA:52,1
DA:53,1
DA:54,1
DA:55,1
DA:56,1
DA:57,1
DA:58,1
DA:59,1
DA:60,1
DA:61,1
DA:62,1
DA:63,1
DA:64,1
DA:65,1
DA:66,1
DA:67,1
DA:68,1
DA:69,1
DA:70,1
DA:71,1
DA:72,1
DA:73,1
DA:74,1
DA:75,1
DA:76,1
DA:77,1
DA:78,1
DA:79,1
DA:80,1
DA:81,1
DA:82,1
DA:83,1
DA:84,1
LH:84
LF:84
end_of_record
